2023-12-11 14:35:35,484 - INFO - 
Config:
'add_train': False
'batch_size': 64
'continue_flag': ''
'cur_time': '2023_12_11_14_35_20'
'debug_mode': False
'debug_num': 500
'do_continue_train': False
'do_figure_save': False
'do_log_print_to_screen': True
'do_log_save_to_file': True
'do_predict': True
'do_train': True
'do_train_visualized': False
'dropout_rate': 0.2
'epoch': 20
'feature_columns': [2, 3, 4, 5, 6, 7, 8]
'figure_save_path': './figure/'
'hidden_size': 128
'input_size': 7
'label_columns': [4, 5]
'label_in_feature_index': [2, 3]
'learning_rate': 0.001
'log_save_path': './log/2023_12_11_14_35_20_pytorch/'
'lstm_layers': 2
'model_postfix': {'pytorch': '.pth'
'keras': '.h5'
'tensorflow': '.ckpt'}
'model_save_path': 'D:\\zcj\\myweb\\teststock\\prediction\\LSTMPredictStock\\saved_models/'
'output_size': 2
'patience': 5
'predict_day': 1
'random_seed': 42
'shuffle_train_data': True
'time_step': 20
'train_data_path': 'D:\\zcj\\myweb\\teststock\\prediction\\LSTMPredictStock\\data/py'
'train_data_rate': 0.95
'use_cuda': False
'used_frame': 'pytorch'
'valid_data_rate': 0.15
2023-12-11 14:35:35,921 - INFO - Epoch 0/20
2023-12-11 14:35:36,231 - INFO - The train loss is 0.714394. The valid loss is 0.299380.
2023-12-11 14:35:36,251 - INFO - Epoch 1/20
2023-12-11 14:35:36,509 - INFO - The train loss is 0.223443. The valid loss is 0.161240.
2023-12-11 14:35:36,514 - INFO - Epoch 2/20
2023-12-11 14:35:36,769 - INFO - The train loss is 0.136711. The valid loss is 0.118090.
2023-12-11 14:35:36,774 - INFO - Epoch 3/20
2023-12-11 14:35:37,029 - INFO - The train loss is 0.092328. The valid loss is 0.084535.
2023-12-11 14:35:37,034 - INFO - Epoch 4/20
2023-12-11 14:35:37,289 - INFO - The train loss is 0.069097. The valid loss is 0.067439.
2023-12-11 14:35:37,293 - INFO - Epoch 5/20
2023-12-11 14:35:37,565 - INFO - The train loss is 0.055455. The valid loss is 0.055239.
2023-12-11 14:35:37,570 - INFO - Epoch 6/20
2023-12-11 14:35:37,828 - INFO - The train loss is 0.046616. The valid loss is 0.046859.
2023-12-11 14:35:37,833 - INFO - Epoch 7/20
2023-12-11 14:35:38,090 - INFO - The train loss is 0.040281. The valid loss is 0.040520.
2023-12-11 14:35:38,094 - INFO - Epoch 8/20
2023-12-11 14:35:38,352 - INFO - The train loss is 0.035601. The valid loss is 0.035545.
2023-12-11 14:35:38,357 - INFO - Epoch 9/20
2023-12-11 14:35:38,614 - INFO - The train loss is 0.031826. The valid loss is 0.031403.
2023-12-11 14:35:38,618 - INFO - Epoch 10/20
2023-12-11 14:35:38,877 - INFO - The train loss is 0.028385. The valid loss is 0.027882.
2023-12-11 14:35:38,882 - INFO - Epoch 11/20
2023-12-11 14:35:39,134 - INFO - The train loss is 0.025685. The valid loss is 0.024938.
2023-12-11 14:35:39,139 - INFO - Epoch 12/20
2023-12-11 14:35:39,391 - INFO - The train loss is 0.023423. The valid loss is 0.022355.
2023-12-11 14:35:39,395 - INFO - Epoch 13/20
2023-12-11 14:35:39,639 - INFO - The train loss is 0.021270. The valid loss is 0.020090.
2023-12-11 14:35:39,644 - INFO - Epoch 14/20
2023-12-11 14:35:39,883 - INFO - The train loss is 0.019417. The valid loss is 0.018088.
2023-12-11 14:35:39,888 - INFO - Epoch 15/20
2023-12-11 14:35:40,126 - INFO - The train loss is 0.017684. The valid loss is 0.016332.
2023-12-11 14:35:40,131 - INFO - Epoch 16/20
2023-12-11 14:35:40,385 - INFO - The train loss is 0.016422. The valid loss is 0.014813.
2023-12-11 14:35:40,390 - INFO - Epoch 17/20
2023-12-11 14:35:40,653 - INFO - The train loss is 0.015049. The valid loss is 0.013481.
2023-12-11 14:35:40,658 - INFO - Epoch 18/20
2023-12-11 14:35:40,917 - INFO - The train loss is 0.014047. The valid loss is 0.012404.
2023-12-11 14:35:40,922 - INFO - Epoch 19/20
2023-12-11 14:35:41,163 - INFO - The train loss is 0.013273. The valid loss is 0.011447.
2023-12-11 14:35:41,178 - INFO - The mean squared error of stock ['low', 'high'] is [0.01578115 0.01642763]
