2023-12-11 12:15:25,237 - INFO - 
Config:
'add_train': False
'batch_size': 64
'continue_flag': ''
'cur_time': '2023_12_11_12_14_43'
'debug_mode': False
'debug_num': 500
'do_continue_train': False
'do_figure_save': False
'do_log_print_to_screen': True
'do_log_save_to_file': True
'do_predict': True
'do_train': True
'do_train_visualized': False
'dropout_rate': 0.2
'epoch': 20
'feature_columns': [2, 3, 4, 5, 6, 7, 8]
'figure_save_path': './figure/'
'hidden_size': 128
'input_size': 7
'label_columns': [4, 5]
'label_in_feature_index': [2, 3]
'learning_rate': 0.001
'log_save_path': './log/2023_12_11_12_14_43_pytorch/'
'lstm_layers': 2
'model_postfix': {'pytorch': '.pth'
'keras': '.h5'
'tensorflow': '.ckpt'}
'model_save_path': 'D:\\zcj\\myweb\\teststock\\prediction\\LSTMPredictStock\\saved_models/'
'output_size': 2
'patience': 5
'predict_day': 1
'random_seed': 42
'shuffle_train_data': True
'time_step': 20
'train_data_path': 'D:\\zcj\\myweb\\teststock\\prediction\\LSTMPredictStock\\data/py'
'train_data_rate': 0.95
'use_cuda': False
'used_frame': 'pytorch'
'valid_data_rate': 0.15
2023-12-11 12:15:25,635 - INFO - Epoch 0/20
2023-12-11 12:15:25,960 - INFO - The train loss is 0.664275. The valid loss is 0.249531.
2023-12-11 12:15:25,980 - INFO - Epoch 1/20
2023-12-11 12:15:26,245 - INFO - The train loss is 0.211304. The valid loss is 0.159219.
2023-12-11 12:15:26,250 - INFO - Epoch 2/20
2023-12-11 12:15:26,506 - INFO - The train loss is 0.140367. The valid loss is 0.120536.
2023-12-11 12:15:26,511 - INFO - Epoch 3/20
2023-12-11 12:15:26,766 - INFO - The train loss is 0.095830. The valid loss is 0.087920.
2023-12-11 12:15:26,771 - INFO - Epoch 4/20
2023-12-11 12:15:27,025 - INFO - The train loss is 0.071632. The valid loss is 0.068113.
2023-12-11 12:15:27,029 - INFO - Epoch 5/20
2023-12-11 12:15:27,283 - INFO - The train loss is 0.056917. The valid loss is 0.055217.
2023-12-11 12:15:27,288 - INFO - Epoch 6/20
2023-12-11 12:15:27,543 - INFO - The train loss is 0.046792. The valid loss is 0.046239.
2023-12-11 12:15:27,548 - INFO - Epoch 7/20
2023-12-11 12:15:27,807 - INFO - The train loss is 0.039830. The valid loss is 0.039572.
2023-12-11 12:15:27,811 - INFO - Epoch 8/20
2023-12-11 12:15:28,067 - INFO - The train loss is 0.034980. The valid loss is 0.034888.
2023-12-11 12:15:28,072 - INFO - Epoch 9/20
2023-12-11 12:15:28,327 - INFO - The train loss is 0.031584. The valid loss is 0.031094.
2023-12-11 12:15:28,332 - INFO - Epoch 10/20
2023-12-11 12:15:28,593 - INFO - The train loss is 0.028716. The valid loss is 0.027919.
2023-12-11 12:15:28,598 - INFO - Epoch 11/20
2023-12-11 12:15:28,851 - INFO - The train loss is 0.025902. The valid loss is 0.025229.
2023-12-11 12:15:28,855 - INFO - Epoch 12/20
2023-12-11 12:15:29,104 - INFO - The train loss is 0.023444. The valid loss is 0.022875.
2023-12-11 12:15:29,109 - INFO - Epoch 13/20
2023-12-11 12:15:29,350 - INFO - The train loss is 0.021579. The valid loss is 0.020719.
2023-12-11 12:15:29,356 - INFO - Epoch 14/20
2023-12-11 12:15:29,599 - INFO - The train loss is 0.020089. The valid loss is 0.018826.
2023-12-11 12:15:29,604 - INFO - Epoch 15/20
2023-12-11 12:15:29,850 - INFO - The train loss is 0.018283. The valid loss is 0.017157.
2023-12-11 12:15:29,856 - INFO - Epoch 16/20
2023-12-11 12:15:30,105 - INFO - The train loss is 0.017164. The valid loss is 0.015699.
2023-12-11 12:15:30,110 - INFO - Epoch 17/20
2023-12-11 12:15:30,365 - INFO - The train loss is 0.015893. The valid loss is 0.014425.
2023-12-11 12:15:30,370 - INFO - Epoch 18/20
2023-12-11 12:15:30,622 - INFO - The train loss is 0.014611. The valid loss is 0.013324.
2023-12-11 12:15:30,626 - INFO - Epoch 19/20
2023-12-11 12:15:30,868 - INFO - The train loss is 0.013824. The valid loss is 0.012401.
2023-12-11 12:15:30,882 - INFO - The mean squared error of stock ['low', 'high'] is [0.01862487 0.01620304]
2023-12-11 12:15:30,900 - ERROR - Run Error
Traceback (most recent call last):
  File "D:\zcj\myweb\teststock\prediction\LSTMPredictStock\pypredic.py", line 273, in main
    str(round(np.squeeze(predict_data[-config.predict_day:, i]),2)))
TypeError: type numpy.ndarray doesn't define __round__ method
2023-12-11 12:15:30,902 - ERROR - Internal Server Error: /prediction/pred
Traceback (most recent call last):
  File "D:\zcj\myweb\venv\lib\site-packages\django\core\handlers\exception.py", line 55, in inner
    response = get_response(request)
  File "D:\zcj\myweb\venv\lib\site-packages\django\core\handlers\base.py", line 197, in _get_response
    response = wrapped_callback(request, *callback_args, **callback_kwargs)
  File "D:\zcj\myweb\teststock\prediction\views.py", line 48, in pred
    info,label_X,predict_X,label_data,predict_data =pypredic.main(stock_code)
TypeError: cannot unpack non-iterable NoneType object
2023-12-11 12:16:52,901 - INFO - D:\zcj\myweb\teststock\prediction\LSTMPredictStock\pypredic.py changed, reloading.
