2023-12-11 09:34:50,289 - INFO - 
Config:
'add_train': False
'batch_size': 64
'continue_flag': ''
'cur_time': '2023_12_11_09_34_31'
'debug_mode': False
'debug_num': 500
'do_continue_train': False
'do_figure_save': False
'do_log_print_to_screen': True
'do_log_save_to_file': True
'do_predict': True
'do_train': True
'do_train_visualized': False
'dropout_rate': 0.2
'epoch': 20
'feature_columns': [2, 3, 4, 5, 6, 7, 8]
'figure_save_path': './figure/'
'hidden_size': 128
'input_size': 7
'label_columns': [4, 5]
'label_in_feature_index': [2, 3]
'learning_rate': 0.001
'log_save_path': './log/2023_12_11_09_34_31_pytorch/'
'lstm_layers': 2
'model_postfix': {'pytorch': '.pth'
'keras': '.h5'
'tensorflow': '.ckpt'}
'model_save_path': 'D:\\zcj\\myweb\\teststock\\prediction\\LSTMPredictStock\\saved_models/'
'output_size': 2
'patience': 5
'predict_day': 1
'random_seed': 42
'shuffle_train_data': True
'time_step': 20
'train_data_path': 'D:\\zcj\\myweb\\teststock\\prediction\\LSTMPredictStock\\data/py'
'train_data_rate': 0.95
'use_cuda': False
'used_frame': 'pytorch'
'valid_data_rate': 0.15
2023-12-11 09:34:50,772 - INFO - Epoch 0/20
2023-12-11 09:34:51,065 - INFO - The train loss is 0.666179. The valid loss is 0.240093.
2023-12-11 09:34:51,083 - INFO - Epoch 1/20
2023-12-11 09:34:51,319 - INFO - The train loss is 0.212395. The valid loss is 0.157482.
2023-12-11 09:34:51,324 - INFO - Epoch 2/20
2023-12-11 09:34:51,574 - INFO - The train loss is 0.147663. The valid loss is 0.117804.
2023-12-11 09:34:51,578 - INFO - Epoch 3/20
2023-12-11 09:34:51,814 - INFO - The train loss is 0.100838. The valid loss is 0.088053.
2023-12-11 09:34:51,819 - INFO - Epoch 4/20
2023-12-11 09:34:52,081 - INFO - The train loss is 0.074810. The valid loss is 0.070584.
2023-12-11 09:34:52,086 - INFO - Epoch 5/20
2023-12-11 09:34:52,343 - INFO - The train loss is 0.059013. The valid loss is 0.058132.
2023-12-11 09:34:52,347 - INFO - Epoch 6/20
2023-12-11 09:34:52,604 - INFO - The train loss is 0.049179. The valid loss is 0.048707.
2023-12-11 09:34:52,608 - INFO - Epoch 7/20
2023-12-11 09:34:52,862 - INFO - The train loss is 0.042368. The valid loss is 0.041972.
2023-12-11 09:34:52,867 - INFO - Epoch 8/20
2023-12-11 09:34:53,125 - INFO - The train loss is 0.036547. The valid loss is 0.036566.
2023-12-11 09:34:53,129 - INFO - Epoch 9/20
2023-12-11 09:34:53,387 - INFO - The train loss is 0.032718. The valid loss is 0.032240.
2023-12-11 09:34:53,392 - INFO - Epoch 10/20
2023-12-11 09:34:53,647 - INFO - The train loss is 0.029235. The valid loss is 0.028620.
2023-12-11 09:34:53,652 - INFO - Epoch 11/20
2023-12-11 09:34:53,903 - INFO - The train loss is 0.026410. The valid loss is 0.025587.
2023-12-11 09:34:53,908 - INFO - Epoch 12/20
2023-12-11 09:34:54,161 - INFO - The train loss is 0.023850. The valid loss is 0.022899.
2023-12-11 09:34:54,165 - INFO - Epoch 13/20
2023-12-11 09:34:54,420 - INFO - The train loss is 0.021706. The valid loss is 0.020501.
2023-12-11 09:34:54,424 - INFO - Epoch 14/20
2023-12-11 09:34:54,675 - INFO - The train loss is 0.019559. The valid loss is 0.018443.
2023-12-11 09:34:54,679 - INFO - Epoch 15/20
2023-12-11 09:34:54,922 - INFO - The train loss is 0.017931. The valid loss is 0.016627.
2023-12-11 09:34:54,926 - INFO - Epoch 16/20
2023-12-11 09:34:55,160 - INFO - The train loss is 0.016370. The valid loss is 0.014993.
2023-12-11 09:34:55,164 - INFO - Epoch 17/20
2023-12-11 09:34:55,397 - INFO - The train loss is 0.015312. The valid loss is 0.013608.
2023-12-11 09:34:55,402 - INFO - Epoch 18/20
2023-12-11 09:34:55,635 - INFO - The train loss is 0.014088. The valid loss is 0.012441.
2023-12-11 09:34:55,640 - INFO - Epoch 19/20
2023-12-11 09:34:55,879 - INFO - The train loss is 0.012926. The valid loss is 0.011458.
2023-12-11 09:34:55,894 - INFO - The mean squared error of stock ['low', 'high'] is [0.01628126 0.01504974]
2023-12-11 09:34:56,064 - INFO - The predicted stock low for the next 1 day(s) is: 36.769249847091984
2023-12-11 09:34:56,152 - INFO - The predicted stock high for the next 1 day(s) is: 38.161723990469014
2023-12-11 09:56:14,385 - INFO - D:\zcj\myweb\teststock\prediction\LSTMPredictStock\model\model_pytorch.py changed, reloading.
