2023-12-16 17:54:16,347 - INFO - 
Config:
'add_train': False
'batch_size': 64
'continue_flag': ''
'cur_time': '2023_12_16_17_47_51'
'debug_mode': False
'debug_num': 500
'do_continue_train': False
'do_figure_save': False
'do_log_print_to_screen': True
'do_log_save_to_file': True
'do_predict': True
'do_train': True
'do_train_visualized': False
'dropout_rate': 0.2
'epoch': 20
'feature_columns': [2, 3, 4, 5, 6, 7, 8]
'figure_save_path': './figure/'
'hidden_size': 128
'input_size': 7
'label_columns': [4, 5]
'label_in_feature_index': [2, 3]
'learning_rate': 0.001
'log_save_path': './log/2023_12_16_17_47_51_pytorch/'
'lstm_layers': 2
'model_postfix': {'pytorch': '.pth'
'keras': '.h5'
'tensorflow': '.ckpt'}
'model_save_path': 'D:\\zcj\\myweb\\teststock\\prediction\\LSTMPredictStock\\saved_models/'
'output_size': 2
'patience': 5
'predict_day': 1
'random_seed': 42
'shuffle_train_data': True
'time_step': 20
'train_data_path': 'D:\\zcj\\myweb\\teststock\\prediction\\LSTMPredictStock\\data/py'
'train_data_rate': 0.95
'use_cuda': False
'used_frame': 'pytorch'
'valid_data_rate': 0.15
2023-12-16 17:54:16,823 - INFO - Epoch 0/20
2023-12-16 17:54:18,361 - INFO - The train loss is 0.304223. The valid loss is 0.066924.
2023-12-16 17:54:18,381 - INFO - Epoch 1/20
2023-12-16 17:54:19,798 - INFO - The train loss is 0.046995. The valid loss is 0.028454.
2023-12-16 17:54:19,803 - INFO - Epoch 2/20
2023-12-16 17:54:21,067 - INFO - The train loss is 0.025255. The valid loss is 0.015777.
2023-12-16 17:54:21,072 - INFO - Epoch 3/20
2023-12-16 17:54:22,378 - INFO - The train loss is 0.016243. The valid loss is 0.009797.
2023-12-16 17:54:22,383 - INFO - Epoch 4/20
2023-12-16 17:54:23,688 - INFO - The train loss is 0.012485. The valid loss is 0.007339.
2023-12-16 17:54:23,692 - INFO - Epoch 5/20
2023-12-16 17:54:24,994 - INFO - The train loss is 0.010590. The valid loss is 0.006172.
2023-12-16 17:54:24,998 - INFO - Epoch 6/20
2023-12-16 17:54:26,386 - INFO - The train loss is 0.009716. The valid loss is 0.005463.
2023-12-16 17:54:26,391 - INFO - Epoch 7/20
2023-12-16 17:54:27,720 - INFO - The train loss is 0.009096. The valid loss is 0.005156.
2023-12-16 17:54:27,725 - INFO - Epoch 8/20
2023-12-16 17:54:29,013 - INFO - The train loss is 0.008586. The valid loss is 0.005105.
2023-12-16 17:54:29,017 - INFO - Epoch 9/20
2023-12-16 17:54:30,306 - INFO - The train loss is 0.008509. The valid loss is 0.004928.
2023-12-16 17:54:30,312 - INFO - Epoch 10/20
2023-12-16 17:54:31,607 - INFO - The train loss is 0.008120. The valid loss is 0.004860.
2023-12-16 17:54:31,611 - INFO - Epoch 11/20
2023-12-16 17:54:32,919 - INFO - The train loss is 0.008087. The valid loss is 0.004783.
2023-12-16 17:54:32,923 - INFO - Epoch 12/20
2023-12-16 17:54:34,215 - INFO - The train loss is 0.007890. The valid loss is 0.004776.
2023-12-16 17:54:34,221 - INFO - Epoch 13/20
2023-12-16 17:54:35,509 - INFO - The train loss is 0.007854. The valid loss is 0.004723.
2023-12-16 17:54:35,513 - INFO - Epoch 14/20
2023-12-16 17:54:36,810 - INFO - The train loss is 0.007765. The valid loss is 0.004722.
2023-12-16 17:54:36,815 - INFO - Epoch 15/20
2023-12-16 17:54:38,115 - INFO - The train loss is 0.007610. The valid loss is 0.004741.
2023-12-16 17:54:38,116 - INFO - Epoch 16/20
2023-12-16 17:54:39,419 - INFO - The train loss is 0.007623. The valid loss is 0.004605.
2023-12-16 17:54:39,423 - INFO - Epoch 17/20
2023-12-16 17:54:40,776 - INFO - The train loss is 0.007583. The valid loss is 0.004987.
2023-12-16 17:54:40,777 - INFO - Epoch 18/20
2023-12-16 17:54:42,206 - INFO - The train loss is 0.007544. The valid loss is 0.004651.
2023-12-16 17:54:42,208 - INFO - Epoch 19/20
2023-12-16 17:54:43,570 - INFO - The train loss is 0.007445. The valid loss is 0.004596.
2023-12-16 17:54:43,596 - INFO - The mean squared error of stock ['low', 'high'] is [0.00074089 0.00203598]
2023-12-16 17:56:08,680 - WARNING - Early stopping conditioned on metric `val_loss` which is not available. Available metrics are: loss
2023-12-16 17:56:08,680 - WARNING - Can save best model only with val_loss available, skipping.
