2023-12-13 02:26:54,350 - INFO - 
Config:
'add_train': False
'batch_size': 64
'continue_flag': ''
'cur_time': '2023_12_13_02_19_15'
'debug_mode': False
'debug_num': 500
'do_continue_train': False
'do_figure_save': False
'do_log_print_to_screen': True
'do_log_save_to_file': True
'do_predict': True
'do_train': True
'do_train_visualized': False
'dropout_rate': 0.2
'epoch': 20
'feature_columns': [2, 3, 4, 5, 6, 7, 8]
'figure_save_path': './figure/'
'hidden_size': 128
'input_size': 7
'label_columns': [4, 5]
'label_in_feature_index': [2, 3]
'learning_rate': 0.001
'log_save_path': './log/2023_12_13_02_19_15_pytorch/'
'lstm_layers': 2
'model_postfix': {'pytorch': '.pth'
'keras': '.h5'
'tensorflow': '.ckpt'}
'model_save_path': 'D:\\zcj\\myweb\\teststock\\prediction\\LSTMPredictStock\\saved_models/'
'output_size': 2
'patience': 5
'predict_day': 1
'random_seed': 42
'shuffle_train_data': True
'time_step': 20
'train_data_path': 'D:\\zcj\\myweb\\teststock\\prediction\\LSTMPredictStock\\data/py'
'train_data_rate': 0.95
'use_cuda': False
'used_frame': 'pytorch'
'valid_data_rate': 0.15
2023-12-13 02:26:56,372 - INFO - Epoch 0/20
2023-12-13 02:26:59,388 - INFO - The train loss is 0.615646. The valid loss is 0.210725.
2023-12-13 02:26:59,500 - INFO - Epoch 1/20
2023-12-13 02:27:00,025 - INFO - The train loss is 0.198045. The valid loss is 0.109370.
2023-12-13 02:27:00,031 - INFO - Epoch 2/20
2023-12-13 02:27:00,537 - INFO - The train loss is 0.084954. The valid loss is 0.060221.
2023-12-13 02:27:00,542 - INFO - Epoch 3/20
2023-12-13 02:27:01,073 - INFO - The train loss is 0.053636. The valid loss is 0.041962.
2023-12-13 02:27:01,078 - INFO - Epoch 4/20
2023-12-13 02:27:01,604 - INFO - The train loss is 0.040577. The valid loss is 0.032651.
2023-12-13 02:27:01,611 - INFO - Epoch 5/20
2023-12-13 02:27:02,121 - INFO - The train loss is 0.032918. The valid loss is 0.027131.
2023-12-13 02:27:02,127 - INFO - Epoch 6/20
2023-12-13 02:27:02,668 - INFO - The train loss is 0.028077. The valid loss is 0.023381.
2023-12-13 02:27:02,676 - INFO - Epoch 7/20
2023-12-13 02:27:03,211 - INFO - The train loss is 0.025122. The valid loss is 0.020704.
2023-12-13 02:27:03,217 - INFO - Epoch 8/20
2023-12-13 02:27:03,734 - INFO - The train loss is 0.022731. The valid loss is 0.018755.
2023-12-13 02:27:03,739 - INFO - Epoch 9/20
2023-12-13 02:27:04,266 - INFO - The train loss is 0.021224. The valid loss is 0.017339.
2023-12-13 02:27:04,271 - INFO - Epoch 10/20
2023-12-13 02:27:04,813 - INFO - The train loss is 0.019713. The valid loss is 0.016039.
2023-12-13 02:27:04,818 - INFO - Epoch 11/20
2023-12-13 02:27:05,328 - INFO - The train loss is 0.018121. The valid loss is 0.015283.
2023-12-13 02:27:05,334 - INFO - Epoch 12/20
2023-12-13 02:27:05,919 - INFO - The train loss is 0.017919. The valid loss is 0.014568.
2023-12-13 02:27:05,925 - INFO - Epoch 13/20
2023-12-13 02:27:06,524 - INFO - The train loss is 0.016974. The valid loss is 0.013837.
2023-12-13 02:27:06,529 - INFO - Epoch 14/20
2023-12-13 02:27:07,080 - INFO - The train loss is 0.017127. The valid loss is 0.013774.
2023-12-13 02:27:07,086 - INFO - Epoch 15/20
2023-12-13 02:27:07,712 - INFO - The train loss is 0.016160. The valid loss is 0.013131.
2023-12-13 02:27:07,721 - INFO - Epoch 16/20
2023-12-13 02:27:08,288 - INFO - The train loss is 0.015769. The valid loss is 0.012706.
2023-12-13 02:27:08,295 - INFO - Epoch 17/20
2023-12-13 02:27:08,886 - INFO - The train loss is 0.015591. The valid loss is 0.012561.
2023-12-13 02:27:08,891 - INFO - Epoch 18/20
2023-12-13 02:27:09,448 - INFO - The train loss is 0.015458. The valid loss is 0.012545.
2023-12-13 02:27:09,452 - INFO - Epoch 19/20
2023-12-13 02:27:09,961 - INFO - The train loss is 0.015483. The valid loss is 0.012548.
2023-12-13 02:27:10,475 - INFO - The mean squared error of stock ['low', 'high'] is [0.00137948 0.00247719]
