2023-12-11 13:18:04,024 - INFO - 
Config:
'add_train': False
'batch_size': 64
'continue_flag': ''
'cur_time': '2023_12_11_13_17_45'
'debug_mode': False
'debug_num': 500
'do_continue_train': False
'do_figure_save': False
'do_log_print_to_screen': True
'do_log_save_to_file': True
'do_predict': True
'do_train': True
'do_train_visualized': False
'dropout_rate': 0.2
'epoch': 20
'feature_columns': [2, 3, 4, 5, 6, 7, 8]
'figure_save_path': './figure/'
'hidden_size': 128
'input_size': 7
'label_columns': [4, 5]
'label_in_feature_index': [2, 3]
'learning_rate': 0.001
'log_save_path': './log/2023_12_11_13_17_45_pytorch/'
'lstm_layers': 2
'model_postfix': {'pytorch': '.pth'
'keras': '.h5'
'tensorflow': '.ckpt'}
'model_save_path': 'D:\\zcj\\myweb\\teststock\\prediction\\LSTMPredictStock\\saved_models/'
'output_size': 2
'patience': 5
'predict_day': 1
'random_seed': 42
'shuffle_train_data': True
'time_step': 20
'train_data_path': 'D:\\zcj\\myweb\\teststock\\prediction\\LSTMPredictStock\\data/py'
'train_data_rate': 0.95
'use_cuda': False
'used_frame': 'pytorch'
'valid_data_rate': 0.15
2023-12-11 13:18:04,476 - INFO - Epoch 0/20
2023-12-11 13:18:04,809 - INFO - The train loss is 0.691202. The valid loss is 0.290045.
2023-12-11 13:18:04,829 - INFO - Epoch 1/20
2023-12-11 13:18:05,089 - INFO - The train loss is 0.226102. The valid loss is 0.171634.
2023-12-11 13:18:05,094 - INFO - Epoch 2/20
2023-12-11 13:18:05,350 - INFO - The train loss is 0.139351. The valid loss is 0.122502.
2023-12-11 13:18:05,354 - INFO - Epoch 3/20
2023-12-11 13:18:05,614 - INFO - The train loss is 0.094797. The valid loss is 0.085597.
2023-12-11 13:18:05,619 - INFO - Epoch 4/20
2023-12-11 13:18:05,874 - INFO - The train loss is 0.069450. The valid loss is 0.066898.
2023-12-11 13:18:05,879 - INFO - Epoch 5/20
2023-12-11 13:18:06,134 - INFO - The train loss is 0.055946. The valid loss is 0.055026.
2023-12-11 13:18:06,139 - INFO - Epoch 6/20
2023-12-11 13:18:06,393 - INFO - The train loss is 0.046240. The valid loss is 0.046089.
2023-12-11 13:18:06,397 - INFO - Epoch 7/20
2023-12-11 13:18:06,654 - INFO - The train loss is 0.039947. The valid loss is 0.039858.
2023-12-11 13:18:06,659 - INFO - Epoch 8/20
2023-12-11 13:18:06,915 - INFO - The train loss is 0.035378. The valid loss is 0.034946.
2023-12-11 13:18:06,920 - INFO - Epoch 9/20
2023-12-11 13:18:07,175 - INFO - The train loss is 0.031543. The valid loss is 0.030946.
2023-12-11 13:18:07,180 - INFO - Epoch 10/20
2023-12-11 13:18:07,429 - INFO - The train loss is 0.028189. The valid loss is 0.027556.
2023-12-11 13:18:07,434 - INFO - Epoch 11/20
2023-12-11 13:18:07,683 - INFO - The train loss is 0.025497. The valid loss is 0.024624.
2023-12-11 13:18:07,688 - INFO - Epoch 12/20
2023-12-11 13:18:07,926 - INFO - The train loss is 0.023011. The valid loss is 0.022075.
2023-12-11 13:18:07,930 - INFO - Epoch 13/20
2023-12-11 13:18:08,173 - INFO - The train loss is 0.020806. The valid loss is 0.019812.
2023-12-11 13:18:08,178 - INFO - Epoch 14/20
2023-12-11 13:18:08,431 - INFO - The train loss is 0.019057. The valid loss is 0.017859.
2023-12-11 13:18:08,435 - INFO - Epoch 15/20
2023-12-11 13:18:08,697 - INFO - The train loss is 0.017531. The valid loss is 0.016106.
2023-12-11 13:18:08,703 - INFO - Epoch 16/20
2023-12-11 13:18:08,961 - INFO - The train loss is 0.016099. The valid loss is 0.014642.
2023-12-11 13:18:08,965 - INFO - Epoch 17/20
2023-12-11 13:18:09,222 - INFO - The train loss is 0.014787. The valid loss is 0.013402.
2023-12-11 13:18:09,226 - INFO - Epoch 18/20
2023-12-11 13:18:09,481 - INFO - The train loss is 0.013894. The valid loss is 0.012333.
2023-12-11 13:18:09,486 - INFO - Epoch 19/20
2023-12-11 13:18:09,748 - INFO - The train loss is 0.012883. The valid loss is 0.011467.
2023-12-11 13:18:09,764 - INFO - The mean squared error of stock ['low', 'high'] is [0.01305094 0.01551528]
