2023-12-11 13:44:29,997 - INFO - 
Config:
'add_train': False
'batch_size': 64
'continue_flag': ''
'cur_time': '2023_12_11_13_43_55'
'debug_mode': False
'debug_num': 500
'do_continue_train': False
'do_figure_save': False
'do_log_print_to_screen': True
'do_log_save_to_file': True
'do_predict': True
'do_train': True
'do_train_visualized': False
'dropout_rate': 0.2
'epoch': 20
'feature_columns': [2, 3, 4, 5, 6, 7, 8]
'figure_save_path': './figure/'
'hidden_size': 128
'input_size': 7
'label_columns': [4, 5]
'label_in_feature_index': [2, 3]
'learning_rate': 0.001
'log_save_path': './log/2023_12_11_13_43_55_pytorch/'
'lstm_layers': 2
'model_postfix': {'pytorch': '.pth'
'keras': '.h5'
'tensorflow': '.ckpt'}
'model_save_path': 'D:\\zcj\\myweb\\teststock\\prediction\\LSTMPredictStock\\saved_models/'
'output_size': 2
'patience': 5
'predict_day': 1
'random_seed': 42
'shuffle_train_data': True
'time_step': 20
'train_data_path': 'D:\\zcj\\myweb\\teststock\\prediction\\LSTMPredictStock\\data/py'
'train_data_rate': 0.95
'use_cuda': False
'used_frame': 'pytorch'
'valid_data_rate': 0.15
2023-12-11 13:44:30,503 - INFO - Epoch 0/20
2023-12-11 13:44:30,810 - INFO - The train loss is 0.673440. The valid loss is 0.263478.
2023-12-11 13:44:30,830 - INFO - Epoch 1/20
2023-12-11 13:44:31,069 - INFO - The train loss is 0.225688. The valid loss is 0.167232.
2023-12-11 13:44:31,074 - INFO - Epoch 2/20
2023-12-11 13:44:31,311 - INFO - The train loss is 0.149139. The valid loss is 0.124515.
2023-12-11 13:44:31,316 - INFO - Epoch 3/20
2023-12-11 13:44:31,565 - INFO - The train loss is 0.099605. The valid loss is 0.086635.
2023-12-11 13:44:31,570 - INFO - Epoch 4/20
2023-12-11 13:44:31,822 - INFO - The train loss is 0.071405. The valid loss is 0.065779.
2023-12-11 13:44:31,827 - INFO - Epoch 5/20
2023-12-11 13:44:32,084 - INFO - The train loss is 0.055896. The valid loss is 0.054089.
2023-12-11 13:44:32,088 - INFO - Epoch 6/20
2023-12-11 13:44:32,348 - INFO - The train loss is 0.046487. The valid loss is 0.045618.
2023-12-11 13:44:32,353 - INFO - Epoch 7/20
2023-12-11 13:44:32,611 - INFO - The train loss is 0.040076. The valid loss is 0.039527.
2023-12-11 13:44:32,615 - INFO - Epoch 8/20
2023-12-11 13:44:32,879 - INFO - The train loss is 0.035439. The valid loss is 0.034769.
2023-12-11 13:44:32,883 - INFO - Epoch 9/20
2023-12-11 13:44:33,139 - INFO - The train loss is 0.031741. The valid loss is 0.030840.
2023-12-11 13:44:33,143 - INFO - Epoch 10/20
2023-12-11 13:44:33,399 - INFO - The train loss is 0.028416. The valid loss is 0.027608.
2023-12-11 13:44:33,404 - INFO - Epoch 11/20
2023-12-11 13:44:33,661 - INFO - The train loss is 0.025691. The valid loss is 0.024803.
2023-12-11 13:44:33,666 - INFO - Epoch 12/20
2023-12-11 13:44:33,926 - INFO - The train loss is 0.023505. The valid loss is 0.022412.
2023-12-11 13:44:33,930 - INFO - Epoch 13/20
2023-12-11 13:44:34,189 - INFO - The train loss is 0.021336. The valid loss is 0.020246.
2023-12-11 13:44:34,194 - INFO - Epoch 14/20
2023-12-11 13:44:34,455 - INFO - The train loss is 0.019678. The valid loss is 0.018355.
2023-12-11 13:44:34,460 - INFO - Epoch 15/20
2023-12-11 13:44:34,729 - INFO - The train loss is 0.018206. The valid loss is 0.016673.
2023-12-11 13:44:34,734 - INFO - Epoch 16/20
2023-12-11 13:44:34,979 - INFO - The train loss is 0.016736. The valid loss is 0.015257.
2023-12-11 13:44:34,983 - INFO - Epoch 17/20
2023-12-11 13:44:35,219 - INFO - The train loss is 0.015354. The valid loss is 0.013985.
2023-12-11 13:44:35,224 - INFO - Epoch 18/20
2023-12-11 13:44:35,461 - INFO - The train loss is 0.014442. The valid loss is 0.012900.
2023-12-11 13:44:35,465 - INFO - Epoch 19/20
2023-12-11 13:44:35,706 - INFO - The train loss is 0.013555. The valid loss is 0.011890.
2023-12-11 13:44:35,719 - INFO - The mean squared error of stock ['low', 'high'] is [0.01661873 0.01430071]
2023-12-11 13:45:06,046 - INFO - 
Config:
'add_train': False
'batch_size': 64
'continue_flag': ''
'cur_time': '2023_12_11_13_43_55'
'debug_mode': False
'debug_num': 500
'do_continue_train': False
'do_figure_save': False
'do_log_print_to_screen': True
'do_log_save_to_file': True
'do_predict': True
'do_train': True
'do_train_visualized': False
'dropout_rate': 0.2
'epoch': 20
'feature_columns': [2, 3, 4, 5, 6, 7, 8]
'figure_save_path': './figure/'
'hidden_size': 128
'input_size': 7
'label_columns': [4, 5]
'label_in_feature_index': [2, 3]
'learning_rate': 0.001
'log_save_path': './log/2023_12_11_13_43_55_pytorch/'
'lstm_layers': 2
'model_postfix': {'pytorch': '.pth'
'keras': '.h5'
'tensorflow': '.ckpt'}
'model_save_path': 'D:\\zcj\\myweb\\teststock\\prediction\\LSTMPredictStock\\saved_models/'
'output_size': 2
'patience': 5
'predict_day': 1
'random_seed': 42
'shuffle_train_data': True
'time_step': 20
'train_data_path': 'D:\\zcj\\myweb\\teststock\\prediction\\LSTMPredictStock\\data/py'
'train_data_rate': 0.95
'use_cuda': False
'used_frame': 'pytorch'
'valid_data_rate': 0.15
2023-12-11 13:45:06,046 - INFO - 
Config:
'add_train': False
'batch_size': 64
'continue_flag': ''
'cur_time': '2023_12_11_13_43_55'
'debug_mode': False
'debug_num': 500
'do_continue_train': False
'do_figure_save': False
'do_log_print_to_screen': True
'do_log_save_to_file': True
'do_predict': True
'do_train': True
'do_train_visualized': False
'dropout_rate': 0.2
'epoch': 20
'feature_columns': [2, 3, 4, 5, 6, 7, 8]
'figure_save_path': './figure/'
'hidden_size': 128
'input_size': 7
'label_columns': [4, 5]
'label_in_feature_index': [2, 3]
'learning_rate': 0.001
'log_save_path': './log/2023_12_11_13_43_55_pytorch/'
'lstm_layers': 2
'model_postfix': {'pytorch': '.pth'
'keras': '.h5'
'tensorflow': '.ckpt'}
'model_save_path': 'D:\\zcj\\myweb\\teststock\\prediction\\LSTMPredictStock\\saved_models/'
'output_size': 2
'patience': 5
'predict_day': 1
'random_seed': 42
'shuffle_train_data': True
'time_step': 20
'train_data_path': 'D:\\zcj\\myweb\\teststock\\prediction\\LSTMPredictStock\\data/py'
'train_data_rate': 0.95
'use_cuda': False
'used_frame': 'pytorch'
'valid_data_rate': 0.15
2023-12-11 13:45:06,062 - INFO - Epoch 0/20
2023-12-11 13:45:06,062 - INFO - Epoch 0/20
2023-12-11 13:45:06,340 - INFO - The train loss is 0.666108. The valid loss is 0.252651.
2023-12-11 13:45:06,340 - INFO - The train loss is 0.666108. The valid loss is 0.252651.
2023-12-11 13:45:06,346 - INFO - Epoch 1/20
2023-12-11 13:45:06,346 - INFO - Epoch 1/20
2023-12-11 13:45:06,602 - INFO - The train loss is 0.220442. The valid loss is 0.161528.
2023-12-11 13:45:06,602 - INFO - The train loss is 0.220442. The valid loss is 0.161528.
2023-12-11 13:45:06,607 - INFO - Epoch 2/20
2023-12-11 13:45:06,607 - INFO - Epoch 2/20
2023-12-11 13:45:06,844 - INFO - The train loss is 0.151254. The valid loss is 0.123307.
2023-12-11 13:45:06,844 - INFO - The train loss is 0.151254. The valid loss is 0.123307.
2023-12-11 13:45:06,849 - INFO - Epoch 3/20
2023-12-11 13:45:06,849 - INFO - Epoch 3/20
2023-12-11 13:45:07,088 - INFO - The train loss is 0.103390. The valid loss is 0.087614.
2023-12-11 13:45:07,088 - INFO - The train loss is 0.103390. The valid loss is 0.087614.
2023-12-11 13:45:07,093 - INFO - Epoch 4/20
2023-12-11 13:45:07,093 - INFO - Epoch 4/20
2023-12-11 13:45:07,330 - INFO - The train loss is 0.072866. The valid loss is 0.068028.
2023-12-11 13:45:07,330 - INFO - The train loss is 0.072866. The valid loss is 0.068028.
2023-12-11 13:45:07,334 - INFO - Epoch 5/20
2023-12-11 13:45:07,334 - INFO - Epoch 5/20
2023-12-11 13:45:07,585 - INFO - The train loss is 0.057009. The valid loss is 0.056069.
2023-12-11 13:45:07,585 - INFO - The train loss is 0.057009. The valid loss is 0.056069.
2023-12-11 13:45:07,594 - INFO - Epoch 6/20
2023-12-11 13:45:07,594 - INFO - Epoch 6/20
2023-12-11 13:45:07,851 - INFO - The train loss is 0.047579. The valid loss is 0.047503.
2023-12-11 13:45:07,851 - INFO - The train loss is 0.047579. The valid loss is 0.047503.
2023-12-11 13:45:07,856 - INFO - Epoch 7/20
2023-12-11 13:45:07,856 - INFO - Epoch 7/20
2023-12-11 13:45:08,111 - INFO - The train loss is 0.040920. The valid loss is 0.041293.
2023-12-11 13:45:08,111 - INFO - The train loss is 0.040920. The valid loss is 0.041293.
2023-12-11 13:45:08,115 - INFO - Epoch 8/20
2023-12-11 13:45:08,115 - INFO - Epoch 8/20
2023-12-11 13:45:08,354 - INFO - The train loss is 0.036114. The valid loss is 0.036097.
2023-12-11 13:45:08,354 - INFO - The train loss is 0.036114. The valid loss is 0.036097.
2023-12-11 13:45:08,359 - INFO - Epoch 9/20
2023-12-11 13:45:08,359 - INFO - Epoch 9/20
2023-12-11 13:45:08,600 - INFO - The train loss is 0.032299. The valid loss is 0.031947.
2023-12-11 13:45:08,600 - INFO - The train loss is 0.032299. The valid loss is 0.031947.
2023-12-11 13:45:08,605 - INFO - Epoch 10/20
2023-12-11 13:45:08,605 - INFO - Epoch 10/20
2023-12-11 13:45:08,844 - INFO - The train loss is 0.029105. The valid loss is 0.028510.
2023-12-11 13:45:08,844 - INFO - The train loss is 0.029105. The valid loss is 0.028510.
2023-12-11 13:45:08,848 - INFO - Epoch 11/20
2023-12-11 13:45:08,848 - INFO - Epoch 11/20
2023-12-11 13:45:09,088 - INFO - The train loss is 0.026446. The valid loss is 0.025682.
2023-12-11 13:45:09,088 - INFO - The train loss is 0.026446. The valid loss is 0.025682.
2023-12-11 13:45:09,093 - INFO - Epoch 12/20
2023-12-11 13:45:09,093 - INFO - Epoch 12/20
2023-12-11 13:45:09,343 - INFO - The train loss is 0.023998. The valid loss is 0.023142.
2023-12-11 13:45:09,343 - INFO - The train loss is 0.023998. The valid loss is 0.023142.
2023-12-11 13:45:09,348 - INFO - Epoch 13/20
2023-12-11 13:45:09,348 - INFO - Epoch 13/20
2023-12-11 13:45:09,604 - INFO - The train loss is 0.021907. The valid loss is 0.020963.
2023-12-11 13:45:09,604 - INFO - The train loss is 0.021907. The valid loss is 0.020963.
2023-12-11 13:45:09,609 - INFO - Epoch 14/20
2023-12-11 13:45:09,609 - INFO - Epoch 14/20
2023-12-11 13:45:09,852 - INFO - The train loss is 0.020224. The valid loss is 0.019120.
2023-12-11 13:45:09,852 - INFO - The train loss is 0.020224. The valid loss is 0.019120.
2023-12-11 13:45:09,857 - INFO - Epoch 15/20
2023-12-11 13:45:09,857 - INFO - Epoch 15/20
2023-12-11 13:45:10,095 - INFO - The train loss is 0.018679. The valid loss is 0.017453.
2023-12-11 13:45:10,095 - INFO - The train loss is 0.018679. The valid loss is 0.017453.
2023-12-11 13:45:10,100 - INFO - Epoch 16/20
2023-12-11 13:45:10,100 - INFO - Epoch 16/20
2023-12-11 13:45:10,337 - INFO - The train loss is 0.017182. The valid loss is 0.015934.
2023-12-11 13:45:10,337 - INFO - The train loss is 0.017182. The valid loss is 0.015934.
2023-12-11 13:45:10,342 - INFO - Epoch 17/20
2023-12-11 13:45:10,342 - INFO - Epoch 17/20
2023-12-11 13:45:10,583 - INFO - The train loss is 0.016245. The valid loss is 0.014640.
2023-12-11 13:45:10,583 - INFO - The train loss is 0.016245. The valid loss is 0.014640.
2023-12-11 13:45:10,588 - INFO - Epoch 18/20
2023-12-11 13:45:10,588 - INFO - Epoch 18/20
2023-12-11 13:45:10,836 - INFO - The train loss is 0.014922. The valid loss is 0.013523.
2023-12-11 13:45:10,836 - INFO - The train loss is 0.014922. The valid loss is 0.013523.
2023-12-11 13:45:10,842 - INFO - Epoch 19/20
2023-12-11 13:45:10,842 - INFO - Epoch 19/20
2023-12-11 13:45:11,096 - INFO - The train loss is 0.013892. The valid loss is 0.012578.
2023-12-11 13:45:11,096 - INFO - The train loss is 0.013892. The valid loss is 0.012578.
2023-12-11 13:45:11,109 - INFO - The mean squared error of stock ['low', 'high'] is [0.01720517 0.01784779]
2023-12-11 13:45:11,109 - INFO - The mean squared error of stock ['low', 'high'] is [0.01720517 0.01784779]
