2023-12-11 12:52:28,129 - INFO - 
Config:
'add_train': False
'batch_size': 64
'continue_flag': ''
'cur_time': '2023_12_11_12_52_13'
'debug_mode': False
'debug_num': 500
'do_continue_train': False
'do_figure_save': False
'do_log_print_to_screen': True
'do_log_save_to_file': True
'do_predict': True
'do_train': True
'do_train_visualized': False
'dropout_rate': 0.2
'epoch': 20
'feature_columns': [2, 3, 4, 5, 6, 7, 8]
'figure_save_path': './figure/'
'hidden_size': 128
'input_size': 7
'label_columns': [4, 5]
'label_in_feature_index': [2, 3]
'learning_rate': 0.001
'log_save_path': './log/2023_12_11_12_52_13_pytorch/'
'lstm_layers': 2
'model_postfix': {'pytorch': '.pth'
'keras': '.h5'
'tensorflow': '.ckpt'}
'model_save_path': 'D:\\zcj\\myweb\\teststock\\prediction\\LSTMPredictStock\\saved_models/'
'output_size': 2
'patience': 5
'predict_day': 1
'random_seed': 42
'shuffle_train_data': True
'time_step': 20
'train_data_path': 'D:\\zcj\\myweb\\teststock\\prediction\\LSTMPredictStock\\data/py'
'train_data_rate': 0.95
'use_cuda': False
'used_frame': 'pytorch'
'valid_data_rate': 0.15
2023-12-11 12:52:28,580 - INFO - Epoch 0/20
2023-12-11 12:52:28,883 - INFO - The train loss is 0.723381. The valid loss is 0.310053.
2023-12-11 12:52:28,902 - INFO - Epoch 1/20
2023-12-11 12:52:29,149 - INFO - The train loss is 0.228741. The valid loss is 0.160117.
2023-12-11 12:52:29,153 - INFO - Epoch 2/20
2023-12-11 12:52:29,395 - INFO - The train loss is 0.141524. The valid loss is 0.118123.
2023-12-11 12:52:29,399 - INFO - Epoch 3/20
2023-12-11 12:52:29,648 - INFO - The train loss is 0.096265. The valid loss is 0.085405.
2023-12-11 12:52:29,653 - INFO - Epoch 4/20
2023-12-11 12:52:29,895 - INFO - The train loss is 0.070878. The valid loss is 0.068096.
2023-12-11 12:52:29,900 - INFO - Epoch 5/20
2023-12-11 12:52:30,167 - INFO - The train loss is 0.057032. The valid loss is 0.055422.
2023-12-11 12:52:30,172 - INFO - Epoch 6/20
2023-12-11 12:52:30,428 - INFO - The train loss is 0.047689. The valid loss is 0.047092.
2023-12-11 12:52:30,432 - INFO - Epoch 7/20
2023-12-11 12:52:30,695 - INFO - The train loss is 0.041179. The valid loss is 0.040958.
2023-12-11 12:52:30,700 - INFO - Epoch 8/20
2023-12-11 12:52:30,963 - INFO - The train loss is 0.036570. The valid loss is 0.036265.
2023-12-11 12:52:30,968 - INFO - Epoch 9/20
2023-12-11 12:52:31,230 - INFO - The train loss is 0.032798. The valid loss is 0.032377.
2023-12-11 12:52:31,235 - INFO - Epoch 10/20
2023-12-11 12:52:31,496 - INFO - The train loss is 0.029425. The valid loss is 0.029017.
2023-12-11 12:52:31,501 - INFO - Epoch 11/20
2023-12-11 12:52:31,760 - INFO - The train loss is 0.026676. The valid loss is 0.026249.
2023-12-11 12:52:31,765 - INFO - Epoch 12/20
2023-12-11 12:52:32,024 - INFO - The train loss is 0.024456. The valid loss is 0.023728.
2023-12-11 12:52:32,028 - INFO - Epoch 13/20
2023-12-11 12:52:32,287 - INFO - The train loss is 0.022527. The valid loss is 0.021505.
2023-12-11 12:52:32,292 - INFO - Epoch 14/20
2023-12-11 12:52:32,554 - INFO - The train loss is 0.020490. The valid loss is 0.019584.
2023-12-11 12:52:32,559 - INFO - Epoch 15/20
2023-12-11 12:52:32,814 - INFO - The train loss is 0.019156. The valid loss is 0.017843.
2023-12-11 12:52:32,819 - INFO - Epoch 16/20
2023-12-11 12:52:33,075 - INFO - The train loss is 0.017743. The valid loss is 0.016368.
2023-12-11 12:52:33,080 - INFO - Epoch 17/20
2023-12-11 12:52:33,323 - INFO - The train loss is 0.016446. The valid loss is 0.015028.
2023-12-11 12:52:33,327 - INFO - Epoch 18/20
2023-12-11 12:52:33,567 - INFO - The train loss is 0.015244. The valid loss is 0.013911.
2023-12-11 12:52:33,572 - INFO - Epoch 19/20
2023-12-11 12:52:33,813 - INFO - The train loss is 0.014351. The valid loss is 0.012919.
2023-12-11 12:52:33,828 - INFO - The mean squared error of stock ['low', 'high'] is [0.01869377 0.01445648]
2023-12-11 12:53:27,809 - INFO - 
Config:
'add_train': False
'batch_size': 64
'continue_flag': ''
'cur_time': '2023_12_11_12_52_13'
'debug_mode': False
'debug_num': 500
'do_continue_train': False
'do_figure_save': False
'do_log_print_to_screen': True
'do_log_save_to_file': True
'do_predict': True
'do_train': True
'do_train_visualized': False
'dropout_rate': 0.2
'epoch': 20
'feature_columns': [2, 3, 4, 5, 6, 7, 8]
'figure_save_path': './figure/'
'hidden_size': 128
'input_size': 7
'label_columns': [4, 5]
'label_in_feature_index': [2, 3]
'learning_rate': 0.001
'log_save_path': './log/2023_12_11_12_52_13_pytorch/'
'lstm_layers': 2
'model_postfix': {'pytorch': '.pth'
'keras': '.h5'
'tensorflow': '.ckpt'}
'model_save_path': 'D:\\zcj\\myweb\\teststock\\prediction\\LSTMPredictStock\\saved_models/'
'output_size': 2
'patience': 5
'predict_day': 1
'random_seed': 42
'shuffle_train_data': True
'time_step': 20
'train_data_path': 'D:\\zcj\\myweb\\teststock\\prediction\\LSTMPredictStock\\data/py'
'train_data_rate': 0.95
'use_cuda': False
'used_frame': 'pytorch'
'valid_data_rate': 0.15
2023-12-11 12:53:27,809 - INFO - 
Config:
'add_train': False
'batch_size': 64
'continue_flag': ''
'cur_time': '2023_12_11_12_52_13'
'debug_mode': False
'debug_num': 500
'do_continue_train': False
'do_figure_save': False
'do_log_print_to_screen': True
'do_log_save_to_file': True
'do_predict': True
'do_train': True
'do_train_visualized': False
'dropout_rate': 0.2
'epoch': 20
'feature_columns': [2, 3, 4, 5, 6, 7, 8]
'figure_save_path': './figure/'
'hidden_size': 128
'input_size': 7
'label_columns': [4, 5]
'label_in_feature_index': [2, 3]
'learning_rate': 0.001
'log_save_path': './log/2023_12_11_12_52_13_pytorch/'
'lstm_layers': 2
'model_postfix': {'pytorch': '.pth'
'keras': '.h5'
'tensorflow': '.ckpt'}
'model_save_path': 'D:\\zcj\\myweb\\teststock\\prediction\\LSTMPredictStock\\saved_models/'
'output_size': 2
'patience': 5
'predict_day': 1
'random_seed': 42
'shuffle_train_data': True
'time_step': 20
'train_data_path': 'D:\\zcj\\myweb\\teststock\\prediction\\LSTMPredictStock\\data/py'
'train_data_rate': 0.95
'use_cuda': False
'used_frame': 'pytorch'
'valid_data_rate': 0.15
2023-12-11 12:53:27,818 - INFO - Epoch 0/20
2023-12-11 12:53:27,818 - INFO - Epoch 0/20
2023-12-11 12:53:28,079 - INFO - The train loss is 0.709398. The valid loss is 0.305925.
2023-12-11 12:53:28,079 - INFO - The train loss is 0.709398. The valid loss is 0.305925.
2023-12-11 12:53:28,084 - INFO - Epoch 1/20
2023-12-11 12:53:28,084 - INFO - Epoch 1/20
2023-12-11 12:53:28,340 - INFO - The train loss is 0.218074. The valid loss is 0.155507.
2023-12-11 12:53:28,340 - INFO - The train loss is 0.218074. The valid loss is 0.155507.
2023-12-11 12:53:28,345 - INFO - Epoch 2/20
2023-12-11 12:53:28,345 - INFO - Epoch 2/20
2023-12-11 12:53:28,600 - INFO - The train loss is 0.130477. The valid loss is 0.112361.
2023-12-11 12:53:28,600 - INFO - The train loss is 0.130477. The valid loss is 0.112361.
2023-12-11 12:53:28,606 - INFO - Epoch 3/20
2023-12-11 12:53:28,606 - INFO - Epoch 3/20
2023-12-11 12:53:28,856 - INFO - The train loss is 0.089737. The valid loss is 0.082317.
2023-12-11 12:53:28,856 - INFO - The train loss is 0.089737. The valid loss is 0.082317.
2023-12-11 12:53:28,861 - INFO - Epoch 4/20
2023-12-11 12:53:28,861 - INFO - Epoch 4/20
2023-12-11 12:53:29,102 - INFO - The train loss is 0.067663. The valid loss is 0.066454.
2023-12-11 12:53:29,102 - INFO - The train loss is 0.067663. The valid loss is 0.066454.
2023-12-11 12:53:29,107 - INFO - Epoch 5/20
2023-12-11 12:53:29,107 - INFO - Epoch 5/20
2023-12-11 12:53:29,347 - INFO - The train loss is 0.054585. The valid loss is 0.054328.
2023-12-11 12:53:29,347 - INFO - The train loss is 0.054585. The valid loss is 0.054328.
2023-12-11 12:53:29,352 - INFO - Epoch 6/20
2023-12-11 12:53:29,352 - INFO - Epoch 6/20
2023-12-11 12:53:29,597 - INFO - The train loss is 0.045926. The valid loss is 0.046087.
2023-12-11 12:53:29,597 - INFO - The train loss is 0.045926. The valid loss is 0.046087.
2023-12-11 12:53:29,601 - INFO - Epoch 7/20
2023-12-11 12:53:29,601 - INFO - Epoch 7/20
2023-12-11 12:53:29,850 - INFO - The train loss is 0.040017. The valid loss is 0.040134.
2023-12-11 12:53:29,850 - INFO - The train loss is 0.040017. The valid loss is 0.040134.
2023-12-11 12:53:29,855 - INFO - Epoch 8/20
2023-12-11 12:53:29,855 - INFO - Epoch 8/20
2023-12-11 12:53:30,106 - INFO - The train loss is 0.035597. The valid loss is 0.035316.
2023-12-11 12:53:30,106 - INFO - The train loss is 0.035597. The valid loss is 0.035316.
2023-12-11 12:53:30,111 - INFO - Epoch 9/20
2023-12-11 12:53:30,111 - INFO - Epoch 9/20
2023-12-11 12:53:30,362 - INFO - The train loss is 0.031627. The valid loss is 0.031387.
2023-12-11 12:53:30,362 - INFO - The train loss is 0.031627. The valid loss is 0.031387.
2023-12-11 12:53:30,367 - INFO - Epoch 10/20
2023-12-11 12:53:30,367 - INFO - Epoch 10/20
2023-12-11 12:53:30,614 - INFO - The train loss is 0.028665. The valid loss is 0.028175.
2023-12-11 12:53:30,614 - INFO - The train loss is 0.028665. The valid loss is 0.028175.
2023-12-11 12:53:30,620 - INFO - Epoch 11/20
2023-12-11 12:53:30,620 - INFO - Epoch 11/20
2023-12-11 12:53:30,861 - INFO - The train loss is 0.026012. The valid loss is 0.025281.
2023-12-11 12:53:30,861 - INFO - The train loss is 0.026012. The valid loss is 0.025281.
2023-12-11 12:53:30,866 - INFO - Epoch 12/20
2023-12-11 12:53:30,866 - INFO - Epoch 12/20
2023-12-11 12:53:31,103 - INFO - The train loss is 0.023611. The valid loss is 0.022801.
2023-12-11 12:53:31,103 - INFO - The train loss is 0.023611. The valid loss is 0.022801.
2023-12-11 12:53:31,108 - INFO - Epoch 13/20
2023-12-11 12:53:31,108 - INFO - Epoch 13/20
2023-12-11 12:53:31,358 - INFO - The train loss is 0.021773. The valid loss is 0.020523.
2023-12-11 12:53:31,358 - INFO - The train loss is 0.021773. The valid loss is 0.020523.
2023-12-11 12:53:31,363 - INFO - Epoch 14/20
2023-12-11 12:53:31,363 - INFO - Epoch 14/20
2023-12-11 12:53:31,617 - INFO - The train loss is 0.019747. The valid loss is 0.018595.
2023-12-11 12:53:31,617 - INFO - The train loss is 0.019747. The valid loss is 0.018595.
2023-12-11 12:53:31,623 - INFO - Epoch 15/20
2023-12-11 12:53:31,623 - INFO - Epoch 15/20
2023-12-11 12:53:31,870 - INFO - The train loss is 0.018282. The valid loss is 0.016910.
2023-12-11 12:53:31,870 - INFO - The train loss is 0.018282. The valid loss is 0.016910.
2023-12-11 12:53:31,875 - INFO - Epoch 16/20
2023-12-11 12:53:31,875 - INFO - Epoch 16/20
2023-12-11 12:53:32,115 - INFO - The train loss is 0.016744. The valid loss is 0.015429.
2023-12-11 12:53:32,115 - INFO - The train loss is 0.016744. The valid loss is 0.015429.
2023-12-11 12:53:32,120 - INFO - Epoch 17/20
2023-12-11 12:53:32,120 - INFO - Epoch 17/20
2023-12-11 12:53:32,360 - INFO - The train loss is 0.015672. The valid loss is 0.014179.
2023-12-11 12:53:32,360 - INFO - The train loss is 0.015672. The valid loss is 0.014179.
2023-12-11 12:53:32,365 - INFO - Epoch 18/20
2023-12-11 12:53:32,365 - INFO - Epoch 18/20
2023-12-11 12:53:32,604 - INFO - The train loss is 0.014313. The valid loss is 0.013087.
2023-12-11 12:53:32,604 - INFO - The train loss is 0.014313. The valid loss is 0.013087.
2023-12-11 12:53:32,609 - INFO - Epoch 19/20
2023-12-11 12:53:32,609 - INFO - Epoch 19/20
2023-12-11 12:53:32,852 - INFO - The train loss is 0.013475. The valid loss is 0.012165.
2023-12-11 12:53:32,852 - INFO - The train loss is 0.013475. The valid loss is 0.012165.
2023-12-11 12:53:32,864 - INFO - The mean squared error of stock ['low', 'high'] is [0.017      0.01809914]
2023-12-11 12:53:32,864 - INFO - The mean squared error of stock ['low', 'high'] is [0.017      0.01809914]
2023-12-11 12:53:47,268 - INFO - 
Config:
'add_train': False
'batch_size': 64
'continue_flag': ''
'cur_time': '2023_12_11_12_52_13'
'debug_mode': False
'debug_num': 500
'do_continue_train': False
'do_figure_save': False
'do_log_print_to_screen': True
'do_log_save_to_file': True
'do_predict': True
'do_train': True
'do_train_visualized': False
'dropout_rate': 0.2
'epoch': 20
'feature_columns': [2, 3, 4, 5, 6, 7, 8]
'figure_save_path': './figure/'
'hidden_size': 128
'input_size': 7
'label_columns': [4, 5]
'label_in_feature_index': [2, 3]
'learning_rate': 0.001
'log_save_path': './log/2023_12_11_12_52_13_pytorch/'
'lstm_layers': 2
'model_postfix': {'pytorch': '.pth'
'keras': '.h5'
'tensorflow': '.ckpt'}
'model_save_path': 'D:\\zcj\\myweb\\teststock\\prediction\\LSTMPredictStock\\saved_models/'
'output_size': 2
'patience': 5
'predict_day': 1
'random_seed': 42
'shuffle_train_data': True
'time_step': 20
'train_data_path': 'D:\\zcj\\myweb\\teststock\\prediction\\LSTMPredictStock\\data/py'
'train_data_rate': 0.95
'use_cuda': False
'used_frame': 'pytorch'
'valid_data_rate': 0.15
2023-12-11 12:53:47,268 - INFO - 
Config:
'add_train': False
'batch_size': 64
'continue_flag': ''
'cur_time': '2023_12_11_12_52_13'
'debug_mode': False
'debug_num': 500
'do_continue_train': False
'do_figure_save': False
'do_log_print_to_screen': True
'do_log_save_to_file': True
'do_predict': True
'do_train': True
'do_train_visualized': False
'dropout_rate': 0.2
'epoch': 20
'feature_columns': [2, 3, 4, 5, 6, 7, 8]
'figure_save_path': './figure/'
'hidden_size': 128
'input_size': 7
'label_columns': [4, 5]
'label_in_feature_index': [2, 3]
'learning_rate': 0.001
'log_save_path': './log/2023_12_11_12_52_13_pytorch/'
'lstm_layers': 2
'model_postfix': {'pytorch': '.pth'
'keras': '.h5'
'tensorflow': '.ckpt'}
'model_save_path': 'D:\\zcj\\myweb\\teststock\\prediction\\LSTMPredictStock\\saved_models/'
'output_size': 2
'patience': 5
'predict_day': 1
'random_seed': 42
'shuffle_train_data': True
'time_step': 20
'train_data_path': 'D:\\zcj\\myweb\\teststock\\prediction\\LSTMPredictStock\\data/py'
'train_data_rate': 0.95
'use_cuda': False
'used_frame': 'pytorch'
'valid_data_rate': 0.15
2023-12-11 12:53:47,268 - INFO - 
Config:
'add_train': False
'batch_size': 64
'continue_flag': ''
'cur_time': '2023_12_11_12_52_13'
'debug_mode': False
'debug_num': 500
'do_continue_train': False
'do_figure_save': False
'do_log_print_to_screen': True
'do_log_save_to_file': True
'do_predict': True
'do_train': True
'do_train_visualized': False
'dropout_rate': 0.2
'epoch': 20
'feature_columns': [2, 3, 4, 5, 6, 7, 8]
'figure_save_path': './figure/'
'hidden_size': 128
'input_size': 7
'label_columns': [4, 5]
'label_in_feature_index': [2, 3]
'learning_rate': 0.001
'log_save_path': './log/2023_12_11_12_52_13_pytorch/'
'lstm_layers': 2
'model_postfix': {'pytorch': '.pth'
'keras': '.h5'
'tensorflow': '.ckpt'}
'model_save_path': 'D:\\zcj\\myweb\\teststock\\prediction\\LSTMPredictStock\\saved_models/'
'output_size': 2
'patience': 5
'predict_day': 1
'random_seed': 42
'shuffle_train_data': True
'time_step': 20
'train_data_path': 'D:\\zcj\\myweb\\teststock\\prediction\\LSTMPredictStock\\data/py'
'train_data_rate': 0.95
'use_cuda': False
'used_frame': 'pytorch'
'valid_data_rate': 0.15
2023-12-11 12:53:47,277 - INFO - Epoch 0/20
2023-12-11 12:53:47,277 - INFO - Epoch 0/20
2023-12-11 12:53:47,277 - INFO - Epoch 0/20
2023-12-11 12:53:47,539 - INFO - The train loss is 0.677887. The valid loss is 0.266404.
2023-12-11 12:53:47,539 - INFO - The train loss is 0.677887. The valid loss is 0.266404.
2023-12-11 12:53:47,539 - INFO - The train loss is 0.677887. The valid loss is 0.266404.
2023-12-11 12:53:47,545 - INFO - Epoch 1/20
2023-12-11 12:53:47,545 - INFO - Epoch 1/20
2023-12-11 12:53:47,545 - INFO - Epoch 1/20
2023-12-11 12:53:47,792 - INFO - The train loss is 0.221781. The valid loss is 0.162310.
2023-12-11 12:53:47,792 - INFO - The train loss is 0.221781. The valid loss is 0.162310.
2023-12-11 12:53:47,792 - INFO - The train loss is 0.221781. The valid loss is 0.162310.
2023-12-11 12:53:47,798 - INFO - Epoch 2/20
2023-12-11 12:53:47,798 - INFO - Epoch 2/20
2023-12-11 12:53:47,798 - INFO - Epoch 2/20
2023-12-11 12:53:48,048 - INFO - The train loss is 0.141185. The valid loss is 0.121542.
2023-12-11 12:53:48,048 - INFO - The train loss is 0.141185. The valid loss is 0.121542.
2023-12-11 12:53:48,048 - INFO - The train loss is 0.141185. The valid loss is 0.121542.
2023-12-11 12:53:48,053 - INFO - Epoch 3/20
2023-12-11 12:53:48,053 - INFO - Epoch 3/20
2023-12-11 12:53:48,053 - INFO - Epoch 3/20
2023-12-11 12:53:48,305 - INFO - The train loss is 0.095291. The valid loss is 0.085294.
2023-12-11 12:53:48,305 - INFO - The train loss is 0.095291. The valid loss is 0.085294.
2023-12-11 12:53:48,305 - INFO - The train loss is 0.095291. The valid loss is 0.085294.
2023-12-11 12:53:48,310 - INFO - Epoch 4/20
2023-12-11 12:53:48,310 - INFO - Epoch 4/20
2023-12-11 12:53:48,310 - INFO - Epoch 4/20
2023-12-11 12:53:48,546 - INFO - The train loss is 0.069314. The valid loss is 0.065922.
2023-12-11 12:53:48,546 - INFO - The train loss is 0.069314. The valid loss is 0.065922.
2023-12-11 12:53:48,546 - INFO - The train loss is 0.069314. The valid loss is 0.065922.
2023-12-11 12:53:48,550 - INFO - Epoch 5/20
2023-12-11 12:53:48,550 - INFO - Epoch 5/20
2023-12-11 12:53:48,550 - INFO - Epoch 5/20
2023-12-11 12:53:48,790 - INFO - The train loss is 0.055521. The valid loss is 0.054464.
2023-12-11 12:53:48,790 - INFO - The train loss is 0.055521. The valid loss is 0.054464.
2023-12-11 12:53:48,790 - INFO - The train loss is 0.055521. The valid loss is 0.054464.
2023-12-11 12:53:48,795 - INFO - Epoch 6/20
2023-12-11 12:53:48,795 - INFO - Epoch 6/20
2023-12-11 12:53:48,795 - INFO - Epoch 6/20
2023-12-11 12:53:49,032 - INFO - The train loss is 0.046548. The valid loss is 0.045970.
2023-12-11 12:53:49,032 - INFO - The train loss is 0.046548. The valid loss is 0.045970.
2023-12-11 12:53:49,032 - INFO - The train loss is 0.046548. The valid loss is 0.045970.
2023-12-11 12:53:49,037 - INFO - Epoch 7/20
2023-12-11 12:53:49,037 - INFO - Epoch 7/20
2023-12-11 12:53:49,037 - INFO - Epoch 7/20
2023-12-11 12:53:49,274 - INFO - The train loss is 0.040084. The valid loss is 0.040161.
2023-12-11 12:53:49,274 - INFO - The train loss is 0.040084. The valid loss is 0.040161.
2023-12-11 12:53:49,274 - INFO - The train loss is 0.040084. The valid loss is 0.040161.
2023-12-11 12:53:49,279 - INFO - Epoch 8/20
2023-12-11 12:53:49,279 - INFO - Epoch 8/20
2023-12-11 12:53:49,279 - INFO - Epoch 8/20
2023-12-11 12:53:49,535 - INFO - The train loss is 0.035997. The valid loss is 0.035541.
2023-12-11 12:53:49,535 - INFO - The train loss is 0.035997. The valid loss is 0.035541.
2023-12-11 12:53:49,535 - INFO - The train loss is 0.035997. The valid loss is 0.035541.
2023-12-11 12:53:49,540 - INFO - Epoch 9/20
2023-12-11 12:53:49,540 - INFO - Epoch 9/20
2023-12-11 12:53:49,540 - INFO - Epoch 9/20
2023-12-11 12:53:49,798 - INFO - The train loss is 0.032119. The valid loss is 0.031628.
2023-12-11 12:53:49,798 - INFO - The train loss is 0.032119. The valid loss is 0.031628.
2023-12-11 12:53:49,798 - INFO - The train loss is 0.032119. The valid loss is 0.031628.
2023-12-11 12:53:49,803 - INFO - Epoch 10/20
2023-12-11 12:53:49,803 - INFO - Epoch 10/20
2023-12-11 12:53:49,803 - INFO - Epoch 10/20
2023-12-11 12:53:50,043 - INFO - The train loss is 0.029077. The valid loss is 0.028369.
2023-12-11 12:53:50,043 - INFO - The train loss is 0.029077. The valid loss is 0.028369.
2023-12-11 12:53:50,043 - INFO - The train loss is 0.029077. The valid loss is 0.028369.
2023-12-11 12:53:50,048 - INFO - Epoch 11/20
2023-12-11 12:53:50,048 - INFO - Epoch 11/20
2023-12-11 12:53:50,048 - INFO - Epoch 11/20
2023-12-11 12:53:50,285 - INFO - The train loss is 0.026574. The valid loss is 0.025535.
2023-12-11 12:53:50,285 - INFO - The train loss is 0.026574. The valid loss is 0.025535.
2023-12-11 12:53:50,285 - INFO - The train loss is 0.026574. The valid loss is 0.025535.
2023-12-11 12:53:50,290 - INFO - Epoch 12/20
2023-12-11 12:53:50,290 - INFO - Epoch 12/20
2023-12-11 12:53:50,290 - INFO - Epoch 12/20
2023-12-11 12:53:50,529 - INFO - The train loss is 0.023997. The valid loss is 0.023115.
2023-12-11 12:53:50,529 - INFO - The train loss is 0.023997. The valid loss is 0.023115.
2023-12-11 12:53:50,529 - INFO - The train loss is 0.023997. The valid loss is 0.023115.
2023-12-11 12:53:50,535 - INFO - Epoch 13/20
2023-12-11 12:53:50,535 - INFO - Epoch 13/20
2023-12-11 12:53:50,535 - INFO - Epoch 13/20
2023-12-11 12:53:50,778 - INFO - The train loss is 0.021915. The valid loss is 0.020938.
2023-12-11 12:53:50,778 - INFO - The train loss is 0.021915. The valid loss is 0.020938.
2023-12-11 12:53:50,778 - INFO - The train loss is 0.021915. The valid loss is 0.020938.
2023-12-11 12:53:50,782 - INFO - Epoch 14/20
2023-12-11 12:53:50,782 - INFO - Epoch 14/20
2023-12-11 12:53:50,782 - INFO - Epoch 14/20
2023-12-11 12:53:51,035 - INFO - The train loss is 0.020301. The valid loss is 0.019082.
2023-12-11 12:53:51,035 - INFO - The train loss is 0.020301. The valid loss is 0.019082.
2023-12-11 12:53:51,035 - INFO - The train loss is 0.020301. The valid loss is 0.019082.
2023-12-11 12:53:51,040 - INFO - Epoch 15/20
2023-12-11 12:53:51,040 - INFO - Epoch 15/20
2023-12-11 12:53:51,040 - INFO - Epoch 15/20
2023-12-11 12:53:51,293 - INFO - The train loss is 0.018658. The valid loss is 0.017340.
2023-12-11 12:53:51,293 - INFO - The train loss is 0.018658. The valid loss is 0.017340.
2023-12-11 12:53:51,293 - INFO - The train loss is 0.018658. The valid loss is 0.017340.
2023-12-11 12:53:51,300 - INFO - Epoch 16/20
2023-12-11 12:53:51,300 - INFO - Epoch 16/20
2023-12-11 12:53:51,300 - INFO - Epoch 16/20
2023-12-11 12:53:51,542 - INFO - The train loss is 0.017398. The valid loss is 0.015842.
2023-12-11 12:53:51,542 - INFO - The train loss is 0.017398. The valid loss is 0.015842.
2023-12-11 12:53:51,542 - INFO - The train loss is 0.017398. The valid loss is 0.015842.
2023-12-11 12:53:51,547 - INFO - Epoch 17/20
2023-12-11 12:53:51,547 - INFO - Epoch 17/20
2023-12-11 12:53:51,547 - INFO - Epoch 17/20
2023-12-11 12:53:51,787 - INFO - The train loss is 0.015962. The valid loss is 0.014542.
2023-12-11 12:53:51,787 - INFO - The train loss is 0.015962. The valid loss is 0.014542.
2023-12-11 12:53:51,787 - INFO - The train loss is 0.015962. The valid loss is 0.014542.
2023-12-11 12:53:51,791 - INFO - Epoch 18/20
2023-12-11 12:53:51,791 - INFO - Epoch 18/20
2023-12-11 12:53:51,791 - INFO - Epoch 18/20
2023-12-11 12:53:52,031 - INFO - The train loss is 0.014894. The valid loss is 0.013451.
2023-12-11 12:53:52,031 - INFO - The train loss is 0.014894. The valid loss is 0.013451.
2023-12-11 12:53:52,031 - INFO - The train loss is 0.014894. The valid loss is 0.013451.
2023-12-11 12:53:52,037 - INFO - Epoch 19/20
2023-12-11 12:53:52,037 - INFO - Epoch 19/20
2023-12-11 12:53:52,037 - INFO - Epoch 19/20
2023-12-11 12:53:52,276 - INFO - The train loss is 0.013935. The valid loss is 0.012475.
2023-12-11 12:53:52,276 - INFO - The train loss is 0.013935. The valid loss is 0.012475.
2023-12-11 12:53:52,276 - INFO - The train loss is 0.013935. The valid loss is 0.012475.
2023-12-11 12:53:52,288 - INFO - The mean squared error of stock ['low', 'high'] is [0.01691917 0.01778153]
2023-12-11 12:53:52,288 - INFO - The mean squared error of stock ['low', 'high'] is [0.01691917 0.01778153]
2023-12-11 12:53:52,288 - INFO - The mean squared error of stock ['low', 'high'] is [0.01691917 0.01778153]
2023-12-11 12:53:55,600 - INFO - 
Config:
'add_train': False
'batch_size': 64
'continue_flag': ''
'cur_time': '2023_12_11_12_52_13'
'debug_mode': False
'debug_num': 500
'do_continue_train': False
'do_figure_save': False
'do_log_print_to_screen': True
'do_log_save_to_file': True
'do_predict': True
'do_train': True
'do_train_visualized': False
'dropout_rate': 0.2
'epoch': 20
'feature_columns': [2, 3, 4, 5, 6, 7, 8]
'figure_save_path': './figure/'
'hidden_size': 128
'input_size': 7
'label_columns': [4, 5]
'label_in_feature_index': [2, 3]
'learning_rate': 0.001
'log_save_path': './log/2023_12_11_12_52_13_pytorch/'
'lstm_layers': 2
'model_postfix': {'pytorch': '.pth'
'keras': '.h5'
'tensorflow': '.ckpt'}
'model_save_path': 'D:\\zcj\\myweb\\teststock\\prediction\\LSTMPredictStock\\saved_models/'
'output_size': 2
'patience': 5
'predict_day': 1
'random_seed': 42
'shuffle_train_data': True
'time_step': 20
'train_data_path': 'D:\\zcj\\myweb\\teststock\\prediction\\LSTMPredictStock\\data/py'
'train_data_rate': 0.95
'use_cuda': False
'used_frame': 'pytorch'
'valid_data_rate': 0.15
2023-12-11 12:53:55,600 - INFO - 
Config:
'add_train': False
'batch_size': 64
'continue_flag': ''
'cur_time': '2023_12_11_12_52_13'
'debug_mode': False
'debug_num': 500
'do_continue_train': False
'do_figure_save': False
'do_log_print_to_screen': True
'do_log_save_to_file': True
'do_predict': True
'do_train': True
'do_train_visualized': False
'dropout_rate': 0.2
'epoch': 20
'feature_columns': [2, 3, 4, 5, 6, 7, 8]
'figure_save_path': './figure/'
'hidden_size': 128
'input_size': 7
'label_columns': [4, 5]
'label_in_feature_index': [2, 3]
'learning_rate': 0.001
'log_save_path': './log/2023_12_11_12_52_13_pytorch/'
'lstm_layers': 2
'model_postfix': {'pytorch': '.pth'
'keras': '.h5'
'tensorflow': '.ckpt'}
'model_save_path': 'D:\\zcj\\myweb\\teststock\\prediction\\LSTMPredictStock\\saved_models/'
'output_size': 2
'patience': 5
'predict_day': 1
'random_seed': 42
'shuffle_train_data': True
'time_step': 20
'train_data_path': 'D:\\zcj\\myweb\\teststock\\prediction\\LSTMPredictStock\\data/py'
'train_data_rate': 0.95
'use_cuda': False
'used_frame': 'pytorch'
'valid_data_rate': 0.15
2023-12-11 12:53:55,600 - INFO - 
Config:
'add_train': False
'batch_size': 64
'continue_flag': ''
'cur_time': '2023_12_11_12_52_13'
'debug_mode': False
'debug_num': 500
'do_continue_train': False
'do_figure_save': False
'do_log_print_to_screen': True
'do_log_save_to_file': True
'do_predict': True
'do_train': True
'do_train_visualized': False
'dropout_rate': 0.2
'epoch': 20
'feature_columns': [2, 3, 4, 5, 6, 7, 8]
'figure_save_path': './figure/'
'hidden_size': 128
'input_size': 7
'label_columns': [4, 5]
'label_in_feature_index': [2, 3]
'learning_rate': 0.001
'log_save_path': './log/2023_12_11_12_52_13_pytorch/'
'lstm_layers': 2
'model_postfix': {'pytorch': '.pth'
'keras': '.h5'
'tensorflow': '.ckpt'}
'model_save_path': 'D:\\zcj\\myweb\\teststock\\prediction\\LSTMPredictStock\\saved_models/'
'output_size': 2
'patience': 5
'predict_day': 1
'random_seed': 42
'shuffle_train_data': True
'time_step': 20
'train_data_path': 'D:\\zcj\\myweb\\teststock\\prediction\\LSTMPredictStock\\data/py'
'train_data_rate': 0.95
'use_cuda': False
'used_frame': 'pytorch'
'valid_data_rate': 0.15
2023-12-11 12:53:55,600 - INFO - 
Config:
'add_train': False
'batch_size': 64
'continue_flag': ''
'cur_time': '2023_12_11_12_52_13'
'debug_mode': False
'debug_num': 500
'do_continue_train': False
'do_figure_save': False
'do_log_print_to_screen': True
'do_log_save_to_file': True
'do_predict': True
'do_train': True
'do_train_visualized': False
'dropout_rate': 0.2
'epoch': 20
'feature_columns': [2, 3, 4, 5, 6, 7, 8]
'figure_save_path': './figure/'
'hidden_size': 128
'input_size': 7
'label_columns': [4, 5]
'label_in_feature_index': [2, 3]
'learning_rate': 0.001
'log_save_path': './log/2023_12_11_12_52_13_pytorch/'
'lstm_layers': 2
'model_postfix': {'pytorch': '.pth'
'keras': '.h5'
'tensorflow': '.ckpt'}
'model_save_path': 'D:\\zcj\\myweb\\teststock\\prediction\\LSTMPredictStock\\saved_models/'
'output_size': 2
'patience': 5
'predict_day': 1
'random_seed': 42
'shuffle_train_data': True
'time_step': 20
'train_data_path': 'D:\\zcj\\myweb\\teststock\\prediction\\LSTMPredictStock\\data/py'
'train_data_rate': 0.95
'use_cuda': False
'used_frame': 'pytorch'
'valid_data_rate': 0.15
2023-12-11 12:53:55,611 - INFO - Epoch 0/20
2023-12-11 12:53:55,611 - INFO - Epoch 0/20
2023-12-11 12:53:55,611 - INFO - Epoch 0/20
2023-12-11 12:53:55,611 - INFO - Epoch 0/20
2023-12-11 12:53:55,875 - INFO - The train loss is 0.725869. The valid loss is 0.323384.
2023-12-11 12:53:55,875 - INFO - The train loss is 0.725869. The valid loss is 0.323384.
2023-12-11 12:53:55,875 - INFO - The train loss is 0.725869. The valid loss is 0.323384.
2023-12-11 12:53:55,875 - INFO - The train loss is 0.725869. The valid loss is 0.323384.
2023-12-11 12:53:55,880 - INFO - Epoch 1/20
2023-12-11 12:53:55,880 - INFO - Epoch 1/20
2023-12-11 12:53:55,880 - INFO - Epoch 1/20
2023-12-11 12:53:55,880 - INFO - Epoch 1/20
2023-12-11 12:53:56,129 - INFO - The train loss is 0.237586. The valid loss is 0.171562.
2023-12-11 12:53:56,129 - INFO - The train loss is 0.237586. The valid loss is 0.171562.
2023-12-11 12:53:56,129 - INFO - The train loss is 0.237586. The valid loss is 0.171562.
2023-12-11 12:53:56,129 - INFO - The train loss is 0.237586. The valid loss is 0.171562.
2023-12-11 12:53:56,134 - INFO - Epoch 2/20
2023-12-11 12:53:56,134 - INFO - Epoch 2/20
2023-12-11 12:53:56,134 - INFO - Epoch 2/20
2023-12-11 12:53:56,134 - INFO - Epoch 2/20
2023-12-11 12:53:56,376 - INFO - The train loss is 0.145000. The valid loss is 0.125730.
2023-12-11 12:53:56,376 - INFO - The train loss is 0.145000. The valid loss is 0.125730.
2023-12-11 12:53:56,376 - INFO - The train loss is 0.145000. The valid loss is 0.125730.
2023-12-11 12:53:56,376 - INFO - The train loss is 0.145000. The valid loss is 0.125730.
2023-12-11 12:53:56,381 - INFO - Epoch 3/20
2023-12-11 12:53:56,381 - INFO - Epoch 3/20
2023-12-11 12:53:56,381 - INFO - Epoch 3/20
2023-12-11 12:53:56,381 - INFO - Epoch 3/20
2023-12-11 12:53:56,621 - INFO - The train loss is 0.099007. The valid loss is 0.087965.
2023-12-11 12:53:56,621 - INFO - The train loss is 0.099007. The valid loss is 0.087965.
2023-12-11 12:53:56,621 - INFO - The train loss is 0.099007. The valid loss is 0.087965.
2023-12-11 12:53:56,621 - INFO - The train loss is 0.099007. The valid loss is 0.087965.
2023-12-11 12:53:56,626 - INFO - Epoch 4/20
2023-12-11 12:53:56,626 - INFO - Epoch 4/20
2023-12-11 12:53:56,626 - INFO - Epoch 4/20
2023-12-11 12:53:56,626 - INFO - Epoch 4/20
2023-12-11 12:53:56,867 - INFO - The train loss is 0.071545. The valid loss is 0.067823.
2023-12-11 12:53:56,867 - INFO - The train loss is 0.071545. The valid loss is 0.067823.
2023-12-11 12:53:56,867 - INFO - The train loss is 0.071545. The valid loss is 0.067823.
2023-12-11 12:53:56,867 - INFO - The train loss is 0.071545. The valid loss is 0.067823.
2023-12-11 12:53:56,872 - INFO - Epoch 5/20
2023-12-11 12:53:56,872 - INFO - Epoch 5/20
2023-12-11 12:53:56,872 - INFO - Epoch 5/20
2023-12-11 12:53:56,872 - INFO - Epoch 5/20
2023-12-11 12:53:57,118 - INFO - The train loss is 0.057098. The valid loss is 0.056168.
2023-12-11 12:53:57,118 - INFO - The train loss is 0.057098. The valid loss is 0.056168.
2023-12-11 12:53:57,118 - INFO - The train loss is 0.057098. The valid loss is 0.056168.
2023-12-11 12:53:57,118 - INFO - The train loss is 0.057098. The valid loss is 0.056168.
2023-12-11 12:53:57,124 - INFO - Epoch 6/20
2023-12-11 12:53:57,124 - INFO - Epoch 6/20
2023-12-11 12:53:57,124 - INFO - Epoch 6/20
2023-12-11 12:53:57,124 - INFO - Epoch 6/20
2023-12-11 12:53:57,376 - INFO - The train loss is 0.047531. The valid loss is 0.047162.
2023-12-11 12:53:57,376 - INFO - The train loss is 0.047531. The valid loss is 0.047162.
2023-12-11 12:53:57,376 - INFO - The train loss is 0.047531. The valid loss is 0.047162.
2023-12-11 12:53:57,376 - INFO - The train loss is 0.047531. The valid loss is 0.047162.
2023-12-11 12:53:57,382 - INFO - Epoch 7/20
2023-12-11 12:53:57,382 - INFO - Epoch 7/20
2023-12-11 12:53:57,382 - INFO - Epoch 7/20
2023-12-11 12:53:57,382 - INFO - Epoch 7/20
2023-12-11 12:53:57,632 - INFO - The train loss is 0.040844. The valid loss is 0.041006.
2023-12-11 12:53:57,632 - INFO - The train loss is 0.040844. The valid loss is 0.041006.
2023-12-11 12:53:57,632 - INFO - The train loss is 0.040844. The valid loss is 0.041006.
2023-12-11 12:53:57,632 - INFO - The train loss is 0.040844. The valid loss is 0.041006.
2023-12-11 12:53:57,638 - INFO - Epoch 8/20
2023-12-11 12:53:57,638 - INFO - Epoch 8/20
2023-12-11 12:53:57,638 - INFO - Epoch 8/20
2023-12-11 12:53:57,638 - INFO - Epoch 8/20
2023-12-11 12:53:57,879 - INFO - The train loss is 0.036390. The valid loss is 0.036027.
2023-12-11 12:53:57,879 - INFO - The train loss is 0.036390. The valid loss is 0.036027.
2023-12-11 12:53:57,879 - INFO - The train loss is 0.036390. The valid loss is 0.036027.
2023-12-11 12:53:57,879 - INFO - The train loss is 0.036390. The valid loss is 0.036027.
2023-12-11 12:53:57,884 - INFO - Epoch 9/20
2023-12-11 12:53:57,884 - INFO - Epoch 9/20
2023-12-11 12:53:57,884 - INFO - Epoch 9/20
2023-12-11 12:53:57,884 - INFO - Epoch 9/20
2023-12-11 12:53:58,125 - INFO - The train loss is 0.032382. The valid loss is 0.032014.
2023-12-11 12:53:58,125 - INFO - The train loss is 0.032382. The valid loss is 0.032014.
2023-12-11 12:53:58,125 - INFO - The train loss is 0.032382. The valid loss is 0.032014.
2023-12-11 12:53:58,125 - INFO - The train loss is 0.032382. The valid loss is 0.032014.
2023-12-11 12:53:58,132 - INFO - Epoch 10/20
2023-12-11 12:53:58,132 - INFO - Epoch 10/20
2023-12-11 12:53:58,132 - INFO - Epoch 10/20
2023-12-11 12:53:58,132 - INFO - Epoch 10/20
2023-12-11 12:53:58,370 - INFO - The train loss is 0.029126. The valid loss is 0.028638.
2023-12-11 12:53:58,370 - INFO - The train loss is 0.029126. The valid loss is 0.028638.
2023-12-11 12:53:58,370 - INFO - The train loss is 0.029126. The valid loss is 0.028638.
2023-12-11 12:53:58,370 - INFO - The train loss is 0.029126. The valid loss is 0.028638.
2023-12-11 12:53:58,374 - INFO - Epoch 11/20
2023-12-11 12:53:58,374 - INFO - Epoch 11/20
2023-12-11 12:53:58,374 - INFO - Epoch 11/20
2023-12-11 12:53:58,374 - INFO - Epoch 11/20
2023-12-11 12:53:58,620 - INFO - The train loss is 0.026424. The valid loss is 0.025759.
2023-12-11 12:53:58,620 - INFO - The train loss is 0.026424. The valid loss is 0.025759.
2023-12-11 12:53:58,620 - INFO - The train loss is 0.026424. The valid loss is 0.025759.
2023-12-11 12:53:58,620 - INFO - The train loss is 0.026424. The valid loss is 0.025759.
2023-12-11 12:53:58,626 - INFO - Epoch 12/20
2023-12-11 12:53:58,626 - INFO - Epoch 12/20
2023-12-11 12:53:58,626 - INFO - Epoch 12/20
2023-12-11 12:53:58,626 - INFO - Epoch 12/20
2023-12-11 12:53:58,878 - INFO - The train loss is 0.023961. The valid loss is 0.023215.
2023-12-11 12:53:58,878 - INFO - The train loss is 0.023961. The valid loss is 0.023215.
2023-12-11 12:53:58,878 - INFO - The train loss is 0.023961. The valid loss is 0.023215.
2023-12-11 12:53:58,878 - INFO - The train loss is 0.023961. The valid loss is 0.023215.
2023-12-11 12:53:58,884 - INFO - Epoch 13/20
2023-12-11 12:53:58,884 - INFO - Epoch 13/20
2023-12-11 12:53:58,884 - INFO - Epoch 13/20
2023-12-11 12:53:58,884 - INFO - Epoch 13/20
2023-12-11 12:53:59,130 - INFO - The train loss is 0.021820. The valid loss is 0.020989.
2023-12-11 12:53:59,130 - INFO - The train loss is 0.021820. The valid loss is 0.020989.
2023-12-11 12:53:59,130 - INFO - The train loss is 0.021820. The valid loss is 0.020989.
2023-12-11 12:53:59,130 - INFO - The train loss is 0.021820. The valid loss is 0.020989.
2023-12-11 12:53:59,136 - INFO - Epoch 14/20
2023-12-11 12:53:59,136 - INFO - Epoch 14/20
2023-12-11 12:53:59,136 - INFO - Epoch 14/20
2023-12-11 12:53:59,136 - INFO - Epoch 14/20
2023-12-11 12:53:59,375 - INFO - The train loss is 0.020162. The valid loss is 0.019020.
2023-12-11 12:53:59,375 - INFO - The train loss is 0.020162. The valid loss is 0.019020.
2023-12-11 12:53:59,375 - INFO - The train loss is 0.020162. The valid loss is 0.019020.
2023-12-11 12:53:59,375 - INFO - The train loss is 0.020162. The valid loss is 0.019020.
2023-12-11 12:53:59,380 - INFO - Epoch 15/20
2023-12-11 12:53:59,380 - INFO - Epoch 15/20
2023-12-11 12:53:59,380 - INFO - Epoch 15/20
2023-12-11 12:53:59,380 - INFO - Epoch 15/20
2023-12-11 12:53:59,624 - INFO - The train loss is 0.018611. The valid loss is 0.017302.
2023-12-11 12:53:59,624 - INFO - The train loss is 0.018611. The valid loss is 0.017302.
2023-12-11 12:53:59,624 - INFO - The train loss is 0.018611. The valid loss is 0.017302.
2023-12-11 12:53:59,624 - INFO - The train loss is 0.018611. The valid loss is 0.017302.
2023-12-11 12:53:59,629 - INFO - Epoch 16/20
2023-12-11 12:53:59,629 - INFO - Epoch 16/20
2023-12-11 12:53:59,629 - INFO - Epoch 16/20
2023-12-11 12:53:59,629 - INFO - Epoch 16/20
2023-12-11 12:53:59,872 - INFO - The train loss is 0.017217. The valid loss is 0.015807.
2023-12-11 12:53:59,872 - INFO - The train loss is 0.017217. The valid loss is 0.015807.
2023-12-11 12:53:59,872 - INFO - The train loss is 0.017217. The valid loss is 0.015807.
2023-12-11 12:53:59,872 - INFO - The train loss is 0.017217. The valid loss is 0.015807.
2023-12-11 12:53:59,877 - INFO - Epoch 17/20
2023-12-11 12:53:59,877 - INFO - Epoch 17/20
2023-12-11 12:53:59,877 - INFO - Epoch 17/20
2023-12-11 12:53:59,877 - INFO - Epoch 17/20
2023-12-11 12:54:00,125 - INFO - The train loss is 0.015886. The valid loss is 0.014506.
2023-12-11 12:54:00,125 - INFO - The train loss is 0.015886. The valid loss is 0.014506.
2023-12-11 12:54:00,125 - INFO - The train loss is 0.015886. The valid loss is 0.014506.
2023-12-11 12:54:00,125 - INFO - The train loss is 0.015886. The valid loss is 0.014506.
2023-12-11 12:54:00,130 - INFO - Epoch 18/20
2023-12-11 12:54:00,130 - INFO - Epoch 18/20
2023-12-11 12:54:00,130 - INFO - Epoch 18/20
2023-12-11 12:54:00,130 - INFO - Epoch 18/20
2023-12-11 12:54:00,388 - INFO - The train loss is 0.014790. The valid loss is 0.013376.
2023-12-11 12:54:00,388 - INFO - The train loss is 0.014790. The valid loss is 0.013376.
2023-12-11 12:54:00,388 - INFO - The train loss is 0.014790. The valid loss is 0.013376.
2023-12-11 12:54:00,388 - INFO - The train loss is 0.014790. The valid loss is 0.013376.
2023-12-11 12:54:00,393 - INFO - Epoch 19/20
2023-12-11 12:54:00,393 - INFO - Epoch 19/20
2023-12-11 12:54:00,393 - INFO - Epoch 19/20
2023-12-11 12:54:00,393 - INFO - Epoch 19/20
2023-12-11 12:54:00,644 - INFO - The train loss is 0.013690. The valid loss is 0.012426.
2023-12-11 12:54:00,644 - INFO - The train loss is 0.013690. The valid loss is 0.012426.
2023-12-11 12:54:00,644 - INFO - The train loss is 0.013690. The valid loss is 0.012426.
2023-12-11 12:54:00,644 - INFO - The train loss is 0.013690. The valid loss is 0.012426.
2023-12-11 12:54:00,656 - INFO - The mean squared error of stock ['low', 'high'] is [0.01644947 0.01359585]
2023-12-11 12:54:00,656 - INFO - The mean squared error of stock ['low', 'high'] is [0.01644947 0.01359585]
2023-12-11 12:54:00,656 - INFO - The mean squared error of stock ['low', 'high'] is [0.01644947 0.01359585]
2023-12-11 12:54:00,656 - INFO - The mean squared error of stock ['low', 'high'] is [0.01644947 0.01359585]
