2023-12-11 12:20:05,690 - INFO - 
Config:
'add_train': False
'batch_size': 64
'continue_flag': ''
'cur_time': '2023_12_11_12_19_36'
'debug_mode': False
'debug_num': 500
'do_continue_train': False
'do_figure_save': False
'do_log_print_to_screen': True
'do_log_save_to_file': True
'do_predict': True
'do_train': True
'do_train_visualized': False
'dropout_rate': 0.2
'epoch': 20
'feature_columns': [2, 3, 4, 5, 6, 7, 8]
'figure_save_path': './figure/'
'hidden_size': 128
'input_size': 7
'label_columns': [4, 5]
'label_in_feature_index': [2, 3]
'learning_rate': 0.001
'log_save_path': './log/2023_12_11_12_19_36_pytorch/'
'lstm_layers': 2
'model_postfix': {'pytorch': '.pth'
'keras': '.h5'
'tensorflow': '.ckpt'}
'model_save_path': 'D:\\zcj\\myweb\\teststock\\prediction\\LSTMPredictStock\\saved_models/'
'output_size': 2
'patience': 5
'predict_day': 1
'random_seed': 42
'shuffle_train_data': True
'time_step': 20
'train_data_path': 'D:\\zcj\\myweb\\teststock\\prediction\\LSTMPredictStock\\data/py'
'train_data_rate': 0.95
'use_cuda': False
'used_frame': 'pytorch'
'valid_data_rate': 0.15
2023-12-11 12:20:06,098 - INFO - Epoch 0/20
2023-12-11 12:20:06,411 - INFO - The train loss is 0.711874. The valid loss is 0.303798.
2023-12-11 12:20:06,431 - INFO - Epoch 1/20
2023-12-11 12:20:06,693 - INFO - The train loss is 0.229920. The valid loss is 0.170551.
2023-12-11 12:20:06,697 - INFO - Epoch 2/20
2023-12-11 12:20:06,955 - INFO - The train loss is 0.140882. The valid loss is 0.122677.
2023-12-11 12:20:06,960 - INFO - Epoch 3/20
2023-12-11 12:20:07,219 - INFO - The train loss is 0.096355. The valid loss is 0.087253.
2023-12-11 12:20:07,223 - INFO - Epoch 4/20
2023-12-11 12:20:07,498 - INFO - The train loss is 0.070711. The valid loss is 0.067578.
2023-12-11 12:20:07,503 - INFO - Epoch 5/20
2023-12-11 12:20:07,766 - INFO - The train loss is 0.055910. The valid loss is 0.055195.
2023-12-11 12:20:07,770 - INFO - Epoch 6/20
2023-12-11 12:20:08,032 - INFO - The train loss is 0.046894. The valid loss is 0.046680.
2023-12-11 12:20:08,036 - INFO - Epoch 7/20
2023-12-11 12:20:08,307 - INFO - The train loss is 0.040104. The valid loss is 0.039878.
2023-12-11 12:20:08,312 - INFO - Epoch 8/20
2023-12-11 12:20:08,573 - INFO - The train loss is 0.035756. The valid loss is 0.034951.
2023-12-11 12:20:08,579 - INFO - Epoch 9/20
2023-12-11 12:20:08,840 - INFO - The train loss is 0.031484. The valid loss is 0.030862.
2023-12-11 12:20:08,845 - INFO - Epoch 10/20
2023-12-11 12:20:09,099 - INFO - The train loss is 0.028196. The valid loss is 0.027426.
2023-12-11 12:20:09,104 - INFO - Epoch 11/20
2023-12-11 12:20:09,358 - INFO - The train loss is 0.025472. The valid loss is 0.024468.
2023-12-11 12:20:09,362 - INFO - Epoch 12/20
2023-12-11 12:20:09,612 - INFO - The train loss is 0.022957. The valid loss is 0.021886.
2023-12-11 12:20:09,617 - INFO - Epoch 13/20
2023-12-11 12:20:09,860 - INFO - The train loss is 0.021034. The valid loss is 0.019608.
2023-12-11 12:20:09,864 - INFO - Epoch 14/20
2023-12-11 12:20:10,107 - INFO - The train loss is 0.018942. The valid loss is 0.017608.
2023-12-11 12:20:10,112 - INFO - Epoch 15/20
2023-12-11 12:20:10,354 - INFO - The train loss is 0.017333. The valid loss is 0.015823.
2023-12-11 12:20:10,359 - INFO - Epoch 16/20
2023-12-11 12:20:10,628 - INFO - The train loss is 0.015661. The valid loss is 0.014296.
2023-12-11 12:20:10,633 - INFO - Epoch 17/20
2023-12-11 12:20:10,886 - INFO - The train loss is 0.014538. The valid loss is 0.012962.
2023-12-11 12:20:10,890 - INFO - Epoch 18/20
2023-12-11 12:20:11,133 - INFO - The train loss is 0.013491. The valid loss is 0.011829.
2023-12-11 12:20:11,138 - INFO - Epoch 19/20
2023-12-11 12:20:11,379 - INFO - The train loss is 0.012624. The valid loss is 0.010901.
2023-12-11 12:20:11,394 - INFO - The mean squared error of stock ['low', 'high'] is [0.01395947 0.01131818]
2023-12-11 12:20:11,394 - ERROR - Run Error
Traceback (most recent call last):
  File "D:\zcj\myweb\teststock\prediction\LSTMPredictStock\pypredic.py", line 273, in main
    str(round(np.squeeze(predict_data[-config.predict_day:, i]),2)))
TypeError: type numpy.ndarray doesn't define __round__ method
2023-12-11 12:20:11,396 - ERROR - Internal Server Error: /prediction/pred
Traceback (most recent call last):
  File "D:\zcj\myweb\venv\lib\site-packages\django\core\handlers\exception.py", line 55, in inner
    response = get_response(request)
  File "D:\zcj\myweb\venv\lib\site-packages\django\core\handlers\base.py", line 197, in _get_response
    response = wrapped_callback(request, *callback_args, **callback_kwargs)
  File "D:\zcj\myweb\teststock\prediction\views.py", line 48, in pred
    info,label_X,predict_X,label_data,predict_data =pypredic.main(stock_code)
TypeError: cannot unpack non-iterable NoneType object
2023-12-11 12:21:04,711 - INFO - D:\zcj\myweb\teststock\prediction\views.py changed, reloading.
