2023-12-11 12:26:39,130 - INFO - 
Config:
'add_train': False
'batch_size': 64
'continue_flag': ''
'cur_time': '2023_12_11_12_25_37'
'debug_mode': False
'debug_num': 500
'do_continue_train': False
'do_figure_save': False
'do_log_print_to_screen': True
'do_log_save_to_file': True
'do_predict': True
'do_train': True
'do_train_visualized': False
'dropout_rate': 0.2
'epoch': 20
'feature_columns': [2, 3, 4, 5, 6, 7, 8]
'figure_save_path': './figure/'
'hidden_size': 128
'input_size': 7
'label_columns': [4, 5]
'label_in_feature_index': [2, 3]
'learning_rate': 0.001
'log_save_path': './log/2023_12_11_12_25_37_pytorch/'
'lstm_layers': 2
'model_postfix': {'pytorch': '.pth'
'keras': '.h5'
'tensorflow': '.ckpt'}
'model_save_path': 'D:\\zcj\\myweb\\teststock\\prediction\\LSTMPredictStock\\saved_models/'
'output_size': 2
'patience': 5
'predict_day': 1
'random_seed': 42
'shuffle_train_data': True
'time_step': 20
'train_data_path': 'D:\\zcj\\myweb\\teststock\\prediction\\LSTMPredictStock\\data/py'
'train_data_rate': 0.95
'use_cuda': False
'used_frame': 'pytorch'
'valid_data_rate': 0.15
2023-12-11 12:26:39,614 - INFO - Epoch 0/20
2023-12-11 12:26:39,917 - INFO - The train loss is 0.698762. The valid loss is 0.282360.
2023-12-11 12:26:39,937 - INFO - Epoch 1/20
2023-12-11 12:26:40,181 - INFO - The train loss is 0.225636. The valid loss is 0.165524.
2023-12-11 12:26:40,186 - INFO - Epoch 2/20
2023-12-11 12:26:40,427 - INFO - The train loss is 0.144015. The valid loss is 0.123419.
2023-12-11 12:26:40,432 - INFO - Epoch 3/20
2023-12-11 12:26:40,675 - INFO - The train loss is 0.097671. The valid loss is 0.086727.
2023-12-11 12:26:40,680 - INFO - Epoch 4/20
2023-12-11 12:26:40,942 - INFO - The train loss is 0.070132. The valid loss is 0.066034.
2023-12-11 12:26:40,948 - INFO - Epoch 5/20
2023-12-11 12:26:41,212 - INFO - The train loss is 0.055254. The valid loss is 0.054053.
2023-12-11 12:26:41,217 - INFO - Epoch 6/20
2023-12-11 12:26:41,476 - INFO - The train loss is 0.046105. The valid loss is 0.045604.
2023-12-11 12:26:41,482 - INFO - Epoch 7/20
2023-12-11 12:26:41,749 - INFO - The train loss is 0.039562. The valid loss is 0.039347.
2023-12-11 12:26:41,753 - INFO - Epoch 8/20
2023-12-11 12:26:42,014 - INFO - The train loss is 0.034916. The valid loss is 0.034492.
2023-12-11 12:26:42,019 - INFO - Epoch 9/20
2023-12-11 12:26:42,286 - INFO - The train loss is 0.031213. The valid loss is 0.030469.
2023-12-11 12:26:42,291 - INFO - Epoch 10/20
2023-12-11 12:26:42,560 - INFO - The train loss is 0.027878. The valid loss is 0.027104.
2023-12-11 12:26:42,565 - INFO - Epoch 11/20
2023-12-11 12:26:42,830 - INFO - The train loss is 0.025336. The valid loss is 0.024183.
2023-12-11 12:26:42,835 - INFO - Epoch 12/20
2023-12-11 12:26:43,102 - INFO - The train loss is 0.022918. The valid loss is 0.021636.
2023-12-11 12:26:43,107 - INFO - Epoch 13/20
2023-12-11 12:26:43,376 - INFO - The train loss is 0.020687. The valid loss is 0.019334.
2023-12-11 12:26:43,381 - INFO - Epoch 14/20
2023-12-11 12:26:43,642 - INFO - The train loss is 0.018575. The valid loss is 0.017320.
2023-12-11 12:26:43,647 - INFO - Epoch 15/20
2023-12-11 12:26:43,905 - INFO - The train loss is 0.017192. The valid loss is 0.015590.
2023-12-11 12:26:43,909 - INFO - Epoch 16/20
2023-12-11 12:26:44,152 - INFO - The train loss is 0.015817. The valid loss is 0.014104.
2023-12-11 12:26:44,157 - INFO - Epoch 17/20
2023-12-11 12:26:44,400 - INFO - The train loss is 0.014623. The valid loss is 0.012864.
2023-12-11 12:26:44,404 - INFO - Epoch 18/20
2023-12-11 12:26:44,655 - INFO - The train loss is 0.013521. The valid loss is 0.011814.
2023-12-11 12:26:44,659 - INFO - Epoch 19/20
2023-12-11 12:26:44,908 - INFO - The train loss is 0.012678. The valid loss is 0.010957.
2023-12-11 12:26:44,925 - INFO - The mean squared error of stock ['low', 'high'] is [0.01668474 0.01329775]
