2023-12-11 12:36:59,313 - INFO - 
Config:
'add_train': False
'batch_size': 64
'continue_flag': ''
'cur_time': '2023_12_11_12_36_50'
'debug_mode': False
'debug_num': 500
'do_continue_train': False
'do_figure_save': False
'do_log_print_to_screen': True
'do_log_save_to_file': True
'do_predict': True
'do_train': True
'do_train_visualized': False
'dropout_rate': 0.2
'epoch': 20
'feature_columns': [2, 3, 4, 5, 6, 7, 8]
'figure_save_path': './figure/'
'hidden_size': 128
'input_size': 7
'label_columns': [4, 5]
'label_in_feature_index': [2, 3]
'learning_rate': 0.001
'log_save_path': './log/2023_12_11_12_36_50_pytorch/'
'lstm_layers': 2
'model_postfix': {'pytorch': '.pth'
'keras': '.h5'
'tensorflow': '.ckpt'}
'model_save_path': 'D:\\zcj\\myweb\\teststock\\prediction\\LSTMPredictStock\\saved_models/'
'output_size': 2
'patience': 5
'predict_day': 1
'random_seed': 42
'shuffle_train_data': True
'time_step': 20
'train_data_path': 'D:\\zcj\\myweb\\teststock\\prediction\\LSTMPredictStock\\data/py'
'train_data_rate': 0.95
'use_cuda': False
'used_frame': 'pytorch'
'valid_data_rate': 0.15
2023-12-11 12:36:59,787 - INFO - Epoch 0/20
2023-12-11 12:37:00,093 - INFO - The train loss is 0.699418. The valid loss is 0.296846.
2023-12-11 12:37:00,112 - INFO - Epoch 1/20
2023-12-11 12:37:00,379 - INFO - The train loss is 0.225301. The valid loss is 0.170654.
2023-12-11 12:37:00,384 - INFO - Epoch 2/20
2023-12-11 12:37:00,647 - INFO - The train loss is 0.135860. The valid loss is 0.120205.
2023-12-11 12:37:00,651 - INFO - Epoch 3/20
2023-12-11 12:37:00,915 - INFO - The train loss is 0.091214. The valid loss is 0.084635.
2023-12-11 12:37:00,920 - INFO - Epoch 4/20
2023-12-11 12:37:01,180 - INFO - The train loss is 0.068644. The valid loss is 0.066982.
2023-12-11 12:37:01,184 - INFO - Epoch 5/20
2023-12-11 12:37:01,447 - INFO - The train loss is 0.055190. The valid loss is 0.054840.
2023-12-11 12:37:01,451 - INFO - Epoch 6/20
2023-12-11 12:37:01,715 - INFO - The train loss is 0.046307. The valid loss is 0.046287.
2023-12-11 12:37:01,720 - INFO - Epoch 7/20
2023-12-11 12:37:01,986 - INFO - The train loss is 0.039884. The valid loss is 0.039755.
2023-12-11 12:37:01,991 - INFO - Epoch 8/20
2023-12-11 12:37:02,259 - INFO - The train loss is 0.034838. The valid loss is 0.034697.
2023-12-11 12:37:02,264 - INFO - Epoch 9/20
2023-12-11 12:37:02,520 - INFO - The train loss is 0.031021. The valid loss is 0.030610.
2023-12-11 12:37:02,525 - INFO - Epoch 10/20
2023-12-11 12:37:02,780 - INFO - The train loss is 0.027791. The valid loss is 0.027197.
2023-12-11 12:37:02,785 - INFO - Epoch 11/20
2023-12-11 12:37:03,023 - INFO - The train loss is 0.024847. The valid loss is 0.024315.
2023-12-11 12:37:03,027 - INFO - Epoch 12/20
2023-12-11 12:37:03,268 - INFO - The train loss is 0.022816. The valid loss is 0.021825.
2023-12-11 12:37:03,273 - INFO - Epoch 13/20
2023-12-11 12:37:03,512 - INFO - The train loss is 0.020984. The valid loss is 0.019672.
2023-12-11 12:37:03,516 - INFO - Epoch 14/20
2023-12-11 12:37:03,758 - INFO - The train loss is 0.018854. The valid loss is 0.017677.
2023-12-11 12:37:03,775 - INFO - Epoch 15/20
2023-12-11 12:37:04,036 - INFO - The train loss is 0.017252. The valid loss is 0.015985.
2023-12-11 12:37:04,041 - INFO - Epoch 16/20
2023-12-11 12:37:04,303 - INFO - The train loss is 0.016004. The valid loss is 0.014517.
2023-12-11 12:37:04,307 - INFO - Epoch 17/20
2023-12-11 12:37:04,571 - INFO - The train loss is 0.014756. The valid loss is 0.013236.
2023-12-11 12:37:04,576 - INFO - Epoch 18/20
2023-12-11 12:37:04,837 - INFO - The train loss is 0.013742. The valid loss is 0.012186.
2023-12-11 12:37:04,842 - INFO - Epoch 19/20
2023-12-11 12:37:05,103 - INFO - The train loss is 0.012842. The valid loss is 0.011283.
2023-12-11 12:37:05,119 - INFO - The mean squared error of stock ['low', 'high'] is [0.01652871 0.01333061]
