2023-12-11 13:50:46,934 - INFO - 
Config:
'add_train': False
'batch_size': 64
'continue_flag': ''
'cur_time': '2023_12_11_13_50_11'
'debug_mode': False
'debug_num': 500
'do_continue_train': False
'do_figure_save': False
'do_log_print_to_screen': True
'do_log_save_to_file': True
'do_predict': True
'do_train': True
'do_train_visualized': False
'dropout_rate': 0.2
'epoch': 20
'feature_columns': [2, 3, 4, 5, 6, 7, 8]
'figure_save_path': './figure/'
'hidden_size': 128
'input_size': 7
'label_columns': [4, 5]
'label_in_feature_index': [2, 3]
'learning_rate': 0.001
'log_save_path': './log/2023_12_11_13_50_11_pytorch/'
'lstm_layers': 2
'model_postfix': {'pytorch': '.pth'
'keras': '.h5'
'tensorflow': '.ckpt'}
'model_save_path': 'D:\\zcj\\myweb\\teststock\\prediction\\LSTMPredictStock\\saved_models/'
'output_size': 2
'patience': 5
'predict_day': 1
'random_seed': 42
'shuffle_train_data': True
'time_step': 20
'train_data_path': 'D:\\zcj\\myweb\\teststock\\prediction\\LSTMPredictStock\\data/py'
'train_data_rate': 0.95
'use_cuda': False
'used_frame': 'pytorch'
'valid_data_rate': 0.15
2023-12-11 13:50:47,428 - INFO - Epoch 0/20
2023-12-11 13:50:47,750 - INFO - The train loss is 0.671207. The valid loss is 0.301995.
2023-12-11 13:50:47,769 - INFO - Epoch 1/20
2023-12-11 13:50:48,028 - INFO - The train loss is 0.221629. The valid loss is 0.183451.
2023-12-11 13:50:48,033 - INFO - Epoch 2/20
2023-12-11 13:50:48,294 - INFO - The train loss is 0.136825. The valid loss is 0.126188.
2023-12-11 13:50:48,299 - INFO - Epoch 3/20
2023-12-11 13:50:48,558 - INFO - The train loss is 0.092333. The valid loss is 0.085327.
2023-12-11 13:50:48,563 - INFO - Epoch 4/20
2023-12-11 13:50:48,817 - INFO - The train loss is 0.067465. The valid loss is 0.064618.
2023-12-11 13:50:48,821 - INFO - Epoch 5/20
2023-12-11 13:50:49,076 - INFO - The train loss is 0.053137. The valid loss is 0.053053.
2023-12-11 13:50:49,081 - INFO - Epoch 6/20
2023-12-11 13:50:49,334 - INFO - The train loss is 0.044642. The valid loss is 0.045353.
2023-12-11 13:50:49,338 - INFO - Epoch 7/20
2023-12-11 13:50:49,596 - INFO - The train loss is 0.038475. The valid loss is 0.038572.
2023-12-11 13:50:49,600 - INFO - Epoch 8/20
2023-12-11 13:50:49,863 - INFO - The train loss is 0.033808. The valid loss is 0.033742.
2023-12-11 13:50:49,868 - INFO - Epoch 9/20
2023-12-11 13:50:50,123 - INFO - The train loss is 0.030130. The valid loss is 0.029875.
2023-12-11 13:50:50,128 - INFO - Epoch 10/20
2023-12-11 13:50:50,381 - INFO - The train loss is 0.027157. The valid loss is 0.026556.
2023-12-11 13:50:50,385 - INFO - Epoch 11/20
2023-12-11 13:50:50,633 - INFO - The train loss is 0.024332. The valid loss is 0.023793.
2023-12-11 13:50:50,638 - INFO - Epoch 12/20
2023-12-11 13:50:50,877 - INFO - The train loss is 0.022372. The valid loss is 0.021399.
2023-12-11 13:50:50,882 - INFO - Epoch 13/20
2023-12-11 13:50:51,120 - INFO - The train loss is 0.020293. The valid loss is 0.019306.
2023-12-11 13:50:51,124 - INFO - Epoch 14/20
2023-12-11 13:50:51,364 - INFO - The train loss is 0.018702. The valid loss is 0.017465.
2023-12-11 13:50:51,368 - INFO - Epoch 15/20
2023-12-11 13:50:51,632 - INFO - The train loss is 0.017334. The valid loss is 0.015836.
2023-12-11 13:50:51,637 - INFO - Epoch 16/20
2023-12-11 13:50:51,893 - INFO - The train loss is 0.015775. The valid loss is 0.014444.
2023-12-11 13:50:51,898 - INFO - Epoch 17/20
2023-12-11 13:50:52,156 - INFO - The train loss is 0.014707. The valid loss is 0.013273.
2023-12-11 13:50:52,161 - INFO - Epoch 18/20
2023-12-11 13:50:52,418 - INFO - The train loss is 0.013756. The valid loss is 0.012288.
2023-12-11 13:50:52,423 - INFO - Epoch 19/20
2023-12-11 13:50:52,685 - INFO - The train loss is 0.012990. The valid loss is 0.011456.
2023-12-11 13:50:52,701 - INFO - The mean squared error of stock ['low', 'high'] is [0.01461267 0.01305486]
2023-12-11 13:51:05,991 - INFO - 
Config:
'add_train': False
'batch_size': 64
'continue_flag': ''
'cur_time': '2023_12_11_13_50_11'
'debug_mode': False
'debug_num': 500
'do_continue_train': False
'do_figure_save': False
'do_log_print_to_screen': True
'do_log_save_to_file': True
'do_predict': True
'do_train': True
'do_train_visualized': False
'dropout_rate': 0.2
'epoch': 20
'feature_columns': [2, 3, 4, 5, 6, 7, 8]
'figure_save_path': './figure/'
'hidden_size': 128
'input_size': 7
'label_columns': [4, 5]
'label_in_feature_index': [2, 3]
'learning_rate': 0.001
'log_save_path': './log/2023_12_11_13_50_11_pytorch/'
'lstm_layers': 2
'model_postfix': {'pytorch': '.pth'
'keras': '.h5'
'tensorflow': '.ckpt'}
'model_save_path': 'D:\\zcj\\myweb\\teststock\\prediction\\LSTMPredictStock\\saved_models/'
'output_size': 2
'patience': 5
'predict_day': 1
'random_seed': 42
'shuffle_train_data': True
'time_step': 20
'train_data_path': 'D:\\zcj\\myweb\\teststock\\prediction\\LSTMPredictStock\\data/py'
'train_data_rate': 0.95
'use_cuda': False
'used_frame': 'pytorch'
'valid_data_rate': 0.15
2023-12-11 13:51:05,991 - INFO - 
Config:
'add_train': False
'batch_size': 64
'continue_flag': ''
'cur_time': '2023_12_11_13_50_11'
'debug_mode': False
'debug_num': 500
'do_continue_train': False
'do_figure_save': False
'do_log_print_to_screen': True
'do_log_save_to_file': True
'do_predict': True
'do_train': True
'do_train_visualized': False
'dropout_rate': 0.2
'epoch': 20
'feature_columns': [2, 3, 4, 5, 6, 7, 8]
'figure_save_path': './figure/'
'hidden_size': 128
'input_size': 7
'label_columns': [4, 5]
'label_in_feature_index': [2, 3]
'learning_rate': 0.001
'log_save_path': './log/2023_12_11_13_50_11_pytorch/'
'lstm_layers': 2
'model_postfix': {'pytorch': '.pth'
'keras': '.h5'
'tensorflow': '.ckpt'}
'model_save_path': 'D:\\zcj\\myweb\\teststock\\prediction\\LSTMPredictStock\\saved_models/'
'output_size': 2
'patience': 5
'predict_day': 1
'random_seed': 42
'shuffle_train_data': True
'time_step': 20
'train_data_path': 'D:\\zcj\\myweb\\teststock\\prediction\\LSTMPredictStock\\data/py'
'train_data_rate': 0.95
'use_cuda': False
'used_frame': 'pytorch'
'valid_data_rate': 0.15
2023-12-11 13:51:06,005 - INFO - Epoch 0/20
2023-12-11 13:51:06,005 - INFO - Epoch 0/20
2023-12-11 13:51:06,279 - INFO - The train loss is 0.772167. The valid loss is 0.430722.
2023-12-11 13:51:06,279 - INFO - The train loss is 0.772167. The valid loss is 0.430722.
2023-12-11 13:51:06,284 - INFO - Epoch 1/20
2023-12-11 13:51:06,284 - INFO - Epoch 1/20
2023-12-11 13:51:06,524 - INFO - The train loss is 0.271783. The valid loss is 0.192275.
2023-12-11 13:51:06,524 - INFO - The train loss is 0.271783. The valid loss is 0.192275.
2023-12-11 13:51:06,529 - INFO - Epoch 2/20
2023-12-11 13:51:06,529 - INFO - Epoch 2/20
2023-12-11 13:51:06,771 - INFO - The train loss is 0.158288. The valid loss is 0.135931.
2023-12-11 13:51:06,771 - INFO - The train loss is 0.158288. The valid loss is 0.135931.
2023-12-11 13:51:06,776 - INFO - Epoch 3/20
2023-12-11 13:51:06,776 - INFO - Epoch 3/20
2023-12-11 13:51:07,014 - INFO - The train loss is 0.109503. The valid loss is 0.093583.
2023-12-11 13:51:07,014 - INFO - The train loss is 0.109503. The valid loss is 0.093583.
2023-12-11 13:51:07,019 - INFO - Epoch 4/20
2023-12-11 13:51:07,019 - INFO - Epoch 4/20
2023-12-11 13:51:07,258 - INFO - The train loss is 0.076386. The valid loss is 0.070725.
2023-12-11 13:51:07,258 - INFO - The train loss is 0.076386. The valid loss is 0.070725.
2023-12-11 13:51:07,263 - INFO - Epoch 5/20
2023-12-11 13:51:07,263 - INFO - Epoch 5/20
2023-12-11 13:51:07,525 - INFO - The train loss is 0.058736. The valid loss is 0.057668.
2023-12-11 13:51:07,525 - INFO - The train loss is 0.058736. The valid loss is 0.057668.
2023-12-11 13:51:07,530 - INFO - Epoch 6/20
2023-12-11 13:51:07,530 - INFO - Epoch 6/20
2023-12-11 13:51:07,793 - INFO - The train loss is 0.048699. The valid loss is 0.048252.
2023-12-11 13:51:07,793 - INFO - The train loss is 0.048699. The valid loss is 0.048252.
2023-12-11 13:51:07,798 - INFO - Epoch 7/20
2023-12-11 13:51:07,798 - INFO - Epoch 7/20
2023-12-11 13:51:08,039 - INFO - The train loss is 0.041481. The valid loss is 0.041358.
2023-12-11 13:51:08,039 - INFO - The train loss is 0.041481. The valid loss is 0.041358.
2023-12-11 13:51:08,044 - INFO - Epoch 8/20
2023-12-11 13:51:08,044 - INFO - Epoch 8/20
2023-12-11 13:51:08,281 - INFO - The train loss is 0.036346. The valid loss is 0.036197.
2023-12-11 13:51:08,281 - INFO - The train loss is 0.036346. The valid loss is 0.036197.
2023-12-11 13:51:08,286 - INFO - Epoch 9/20
2023-12-11 13:51:08,286 - INFO - Epoch 9/20
2023-12-11 13:51:08,525 - INFO - The train loss is 0.032453. The valid loss is 0.031890.
2023-12-11 13:51:08,525 - INFO - The train loss is 0.032453. The valid loss is 0.031890.
2023-12-11 13:51:08,531 - INFO - Epoch 10/20
2023-12-11 13:51:08,531 - INFO - Epoch 10/20
2023-12-11 13:51:08,772 - INFO - The train loss is 0.028897. The valid loss is 0.028323.
2023-12-11 13:51:08,772 - INFO - The train loss is 0.028897. The valid loss is 0.028323.
2023-12-11 13:51:08,777 - INFO - Epoch 11/20
2023-12-11 13:51:08,777 - INFO - Epoch 11/20
2023-12-11 13:51:09,032 - INFO - The train loss is 0.026069. The valid loss is 0.025283.
2023-12-11 13:51:09,032 - INFO - The train loss is 0.026069. The valid loss is 0.025283.
2023-12-11 13:51:09,036 - INFO - Epoch 12/20
2023-12-11 13:51:09,036 - INFO - Epoch 12/20
2023-12-11 13:51:09,289 - INFO - The train loss is 0.023576. The valid loss is 0.022690.
2023-12-11 13:51:09,289 - INFO - The train loss is 0.023576. The valid loss is 0.022690.
2023-12-11 13:51:09,294 - INFO - Epoch 13/20
2023-12-11 13:51:09,294 - INFO - Epoch 13/20
2023-12-11 13:51:09,539 - INFO - The train loss is 0.021627. The valid loss is 0.020419.
2023-12-11 13:51:09,539 - INFO - The train loss is 0.021627. The valid loss is 0.020419.
2023-12-11 13:51:09,544 - INFO - Epoch 14/20
2023-12-11 13:51:09,544 - INFO - Epoch 14/20
2023-12-11 13:51:09,785 - INFO - The train loss is 0.019657. The valid loss is 0.018425.
2023-12-11 13:51:09,785 - INFO - The train loss is 0.019657. The valid loss is 0.018425.
2023-12-11 13:51:09,790 - INFO - Epoch 15/20
2023-12-11 13:51:09,790 - INFO - Epoch 15/20
2023-12-11 13:51:10,031 - INFO - The train loss is 0.018151. The valid loss is 0.016656.
2023-12-11 13:51:10,031 - INFO - The train loss is 0.018151. The valid loss is 0.016656.
2023-12-11 13:51:10,035 - INFO - Epoch 16/20
2023-12-11 13:51:10,035 - INFO - Epoch 16/20
2023-12-11 13:51:10,275 - INFO - The train loss is 0.016622. The valid loss is 0.015144.
2023-12-11 13:51:10,275 - INFO - The train loss is 0.016622. The valid loss is 0.015144.
2023-12-11 13:51:10,280 - INFO - Epoch 17/20
2023-12-11 13:51:10,280 - INFO - Epoch 17/20
2023-12-11 13:51:10,533 - INFO - The train loss is 0.015406. The valid loss is 0.013854.
2023-12-11 13:51:10,533 - INFO - The train loss is 0.015406. The valid loss is 0.013854.
2023-12-11 13:51:10,540 - INFO - Epoch 18/20
2023-12-11 13:51:10,540 - INFO - Epoch 18/20
2023-12-11 13:51:10,795 - INFO - The train loss is 0.014591. The valid loss is 0.012742.
2023-12-11 13:51:10,795 - INFO - The train loss is 0.014591. The valid loss is 0.012742.
2023-12-11 13:51:10,800 - INFO - Epoch 19/20
2023-12-11 13:51:10,800 - INFO - Epoch 19/20
2023-12-11 13:51:11,045 - INFO - The train loss is 0.013352. The valid loss is 0.011829.
2023-12-11 13:51:11,045 - INFO - The train loss is 0.013352. The valid loss is 0.011829.
2023-12-11 13:51:11,056 - INFO - The mean squared error of stock ['low', 'high'] is [0.01336478 0.01404661]
2023-12-11 13:51:11,056 - INFO - The mean squared error of stock ['low', 'high'] is [0.01336478 0.01404661]
