2023-12-11 14:33:12,515 - INFO - 
Config:
'add_train': False
'batch_size': 64
'continue_flag': ''
'cur_time': '2023_12_11_14_33_04'
'debug_mode': False
'debug_num': 500
'do_continue_train': False
'do_figure_save': False
'do_log_print_to_screen': True
'do_log_save_to_file': True
'do_predict': True
'do_train': True
'do_train_visualized': False
'dropout_rate': 0.2
'epoch': 20
'feature_columns': [2, 3, 4, 5, 6, 7, 8]
'figure_save_path': './figure/'
'hidden_size': 128
'input_size': 7
'label_columns': [4, 5]
'label_in_feature_index': [2, 3]
'learning_rate': 0.001
'log_save_path': './log/2023_12_11_14_33_04_pytorch/'
'lstm_layers': 2
'model_postfix': {'pytorch': '.pth'
'keras': '.h5'
'tensorflow': '.ckpt'}
'model_save_path': 'D:\\zcj\\myweb\\teststock\\prediction\\LSTMPredictStock\\saved_models/'
'output_size': 2
'patience': 5
'predict_day': 1
'random_seed': 42
'shuffle_train_data': True
'time_step': 20
'train_data_path': 'D:\\zcj\\myweb\\teststock\\prediction\\LSTMPredictStock\\data/py'
'train_data_rate': 0.95
'use_cuda': False
'used_frame': 'pytorch'
'valid_data_rate': 0.15
2023-12-11 14:33:12,959 - INFO - Epoch 0/20
2023-12-11 14:33:13,257 - INFO - The train loss is 0.726272. The valid loss is 0.329381.
2023-12-11 14:33:13,277 - INFO - Epoch 1/20
2023-12-11 14:33:13,523 - INFO - The train loss is 0.240436. The valid loss is 0.170083.
2023-12-11 14:33:13,528 - INFO - Epoch 2/20
2023-12-11 14:33:13,769 - INFO - The train loss is 0.143933. The valid loss is 0.125206.
2023-12-11 14:33:13,773 - INFO - Epoch 3/20
2023-12-11 14:33:14,012 - INFO - The train loss is 0.099918. The valid loss is 0.088203.
2023-12-11 14:33:14,017 - INFO - Epoch 4/20
2023-12-11 14:33:14,257 - INFO - The train loss is 0.072696. The valid loss is 0.068449.
2023-12-11 14:33:14,261 - INFO - Epoch 5/20
2023-12-11 14:33:14,528 - INFO - The train loss is 0.057164. The valid loss is 0.056000.
2023-12-11 14:33:14,533 - INFO - Epoch 6/20
2023-12-11 14:33:14,795 - INFO - The train loss is 0.047696. The valid loss is 0.047065.
2023-12-11 14:33:14,799 - INFO - Epoch 7/20
2023-12-11 14:33:15,059 - INFO - The train loss is 0.040908. The valid loss is 0.040288.
2023-12-11 14:33:15,064 - INFO - Epoch 8/20
2023-12-11 14:33:15,326 - INFO - The train loss is 0.035955. The valid loss is 0.035386.
2023-12-11 14:33:15,331 - INFO - Epoch 9/20
2023-12-11 14:33:15,588 - INFO - The train loss is 0.031910. The valid loss is 0.031316.
2023-12-11 14:33:15,593 - INFO - Epoch 10/20
2023-12-11 14:33:15,858 - INFO - The train loss is 0.028753. The valid loss is 0.027994.
2023-12-11 14:33:15,863 - INFO - Epoch 11/20
2023-12-11 14:33:16,122 - INFO - The train loss is 0.026050. The valid loss is 0.025135.
2023-12-11 14:33:16,126 - INFO - Epoch 12/20
2023-12-11 14:33:16,411 - INFO - The train loss is 0.023635. The valid loss is 0.022602.
2023-12-11 14:33:16,415 - INFO - Epoch 13/20
2023-12-11 14:33:16,685 - INFO - The train loss is 0.021540. The valid loss is 0.020335.
2023-12-11 14:33:16,690 - INFO - Epoch 14/20
2023-12-11 14:33:16,957 - INFO - The train loss is 0.019680. The valid loss is 0.018504.
2023-12-11 14:33:16,962 - INFO - Epoch 15/20
2023-12-11 14:33:17,222 - INFO - The train loss is 0.018079. The valid loss is 0.016732.
2023-12-11 14:33:17,226 - INFO - Epoch 16/20
2023-12-11 14:33:17,476 - INFO - The train loss is 0.016625. The valid loss is 0.015277.
2023-12-11 14:33:17,481 - INFO - Epoch 17/20
2023-12-11 14:33:17,731 - INFO - The train loss is 0.015495. The valid loss is 0.014011.
2023-12-11 14:33:17,736 - INFO - Epoch 18/20
2023-12-11 14:33:17,988 - INFO - The train loss is 0.014404. The valid loss is 0.012923.
2023-12-11 14:33:17,993 - INFO - Epoch 19/20
2023-12-11 14:33:18,235 - INFO - The train loss is 0.013458. The valid loss is 0.012034.
2023-12-11 14:33:18,250 - INFO - The mean squared error of stock ['low', 'high'] is [0.01536997 0.01597926]
