2023-12-11 12:22:41,324 - INFO - 
Config:
'add_train': False
'batch_size': 64
'continue_flag': ''
'cur_time': '2023_12_11_12_22_22'
'debug_mode': False
'debug_num': 500
'do_continue_train': False
'do_figure_save': False
'do_log_print_to_screen': True
'do_log_save_to_file': True
'do_predict': True
'do_train': True
'do_train_visualized': False
'dropout_rate': 0.2
'epoch': 20
'feature_columns': [2, 3, 4, 5, 6, 7, 8]
'figure_save_path': './figure/'
'hidden_size': 128
'input_size': 7
'label_columns': [4, 5]
'label_in_feature_index': [2, 3]
'learning_rate': 0.001
'log_save_path': './log/2023_12_11_12_22_22_pytorch/'
'lstm_layers': 2
'model_postfix': {'pytorch': '.pth'
'keras': '.h5'
'tensorflow': '.ckpt'}
'model_save_path': 'D:\\zcj\\myweb\\teststock\\prediction\\LSTMPredictStock\\saved_models/'
'output_size': 2
'patience': 5
'predict_day': 1
'random_seed': 42
'shuffle_train_data': True
'time_step': 20
'train_data_path': 'D:\\zcj\\myweb\\teststock\\prediction\\LSTMPredictStock\\data/py'
'train_data_rate': 0.95
'use_cuda': False
'used_frame': 'pytorch'
'valid_data_rate': 0.15
2023-12-11 12:22:41,798 - INFO - Epoch 0/20
2023-12-11 12:22:42,119 - INFO - The train loss is 0.739473. The valid loss is 0.342060.
2023-12-11 12:22:42,139 - INFO - Epoch 1/20
2023-12-11 12:22:42,396 - INFO - The train loss is 0.245362. The valid loss is 0.178587.
2023-12-11 12:22:42,400 - INFO - Epoch 2/20
2023-12-11 12:22:42,659 - INFO - The train loss is 0.146672. The valid loss is 0.126736.
2023-12-11 12:22:42,664 - INFO - Epoch 3/20
2023-12-11 12:22:42,925 - INFO - The train loss is 0.100180. The valid loss is 0.087408.
2023-12-11 12:22:42,930 - INFO - Epoch 4/20
2023-12-11 12:22:43,195 - INFO - The train loss is 0.070299. The valid loss is 0.066099.
2023-12-11 12:22:43,200 - INFO - Epoch 5/20
2023-12-11 12:22:43,462 - INFO - The train loss is 0.054307. The valid loss is 0.054179.
2023-12-11 12:22:43,467 - INFO - Epoch 6/20
2023-12-11 12:22:43,735 - INFO - The train loss is 0.045577. The valid loss is 0.045873.
2023-12-11 12:22:43,741 - INFO - Epoch 7/20
2023-12-11 12:22:44,004 - INFO - The train loss is 0.039764. The valid loss is 0.039304.
2023-12-11 12:22:44,008 - INFO - Epoch 8/20
2023-12-11 12:22:44,266 - INFO - The train loss is 0.034857. The valid loss is 0.034515.
2023-12-11 12:22:44,271 - INFO - Epoch 9/20
2023-12-11 12:22:44,535 - INFO - The train loss is 0.031240. The valid loss is 0.030582.
2023-12-11 12:22:44,541 - INFO - Epoch 10/20
2023-12-11 12:22:44,800 - INFO - The train loss is 0.027722. The valid loss is 0.027126.
2023-12-11 12:22:44,805 - INFO - Epoch 11/20
2023-12-11 12:22:45,056 - INFO - The train loss is 0.025057. The valid loss is 0.024168.
2023-12-11 12:22:45,061 - INFO - Epoch 12/20
2023-12-11 12:22:45,302 - INFO - The train loss is 0.022923. The valid loss is 0.021578.
2023-12-11 12:22:45,307 - INFO - Epoch 13/20
2023-12-11 12:22:45,547 - INFO - The train loss is 0.020573. The valid loss is 0.019311.
2023-12-11 12:22:45,552 - INFO - Epoch 14/20
2023-12-11 12:22:45,793 - INFO - The train loss is 0.018714. The valid loss is 0.017311.
2023-12-11 12:22:45,798 - INFO - Epoch 15/20
2023-12-11 12:22:46,040 - INFO - The train loss is 0.017024. The valid loss is 0.015597.
2023-12-11 12:22:46,045 - INFO - Epoch 16/20
2023-12-11 12:22:46,302 - INFO - The train loss is 0.015874. The valid loss is 0.014109.
2023-12-11 12:22:46,307 - INFO - Epoch 17/20
2023-12-11 12:22:46,556 - INFO - The train loss is 0.014602. The valid loss is 0.012934.
2023-12-11 12:22:46,560 - INFO - Epoch 18/20
2023-12-11 12:22:46,802 - INFO - The train loss is 0.013507. The valid loss is 0.011910.
2023-12-11 12:22:46,807 - INFO - Epoch 19/20
2023-12-11 12:22:47,045 - INFO - The train loss is 0.012626. The valid loss is 0.010973.
2023-12-11 12:22:47,060 - INFO - The mean squared error of stock ['low', 'high'] is [0.01295886 0.0115043 ]
2023-12-11 12:22:47,060 - ERROR - Run Error
Traceback (most recent call last):
  File "D:\zcj\myweb\teststock\prediction\LSTMPredictStock\pypredic.py", line 273, in main
    str(round(np.squeeze(predict_data[-config.predict_day:, i]),2)))
TypeError: type numpy.ndarray doesn't define __round__ method
2023-12-11 12:23:31,728 - INFO - D:\zcj\myweb\teststock\prediction\LSTMPredictStock\pypredic.py changed, reloading.
