2023-12-11 14:41:41,739 - INFO - 
Config:
'add_train': False
'batch_size': 64
'continue_flag': ''
'cur_time': '2023_12_11_14_41_18'
'debug_mode': False
'debug_num': 500
'do_continue_train': False
'do_figure_save': False
'do_log_print_to_screen': True
'do_log_save_to_file': True
'do_predict': True
'do_train': True
'do_train_visualized': False
'dropout_rate': 0.2
'epoch': 20
'feature_columns': [2, 3, 4, 5, 6, 7, 8]
'figure_save_path': './figure/'
'hidden_size': 128
'input_size': 7
'label_columns': [4, 5]
'label_in_feature_index': [2, 3]
'learning_rate': 0.001
'log_save_path': './log/2023_12_11_14_41_18_pytorch/'
'lstm_layers': 2
'model_postfix': {'pytorch': '.pth'
'keras': '.h5'
'tensorflow': '.ckpt'}
'model_save_path': 'D:\\zcj\\myweb\\teststock\\prediction\\LSTMPredictStock\\saved_models/'
'output_size': 2
'patience': 5
'predict_day': 1
'random_seed': 42
'shuffle_train_data': True
'time_step': 20
'train_data_path': 'D:\\zcj\\myweb\\teststock\\prediction\\LSTMPredictStock\\data/py'
'train_data_rate': 0.95
'use_cuda': False
'used_frame': 'pytorch'
'valid_data_rate': 0.15
2023-12-11 14:41:42,215 - INFO - Epoch 0/20
2023-12-11 14:41:42,507 - INFO - The train loss is 0.682487. The valid loss is 0.296168.
2023-12-11 14:41:42,526 - INFO - Epoch 1/20
2023-12-11 14:41:42,766 - INFO - The train loss is 0.226461. The valid loss is 0.177794.
2023-12-11 14:41:42,771 - INFO - Epoch 2/20
2023-12-11 14:41:43,019 - INFO - The train loss is 0.139212. The valid loss is 0.123544.
2023-12-11 14:41:43,023 - INFO - Epoch 3/20
2023-12-11 14:41:43,278 - INFO - The train loss is 0.091366. The valid loss is 0.082655.
2023-12-11 14:41:43,283 - INFO - Epoch 4/20
2023-12-11 14:41:43,552 - INFO - The train loss is 0.066254. The valid loss is 0.062521.
2023-12-11 14:41:43,556 - INFO - Epoch 5/20
2023-12-11 14:41:43,813 - INFO - The train loss is 0.052797. The valid loss is 0.052783.
2023-12-11 14:41:43,817 - INFO - Epoch 6/20
2023-12-11 14:41:44,073 - INFO - The train loss is 0.044551. The valid loss is 0.044400.
2023-12-11 14:41:44,077 - INFO - Epoch 7/20
2023-12-11 14:41:44,332 - INFO - The train loss is 0.038823. The valid loss is 0.038722.
2023-12-11 14:41:44,337 - INFO - Epoch 8/20
2023-12-11 14:41:44,598 - INFO - The train loss is 0.034335. The valid loss is 0.034186.
2023-12-11 14:41:44,603 - INFO - Epoch 9/20
2023-12-11 14:41:44,859 - INFO - The train loss is 0.030885. The valid loss is 0.030426.
2023-12-11 14:41:44,863 - INFO - Epoch 10/20
2023-12-11 14:41:45,122 - INFO - The train loss is 0.027828. The valid loss is 0.027247.
2023-12-11 14:41:45,126 - INFO - Epoch 11/20
2023-12-11 14:41:45,380 - INFO - The train loss is 0.025128. The valid loss is 0.024494.
2023-12-11 14:41:45,385 - INFO - Epoch 12/20
2023-12-11 14:41:45,644 - INFO - The train loss is 0.022921. The valid loss is 0.022059.
2023-12-11 14:41:45,648 - INFO - Epoch 13/20
2023-12-11 14:41:45,900 - INFO - The train loss is 0.021183. The valid loss is 0.019939.
2023-12-11 14:41:45,905 - INFO - Epoch 14/20
2023-12-11 14:41:46,151 - INFO - The train loss is 0.019316. The valid loss is 0.018055.
2023-12-11 14:41:46,156 - INFO - Epoch 15/20
2023-12-11 14:41:46,410 - INFO - The train loss is 0.017981. The valid loss is 0.016478.
2023-12-11 14:41:46,415 - INFO - Epoch 16/20
2023-12-11 14:41:46,654 - INFO - The train loss is 0.016692. The valid loss is 0.015094.
2023-12-11 14:41:46,659 - INFO - Epoch 17/20
2023-12-11 14:41:46,898 - INFO - The train loss is 0.015289. The valid loss is 0.013829.
2023-12-11 14:41:46,903 - INFO - Epoch 18/20
2023-12-11 14:41:47,155 - INFO - The train loss is 0.014440. The valid loss is 0.012790.
2023-12-11 14:41:47,160 - INFO - Epoch 19/20
2023-12-11 14:41:47,411 - INFO - The train loss is 0.013408. The valid loss is 0.011917.
2023-12-11 14:41:47,426 - INFO - The mean squared error of stock ['low', 'high'] is [0.01512434 0.0153112 ]
2023-12-11 14:42:11,756 - INFO - 
Config:
'add_train': False
'batch_size': 64
'continue_flag': ''
'cur_time': '2023_12_11_14_41_18'
'debug_mode': False
'debug_num': 500
'do_continue_train': False
'do_figure_save': False
'do_log_print_to_screen': True
'do_log_save_to_file': True
'do_predict': True
'do_train': True
'do_train_visualized': False
'dropout_rate': 0.2
'epoch': 20
'feature_columns': [2, 3, 4, 5, 6, 7, 8]
'figure_save_path': './figure/'
'hidden_size': 128
'input_size': 7
'label_columns': [4, 5]
'label_in_feature_index': [2, 3]
'learning_rate': 0.001
'log_save_path': './log/2023_12_11_14_41_18_pytorch/'
'lstm_layers': 2
'model_postfix': {'pytorch': '.pth'
'keras': '.h5'
'tensorflow': '.ckpt'}
'model_save_path': 'D:\\zcj\\myweb\\teststock\\prediction\\LSTMPredictStock\\saved_models/'
'output_size': 2
'patience': 5
'predict_day': 1
'random_seed': 42
'shuffle_train_data': True
'time_step': 20
'train_data_path': 'D:\\zcj\\myweb\\teststock\\prediction\\LSTMPredictStock\\data/py'
'train_data_rate': 0.95
'use_cuda': False
'used_frame': 'pytorch'
'valid_data_rate': 0.15
2023-12-11 14:42:11,756 - INFO - 
Config:
'add_train': False
'batch_size': 64
'continue_flag': ''
'cur_time': '2023_12_11_14_41_18'
'debug_mode': False
'debug_num': 500
'do_continue_train': False
'do_figure_save': False
'do_log_print_to_screen': True
'do_log_save_to_file': True
'do_predict': True
'do_train': True
'do_train_visualized': False
'dropout_rate': 0.2
'epoch': 20
'feature_columns': [2, 3, 4, 5, 6, 7, 8]
'figure_save_path': './figure/'
'hidden_size': 128
'input_size': 7
'label_columns': [4, 5]
'label_in_feature_index': [2, 3]
'learning_rate': 0.001
'log_save_path': './log/2023_12_11_14_41_18_pytorch/'
'lstm_layers': 2
'model_postfix': {'pytorch': '.pth'
'keras': '.h5'
'tensorflow': '.ckpt'}
'model_save_path': 'D:\\zcj\\myweb\\teststock\\prediction\\LSTMPredictStock\\saved_models/'
'output_size': 2
'patience': 5
'predict_day': 1
'random_seed': 42
'shuffle_train_data': True
'time_step': 20
'train_data_path': 'D:\\zcj\\myweb\\teststock\\prediction\\LSTMPredictStock\\data/py'
'train_data_rate': 0.95
'use_cuda': False
'used_frame': 'pytorch'
'valid_data_rate': 0.15
2023-12-11 14:42:11,769 - INFO - Epoch 0/20
2023-12-11 14:42:11,769 - INFO - Epoch 0/20
2023-12-11 14:42:12,030 - INFO - The train loss is 0.688743. The valid loss is 0.274727.
2023-12-11 14:42:12,030 - INFO - The train loss is 0.688743. The valid loss is 0.274727.
2023-12-11 14:42:12,036 - INFO - Epoch 1/20
2023-12-11 14:42:12,036 - INFO - Epoch 1/20
2023-12-11 14:42:12,278 - INFO - The train loss is 0.222611. The valid loss is 0.158694.
2023-12-11 14:42:12,278 - INFO - The train loss is 0.222611. The valid loss is 0.158694.
2023-12-11 14:42:12,283 - INFO - Epoch 2/20
2023-12-11 14:42:12,283 - INFO - Epoch 2/20
2023-12-11 14:42:12,521 - INFO - The train loss is 0.145453. The valid loss is 0.123429.
2023-12-11 14:42:12,521 - INFO - The train loss is 0.145453. The valid loss is 0.123429.
2023-12-11 14:42:12,526 - INFO - Epoch 3/20
2023-12-11 14:42:12,526 - INFO - Epoch 3/20
2023-12-11 14:42:12,767 - INFO - The train loss is 0.100103. The valid loss is 0.089362.
2023-12-11 14:42:12,767 - INFO - The train loss is 0.100103. The valid loss is 0.089362.
2023-12-11 14:42:12,772 - INFO - Epoch 4/20
2023-12-11 14:42:12,772 - INFO - Epoch 4/20
2023-12-11 14:42:13,021 - INFO - The train loss is 0.073723. The valid loss is 0.069625.
2023-12-11 14:42:13,021 - INFO - The train loss is 0.073723. The valid loss is 0.069625.
2023-12-11 14:42:13,026 - INFO - Epoch 5/20
2023-12-11 14:42:13,026 - INFO - Epoch 5/20
2023-12-11 14:42:13,279 - INFO - The train loss is 0.058133. The valid loss is 0.056315.
2023-12-11 14:42:13,279 - INFO - The train loss is 0.058133. The valid loss is 0.056315.
2023-12-11 14:42:13,284 - INFO - Epoch 6/20
2023-12-11 14:42:13,284 - INFO - Epoch 6/20
2023-12-11 14:42:13,545 - INFO - The train loss is 0.047754. The valid loss is 0.046840.
2023-12-11 14:42:13,545 - INFO - The train loss is 0.047754. The valid loss is 0.046840.
2023-12-11 14:42:13,550 - INFO - Epoch 7/20
2023-12-11 14:42:13,550 - INFO - Epoch 7/20
2023-12-11 14:42:13,790 - INFO - The train loss is 0.040801. The valid loss is 0.040302.
2023-12-11 14:42:13,790 - INFO - The train loss is 0.040801. The valid loss is 0.040302.
2023-12-11 14:42:13,795 - INFO - Epoch 8/20
2023-12-11 14:42:13,795 - INFO - Epoch 8/20
2023-12-11 14:42:14,032 - INFO - The train loss is 0.035629. The valid loss is 0.035375.
2023-12-11 14:42:14,032 - INFO - The train loss is 0.035629. The valid loss is 0.035375.
2023-12-11 14:42:14,037 - INFO - Epoch 9/20
2023-12-11 14:42:14,037 - INFO - Epoch 9/20
2023-12-11 14:42:14,275 - INFO - The train loss is 0.032017. The valid loss is 0.031372.
2023-12-11 14:42:14,275 - INFO - The train loss is 0.032017. The valid loss is 0.031372.
2023-12-11 14:42:14,280 - INFO - Epoch 10/20
2023-12-11 14:42:14,280 - INFO - Epoch 10/20
2023-12-11 14:42:14,529 - INFO - The train loss is 0.028847. The valid loss is 0.028100.
2023-12-11 14:42:14,529 - INFO - The train loss is 0.028847. The valid loss is 0.028100.
2023-12-11 14:42:14,534 - INFO - Epoch 11/20
2023-12-11 14:42:14,534 - INFO - Epoch 11/20
2023-12-11 14:42:14,787 - INFO - The train loss is 0.026027. The valid loss is 0.025220.
2023-12-11 14:42:14,787 - INFO - The train loss is 0.026027. The valid loss is 0.025220.
2023-12-11 14:42:14,792 - INFO - Epoch 12/20
2023-12-11 14:42:14,792 - INFO - Epoch 12/20
2023-12-11 14:42:15,041 - INFO - The train loss is 0.023751. The valid loss is 0.022647.
2023-12-11 14:42:15,041 - INFO - The train loss is 0.023751. The valid loss is 0.022647.
2023-12-11 14:42:15,046 - INFO - Epoch 13/20
2023-12-11 14:42:15,046 - INFO - Epoch 13/20
2023-12-11 14:42:15,286 - INFO - The train loss is 0.021842. The valid loss is 0.020420.
2023-12-11 14:42:15,286 - INFO - The train loss is 0.021842. The valid loss is 0.020420.
2023-12-11 14:42:15,290 - INFO - Epoch 14/20
2023-12-11 14:42:15,290 - INFO - Epoch 14/20
2023-12-11 14:42:15,531 - INFO - The train loss is 0.019836. The valid loss is 0.018486.
2023-12-11 14:42:15,531 - INFO - The train loss is 0.019836. The valid loss is 0.018486.
2023-12-11 14:42:15,536 - INFO - Epoch 15/20
2023-12-11 14:42:15,536 - INFO - Epoch 15/20
2023-12-11 14:42:15,781 - INFO - The train loss is 0.018131. The valid loss is 0.016812.
2023-12-11 14:42:15,781 - INFO - The train loss is 0.018131. The valid loss is 0.016812.
2023-12-11 14:42:15,786 - INFO - Epoch 16/20
2023-12-11 14:42:15,786 - INFO - Epoch 16/20
2023-12-11 14:42:16,029 - INFO - The train loss is 0.017082. The valid loss is 0.015290.
2023-12-11 14:42:16,029 - INFO - The train loss is 0.017082. The valid loss is 0.015290.
2023-12-11 14:42:16,034 - INFO - Epoch 17/20
2023-12-11 14:42:16,034 - INFO - Epoch 17/20
2023-12-11 14:42:16,292 - INFO - The train loss is 0.015590. The valid loss is 0.014054.
2023-12-11 14:42:16,292 - INFO - The train loss is 0.015590. The valid loss is 0.014054.
2023-12-11 14:42:16,297 - INFO - Epoch 18/20
2023-12-11 14:42:16,297 - INFO - Epoch 18/20
2023-12-11 14:42:16,551 - INFO - The train loss is 0.014522. The valid loss is 0.012964.
2023-12-11 14:42:16,551 - INFO - The train loss is 0.014522. The valid loss is 0.012964.
2023-12-11 14:42:16,556 - INFO - Epoch 19/20
2023-12-11 14:42:16,556 - INFO - Epoch 19/20
2023-12-11 14:42:16,798 - INFO - The train loss is 0.013573. The valid loss is 0.012035.
2023-12-11 14:42:16,798 - INFO - The train loss is 0.013573. The valid loss is 0.012035.
2023-12-11 14:42:16,810 - INFO - The mean squared error of stock ['low', 'high'] is [0.01876754 0.01700487]
2023-12-11 14:42:16,810 - INFO - The mean squared error of stock ['low', 'high'] is [0.01876754 0.01700487]
2023-12-11 14:42:19,145 - INFO - 
Config:
'add_train': False
'batch_size': 64
'continue_flag': ''
'cur_time': '2023_12_11_14_41_18'
'debug_mode': False
'debug_num': 500
'do_continue_train': False
'do_figure_save': False
'do_log_print_to_screen': True
'do_log_save_to_file': True
'do_predict': True
'do_train': True
'do_train_visualized': False
'dropout_rate': 0.2
'epoch': 20
'feature_columns': [2, 3, 4, 5, 6, 7, 8]
'figure_save_path': './figure/'
'hidden_size': 128
'input_size': 7
'label_columns': [4, 5]
'label_in_feature_index': [2, 3]
'learning_rate': 0.001
'log_save_path': './log/2023_12_11_14_41_18_pytorch/'
'lstm_layers': 2
'model_postfix': {'pytorch': '.pth'
'keras': '.h5'
'tensorflow': '.ckpt'}
'model_save_path': 'D:\\zcj\\myweb\\teststock\\prediction\\LSTMPredictStock\\saved_models/'
'output_size': 2
'patience': 5
'predict_day': 1
'random_seed': 42
'shuffle_train_data': True
'time_step': 20
'train_data_path': 'D:\\zcj\\myweb\\teststock\\prediction\\LSTMPredictStock\\data/py'
'train_data_rate': 0.95
'use_cuda': False
'used_frame': 'pytorch'
'valid_data_rate': 0.15
2023-12-11 14:42:19,145 - INFO - 
Config:
'add_train': False
'batch_size': 64
'continue_flag': ''
'cur_time': '2023_12_11_14_41_18'
'debug_mode': False
'debug_num': 500
'do_continue_train': False
'do_figure_save': False
'do_log_print_to_screen': True
'do_log_save_to_file': True
'do_predict': True
'do_train': True
'do_train_visualized': False
'dropout_rate': 0.2
'epoch': 20
'feature_columns': [2, 3, 4, 5, 6, 7, 8]
'figure_save_path': './figure/'
'hidden_size': 128
'input_size': 7
'label_columns': [4, 5]
'label_in_feature_index': [2, 3]
'learning_rate': 0.001
'log_save_path': './log/2023_12_11_14_41_18_pytorch/'
'lstm_layers': 2
'model_postfix': {'pytorch': '.pth'
'keras': '.h5'
'tensorflow': '.ckpt'}
'model_save_path': 'D:\\zcj\\myweb\\teststock\\prediction\\LSTMPredictStock\\saved_models/'
'output_size': 2
'patience': 5
'predict_day': 1
'random_seed': 42
'shuffle_train_data': True
'time_step': 20
'train_data_path': 'D:\\zcj\\myweb\\teststock\\prediction\\LSTMPredictStock\\data/py'
'train_data_rate': 0.95
'use_cuda': False
'used_frame': 'pytorch'
'valid_data_rate': 0.15
2023-12-11 14:42:19,145 - INFO - 
Config:
'add_train': False
'batch_size': 64
'continue_flag': ''
'cur_time': '2023_12_11_14_41_18'
'debug_mode': False
'debug_num': 500
'do_continue_train': False
'do_figure_save': False
'do_log_print_to_screen': True
'do_log_save_to_file': True
'do_predict': True
'do_train': True
'do_train_visualized': False
'dropout_rate': 0.2
'epoch': 20
'feature_columns': [2, 3, 4, 5, 6, 7, 8]
'figure_save_path': './figure/'
'hidden_size': 128
'input_size': 7
'label_columns': [4, 5]
'label_in_feature_index': [2, 3]
'learning_rate': 0.001
'log_save_path': './log/2023_12_11_14_41_18_pytorch/'
'lstm_layers': 2
'model_postfix': {'pytorch': '.pth'
'keras': '.h5'
'tensorflow': '.ckpt'}
'model_save_path': 'D:\\zcj\\myweb\\teststock\\prediction\\LSTMPredictStock\\saved_models/'
'output_size': 2
'patience': 5
'predict_day': 1
'random_seed': 42
'shuffle_train_data': True
'time_step': 20
'train_data_path': 'D:\\zcj\\myweb\\teststock\\prediction\\LSTMPredictStock\\data/py'
'train_data_rate': 0.95
'use_cuda': False
'used_frame': 'pytorch'
'valid_data_rate': 0.15
2023-12-11 14:42:19,158 - INFO - Epoch 0/20
2023-12-11 14:42:19,158 - INFO - Epoch 0/20
2023-12-11 14:42:19,158 - INFO - Epoch 0/20
2023-12-11 14:42:19,428 - INFO - The train loss is 0.689507. The valid loss is 0.298618.
2023-12-11 14:42:19,428 - INFO - The train loss is 0.689507. The valid loss is 0.298618.
2023-12-11 14:42:19,428 - INFO - The train loss is 0.689507. The valid loss is 0.298618.
2023-12-11 14:42:19,434 - INFO - Epoch 1/20
2023-12-11 14:42:19,434 - INFO - Epoch 1/20
2023-12-11 14:42:19,434 - INFO - Epoch 1/20
2023-12-11 14:42:19,696 - INFO - The train loss is 0.224785. The valid loss is 0.169992.
2023-12-11 14:42:19,696 - INFO - The train loss is 0.224785. The valid loss is 0.169992.
2023-12-11 14:42:19,696 - INFO - The train loss is 0.224785. The valid loss is 0.169992.
2023-12-11 14:42:19,701 - INFO - Epoch 2/20
2023-12-11 14:42:19,701 - INFO - Epoch 2/20
2023-12-11 14:42:19,701 - INFO - Epoch 2/20
2023-12-11 14:42:19,942 - INFO - The train loss is 0.136170. The valid loss is 0.120734.
2023-12-11 14:42:19,942 - INFO - The train loss is 0.136170. The valid loss is 0.120734.
2023-12-11 14:42:19,942 - INFO - The train loss is 0.136170. The valid loss is 0.120734.
2023-12-11 14:42:19,947 - INFO - Epoch 3/20
2023-12-11 14:42:19,947 - INFO - Epoch 3/20
2023-12-11 14:42:19,947 - INFO - Epoch 3/20
2023-12-11 14:42:20,185 - INFO - The train loss is 0.091565. The valid loss is 0.083527.
2023-12-11 14:42:20,185 - INFO - The train loss is 0.091565. The valid loss is 0.083527.
2023-12-11 14:42:20,185 - INFO - The train loss is 0.091565. The valid loss is 0.083527.
2023-12-11 14:42:20,190 - INFO - Epoch 4/20
2023-12-11 14:42:20,190 - INFO - Epoch 4/20
2023-12-11 14:42:20,190 - INFO - Epoch 4/20
2023-12-11 14:42:20,430 - INFO - The train loss is 0.067479. The valid loss is 0.064009.
2023-12-11 14:42:20,430 - INFO - The train loss is 0.067479. The valid loss is 0.064009.
2023-12-11 14:42:20,430 - INFO - The train loss is 0.067479. The valid loss is 0.064009.
2023-12-11 14:42:20,435 - INFO - Epoch 5/20
2023-12-11 14:42:20,435 - INFO - Epoch 5/20
2023-12-11 14:42:20,435 - INFO - Epoch 5/20
2023-12-11 14:42:20,685 - INFO - The train loss is 0.053199. The valid loss is 0.052682.
2023-12-11 14:42:20,685 - INFO - The train loss is 0.053199. The valid loss is 0.052682.
2023-12-11 14:42:20,685 - INFO - The train loss is 0.053199. The valid loss is 0.052682.
2023-12-11 14:42:20,690 - INFO - Epoch 6/20
2023-12-11 14:42:20,690 - INFO - Epoch 6/20
2023-12-11 14:42:20,690 - INFO - Epoch 6/20
2023-12-11 14:42:20,946 - INFO - The train loss is 0.044886. The valid loss is 0.044916.
2023-12-11 14:42:20,946 - INFO - The train loss is 0.044886. The valid loss is 0.044916.
2023-12-11 14:42:20,946 - INFO - The train loss is 0.044886. The valid loss is 0.044916.
2023-12-11 14:42:20,951 - INFO - Epoch 7/20
2023-12-11 14:42:20,951 - INFO - Epoch 7/20
2023-12-11 14:42:20,951 - INFO - Epoch 7/20
2023-12-11 14:42:21,200 - INFO - The train loss is 0.038632. The valid loss is 0.038445.
2023-12-11 14:42:21,200 - INFO - The train loss is 0.038632. The valid loss is 0.038445.
2023-12-11 14:42:21,200 - INFO - The train loss is 0.038632. The valid loss is 0.038445.
2023-12-11 14:42:21,205 - INFO - Epoch 8/20
2023-12-11 14:42:21,205 - INFO - Epoch 8/20
2023-12-11 14:42:21,205 - INFO - Epoch 8/20
2023-12-11 14:42:21,446 - INFO - The train loss is 0.034110. The valid loss is 0.033861.
2023-12-11 14:42:21,446 - INFO - The train loss is 0.034110. The valid loss is 0.033861.
2023-12-11 14:42:21,446 - INFO - The train loss is 0.034110. The valid loss is 0.033861.
2023-12-11 14:42:21,452 - INFO - Epoch 9/20
2023-12-11 14:42:21,452 - INFO - Epoch 9/20
2023-12-11 14:42:21,452 - INFO - Epoch 9/20
2023-12-11 14:42:21,690 - INFO - The train loss is 0.030247. The valid loss is 0.029951.
2023-12-11 14:42:21,690 - INFO - The train loss is 0.030247. The valid loss is 0.029951.
2023-12-11 14:42:21,690 - INFO - The train loss is 0.030247. The valid loss is 0.029951.
2023-12-11 14:42:21,694 - INFO - Epoch 10/20
2023-12-11 14:42:21,694 - INFO - Epoch 10/20
2023-12-11 14:42:21,694 - INFO - Epoch 10/20
2023-12-11 14:42:21,934 - INFO - The train loss is 0.027515. The valid loss is 0.026684.
2023-12-11 14:42:21,934 - INFO - The train loss is 0.027515. The valid loss is 0.026684.
2023-12-11 14:42:21,934 - INFO - The train loss is 0.027515. The valid loss is 0.026684.
2023-12-11 14:42:21,939 - INFO - Epoch 11/20
2023-12-11 14:42:21,939 - INFO - Epoch 11/20
2023-12-11 14:42:21,939 - INFO - Epoch 11/20
2023-12-11 14:42:22,181 - INFO - The train loss is 0.024489. The valid loss is 0.023875.
2023-12-11 14:42:22,181 - INFO - The train loss is 0.024489. The valid loss is 0.023875.
2023-12-11 14:42:22,181 - INFO - The train loss is 0.024489. The valid loss is 0.023875.
2023-12-11 14:42:22,186 - INFO - Epoch 12/20
2023-12-11 14:42:22,186 - INFO - Epoch 12/20
2023-12-11 14:42:22,186 - INFO - Epoch 12/20
2023-12-11 14:42:22,442 - INFO - The train loss is 0.022614. The valid loss is 0.021449.
2023-12-11 14:42:22,442 - INFO - The train loss is 0.022614. The valid loss is 0.021449.
2023-12-11 14:42:22,442 - INFO - The train loss is 0.022614. The valid loss is 0.021449.
2023-12-11 14:42:22,447 - INFO - Epoch 13/20
2023-12-11 14:42:22,447 - INFO - Epoch 13/20
2023-12-11 14:42:22,447 - INFO - Epoch 13/20
2023-12-11 14:42:22,704 - INFO - The train loss is 0.020523. The valid loss is 0.019299.
2023-12-11 14:42:22,704 - INFO - The train loss is 0.020523. The valid loss is 0.019299.
2023-12-11 14:42:22,704 - INFO - The train loss is 0.020523. The valid loss is 0.019299.
2023-12-11 14:42:22,709 - INFO - Epoch 14/20
2023-12-11 14:42:22,709 - INFO - Epoch 14/20
2023-12-11 14:42:22,709 - INFO - Epoch 14/20
2023-12-11 14:42:22,945 - INFO - The train loss is 0.018731. The valid loss is 0.017409.
2023-12-11 14:42:22,945 - INFO - The train loss is 0.018731. The valid loss is 0.017409.
2023-12-11 14:42:22,945 - INFO - The train loss is 0.018731. The valid loss is 0.017409.
2023-12-11 14:42:22,950 - INFO - Epoch 15/20
2023-12-11 14:42:22,950 - INFO - Epoch 15/20
2023-12-11 14:42:22,950 - INFO - Epoch 15/20
2023-12-11 14:42:23,185 - INFO - The train loss is 0.017310. The valid loss is 0.015771.
2023-12-11 14:42:23,185 - INFO - The train loss is 0.017310. The valid loss is 0.015771.
2023-12-11 14:42:23,185 - INFO - The train loss is 0.017310. The valid loss is 0.015771.
2023-12-11 14:42:23,190 - INFO - Epoch 16/20
2023-12-11 14:42:23,190 - INFO - Epoch 16/20
2023-12-11 14:42:23,190 - INFO - Epoch 16/20
2023-12-11 14:42:23,429 - INFO - The train loss is 0.015912. The valid loss is 0.014356.
2023-12-11 14:42:23,429 - INFO - The train loss is 0.015912. The valid loss is 0.014356.
2023-12-11 14:42:23,429 - INFO - The train loss is 0.015912. The valid loss is 0.014356.
2023-12-11 14:42:23,435 - INFO - Epoch 17/20
2023-12-11 14:42:23,435 - INFO - Epoch 17/20
2023-12-11 14:42:23,435 - INFO - Epoch 17/20
2023-12-11 14:42:23,673 - INFO - The train loss is 0.014784. The valid loss is 0.013147.
2023-12-11 14:42:23,673 - INFO - The train loss is 0.014784. The valid loss is 0.013147.
2023-12-11 14:42:23,673 - INFO - The train loss is 0.014784. The valid loss is 0.013147.
2023-12-11 14:42:23,678 - INFO - Epoch 18/20
2023-12-11 14:42:23,678 - INFO - Epoch 18/20
2023-12-11 14:42:23,678 - INFO - Epoch 18/20
2023-12-11 14:42:23,931 - INFO - The train loss is 0.013526. The valid loss is 0.012165.
2023-12-11 14:42:23,931 - INFO - The train loss is 0.013526. The valid loss is 0.012165.
2023-12-11 14:42:23,931 - INFO - The train loss is 0.013526. The valid loss is 0.012165.
2023-12-11 14:42:23,937 - INFO - Epoch 19/20
2023-12-11 14:42:23,937 - INFO - Epoch 19/20
2023-12-11 14:42:23,937 - INFO - Epoch 19/20
2023-12-11 14:42:24,191 - INFO - The train loss is 0.012582. The valid loss is 0.011313.
2023-12-11 14:42:24,191 - INFO - The train loss is 0.012582. The valid loss is 0.011313.
2023-12-11 14:42:24,191 - INFO - The train loss is 0.012582. The valid loss is 0.011313.
2023-12-11 14:42:24,204 - INFO - The mean squared error of stock ['low', 'high'] is [0.01599804 0.0140401 ]
2023-12-11 14:42:24,204 - INFO - The mean squared error of stock ['low', 'high'] is [0.01599804 0.0140401 ]
2023-12-11 14:42:24,204 - INFO - The mean squared error of stock ['low', 'high'] is [0.01599804 0.0140401 ]
2023-12-11 14:42:26,063 - INFO - 
Config:
'add_train': False
'batch_size': 64
'continue_flag': ''
'cur_time': '2023_12_11_14_41_18'
'debug_mode': False
'debug_num': 500
'do_continue_train': False
'do_figure_save': False
'do_log_print_to_screen': True
'do_log_save_to_file': True
'do_predict': True
'do_train': True
'do_train_visualized': False
'dropout_rate': 0.2
'epoch': 20
'feature_columns': [2, 3, 4, 5, 6, 7, 8]
'figure_save_path': './figure/'
'hidden_size': 128
'input_size': 7
'label_columns': [4, 5]
'label_in_feature_index': [2, 3]
'learning_rate': 0.001
'log_save_path': './log/2023_12_11_14_41_18_pytorch/'
'lstm_layers': 2
'model_postfix': {'pytorch': '.pth'
'keras': '.h5'
'tensorflow': '.ckpt'}
'model_save_path': 'D:\\zcj\\myweb\\teststock\\prediction\\LSTMPredictStock\\saved_models/'
'output_size': 2
'patience': 5
'predict_day': 1
'random_seed': 42
'shuffle_train_data': True
'time_step': 20
'train_data_path': 'D:\\zcj\\myweb\\teststock\\prediction\\LSTMPredictStock\\data/py'
'train_data_rate': 0.95
'use_cuda': False
'used_frame': 'pytorch'
'valid_data_rate': 0.15
2023-12-11 14:42:26,063 - INFO - 
Config:
'add_train': False
'batch_size': 64
'continue_flag': ''
'cur_time': '2023_12_11_14_41_18'
'debug_mode': False
'debug_num': 500
'do_continue_train': False
'do_figure_save': False
'do_log_print_to_screen': True
'do_log_save_to_file': True
'do_predict': True
'do_train': True
'do_train_visualized': False
'dropout_rate': 0.2
'epoch': 20
'feature_columns': [2, 3, 4, 5, 6, 7, 8]
'figure_save_path': './figure/'
'hidden_size': 128
'input_size': 7
'label_columns': [4, 5]
'label_in_feature_index': [2, 3]
'learning_rate': 0.001
'log_save_path': './log/2023_12_11_14_41_18_pytorch/'
'lstm_layers': 2
'model_postfix': {'pytorch': '.pth'
'keras': '.h5'
'tensorflow': '.ckpt'}
'model_save_path': 'D:\\zcj\\myweb\\teststock\\prediction\\LSTMPredictStock\\saved_models/'
'output_size': 2
'patience': 5
'predict_day': 1
'random_seed': 42
'shuffle_train_data': True
'time_step': 20
'train_data_path': 'D:\\zcj\\myweb\\teststock\\prediction\\LSTMPredictStock\\data/py'
'train_data_rate': 0.95
'use_cuda': False
'used_frame': 'pytorch'
'valid_data_rate': 0.15
2023-12-11 14:42:26,063 - INFO - 
Config:
'add_train': False
'batch_size': 64
'continue_flag': ''
'cur_time': '2023_12_11_14_41_18'
'debug_mode': False
'debug_num': 500
'do_continue_train': False
'do_figure_save': False
'do_log_print_to_screen': True
'do_log_save_to_file': True
'do_predict': True
'do_train': True
'do_train_visualized': False
'dropout_rate': 0.2
'epoch': 20
'feature_columns': [2, 3, 4, 5, 6, 7, 8]
'figure_save_path': './figure/'
'hidden_size': 128
'input_size': 7
'label_columns': [4, 5]
'label_in_feature_index': [2, 3]
'learning_rate': 0.001
'log_save_path': './log/2023_12_11_14_41_18_pytorch/'
'lstm_layers': 2
'model_postfix': {'pytorch': '.pth'
'keras': '.h5'
'tensorflow': '.ckpt'}
'model_save_path': 'D:\\zcj\\myweb\\teststock\\prediction\\LSTMPredictStock\\saved_models/'
'output_size': 2
'patience': 5
'predict_day': 1
'random_seed': 42
'shuffle_train_data': True
'time_step': 20
'train_data_path': 'D:\\zcj\\myweb\\teststock\\prediction\\LSTMPredictStock\\data/py'
'train_data_rate': 0.95
'use_cuda': False
'used_frame': 'pytorch'
'valid_data_rate': 0.15
2023-12-11 14:42:26,063 - INFO - 
Config:
'add_train': False
'batch_size': 64
'continue_flag': ''
'cur_time': '2023_12_11_14_41_18'
'debug_mode': False
'debug_num': 500
'do_continue_train': False
'do_figure_save': False
'do_log_print_to_screen': True
'do_log_save_to_file': True
'do_predict': True
'do_train': True
'do_train_visualized': False
'dropout_rate': 0.2
'epoch': 20
'feature_columns': [2, 3, 4, 5, 6, 7, 8]
'figure_save_path': './figure/'
'hidden_size': 128
'input_size': 7
'label_columns': [4, 5]
'label_in_feature_index': [2, 3]
'learning_rate': 0.001
'log_save_path': './log/2023_12_11_14_41_18_pytorch/'
'lstm_layers': 2
'model_postfix': {'pytorch': '.pth'
'keras': '.h5'
'tensorflow': '.ckpt'}
'model_save_path': 'D:\\zcj\\myweb\\teststock\\prediction\\LSTMPredictStock\\saved_models/'
'output_size': 2
'patience': 5
'predict_day': 1
'random_seed': 42
'shuffle_train_data': True
'time_step': 20
'train_data_path': 'D:\\zcj\\myweb\\teststock\\prediction\\LSTMPredictStock\\data/py'
'train_data_rate': 0.95
'use_cuda': False
'used_frame': 'pytorch'
'valid_data_rate': 0.15
2023-12-11 14:42:26,072 - INFO - Epoch 0/20
2023-12-11 14:42:26,072 - INFO - Epoch 0/20
2023-12-11 14:42:26,072 - INFO - Epoch 0/20
2023-12-11 14:42:26,072 - INFO - Epoch 0/20
2023-12-11 14:42:26,326 - INFO - The train loss is 0.722434. The valid loss is 0.334782.
2023-12-11 14:42:26,326 - INFO - The train loss is 0.722434. The valid loss is 0.334782.
2023-12-11 14:42:26,326 - INFO - The train loss is 0.722434. The valid loss is 0.334782.
2023-12-11 14:42:26,326 - INFO - The train loss is 0.722434. The valid loss is 0.334782.
2023-12-11 14:42:26,331 - INFO - Epoch 1/20
2023-12-11 14:42:26,331 - INFO - Epoch 1/20
2023-12-11 14:42:26,331 - INFO - Epoch 1/20
2023-12-11 14:42:26,331 - INFO - Epoch 1/20
2023-12-11 14:42:26,576 - INFO - The train loss is 0.239114. The valid loss is 0.165327.
2023-12-11 14:42:26,576 - INFO - The train loss is 0.239114. The valid loss is 0.165327.
2023-12-11 14:42:26,576 - INFO - The train loss is 0.239114. The valid loss is 0.165327.
2023-12-11 14:42:26,576 - INFO - The train loss is 0.239114. The valid loss is 0.165327.
2023-12-11 14:42:26,581 - INFO - Epoch 2/20
2023-12-11 14:42:26,581 - INFO - Epoch 2/20
2023-12-11 14:42:26,581 - INFO - Epoch 2/20
2023-12-11 14:42:26,581 - INFO - Epoch 2/20
2023-12-11 14:42:26,832 - INFO - The train loss is 0.146385. The valid loss is 0.122938.
2023-12-11 14:42:26,832 - INFO - The train loss is 0.146385. The valid loss is 0.122938.
2023-12-11 14:42:26,832 - INFO - The train loss is 0.146385. The valid loss is 0.122938.
2023-12-11 14:42:26,832 - INFO - The train loss is 0.146385. The valid loss is 0.122938.
2023-12-11 14:42:26,837 - INFO - Epoch 3/20
2023-12-11 14:42:26,837 - INFO - Epoch 3/20
2023-12-11 14:42:26,837 - INFO - Epoch 3/20
2023-12-11 14:42:26,837 - INFO - Epoch 3/20
2023-12-11 14:42:27,091 - INFO - The train loss is 0.099567. The valid loss is 0.086795.
2023-12-11 14:42:27,091 - INFO - The train loss is 0.099567. The valid loss is 0.086795.
2023-12-11 14:42:27,091 - INFO - The train loss is 0.099567. The valid loss is 0.086795.
2023-12-11 14:42:27,091 - INFO - The train loss is 0.099567. The valid loss is 0.086795.
2023-12-11 14:42:27,096 - INFO - Epoch 4/20
2023-12-11 14:42:27,096 - INFO - Epoch 4/20
2023-12-11 14:42:27,096 - INFO - Epoch 4/20
2023-12-11 14:42:27,096 - INFO - Epoch 4/20
2023-12-11 14:42:27,343 - INFO - The train loss is 0.071343. The valid loss is 0.067728.
2023-12-11 14:42:27,343 - INFO - The train loss is 0.071343. The valid loss is 0.067728.
2023-12-11 14:42:27,343 - INFO - The train loss is 0.071343. The valid loss is 0.067728.
2023-12-11 14:42:27,343 - INFO - The train loss is 0.071343. The valid loss is 0.067728.
2023-12-11 14:42:27,348 - INFO - Epoch 5/20
2023-12-11 14:42:27,348 - INFO - Epoch 5/20
2023-12-11 14:42:27,348 - INFO - Epoch 5/20
2023-12-11 14:42:27,348 - INFO - Epoch 5/20
2023-12-11 14:42:27,588 - INFO - The train loss is 0.055947. The valid loss is 0.055342.
2023-12-11 14:42:27,588 - INFO - The train loss is 0.055947. The valid loss is 0.055342.
2023-12-11 14:42:27,588 - INFO - The train loss is 0.055947. The valid loss is 0.055342.
2023-12-11 14:42:27,588 - INFO - The train loss is 0.055947. The valid loss is 0.055342.
2023-12-11 14:42:27,593 - INFO - Epoch 6/20
2023-12-11 14:42:27,593 - INFO - Epoch 6/20
2023-12-11 14:42:27,593 - INFO - Epoch 6/20
2023-12-11 14:42:27,593 - INFO - Epoch 6/20
2023-12-11 14:42:27,831 - INFO - The train loss is 0.046995. The valid loss is 0.046751.
2023-12-11 14:42:27,831 - INFO - The train loss is 0.046995. The valid loss is 0.046751.
2023-12-11 14:42:27,831 - INFO - The train loss is 0.046995. The valid loss is 0.046751.
2023-12-11 14:42:27,831 - INFO - The train loss is 0.046995. The valid loss is 0.046751.
2023-12-11 14:42:27,836 - INFO - Epoch 7/20
2023-12-11 14:42:27,836 - INFO - Epoch 7/20
2023-12-11 14:42:27,836 - INFO - Epoch 7/20
2023-12-11 14:42:27,836 - INFO - Epoch 7/20
2023-12-11 14:42:28,074 - INFO - The train loss is 0.040405. The valid loss is 0.040515.
2023-12-11 14:42:28,074 - INFO - The train loss is 0.040405. The valid loss is 0.040515.
2023-12-11 14:42:28,074 - INFO - The train loss is 0.040405. The valid loss is 0.040515.
2023-12-11 14:42:28,074 - INFO - The train loss is 0.040405. The valid loss is 0.040515.
2023-12-11 14:42:28,079 - INFO - Epoch 8/20
2023-12-11 14:42:28,079 - INFO - Epoch 8/20
2023-12-11 14:42:28,079 - INFO - Epoch 8/20
2023-12-11 14:42:28,079 - INFO - Epoch 8/20
2023-12-11 14:42:28,328 - INFO - The train loss is 0.035668. The valid loss is 0.035517.
2023-12-11 14:42:28,328 - INFO - The train loss is 0.035668. The valid loss is 0.035517.
2023-12-11 14:42:28,328 - INFO - The train loss is 0.035668. The valid loss is 0.035517.
2023-12-11 14:42:28,328 - INFO - The train loss is 0.035668. The valid loss is 0.035517.
2023-12-11 14:42:28,333 - INFO - Epoch 9/20
2023-12-11 14:42:28,333 - INFO - Epoch 9/20
2023-12-11 14:42:28,333 - INFO - Epoch 9/20
2023-12-11 14:42:28,333 - INFO - Epoch 9/20
2023-12-11 14:42:28,606 - INFO - The train loss is 0.031881. The valid loss is 0.031515.
2023-12-11 14:42:28,606 - INFO - The train loss is 0.031881. The valid loss is 0.031515.
2023-12-11 14:42:28,606 - INFO - The train loss is 0.031881. The valid loss is 0.031515.
2023-12-11 14:42:28,606 - INFO - The train loss is 0.031881. The valid loss is 0.031515.
2023-12-11 14:42:28,611 - INFO - Epoch 10/20
2023-12-11 14:42:28,611 - INFO - Epoch 10/20
2023-12-11 14:42:28,611 - INFO - Epoch 10/20
2023-12-11 14:42:28,611 - INFO - Epoch 10/20
2023-12-11 14:42:28,858 - INFO - The train loss is 0.028676. The valid loss is 0.028194.
2023-12-11 14:42:28,858 - INFO - The train loss is 0.028676. The valid loss is 0.028194.
2023-12-11 14:42:28,858 - INFO - The train loss is 0.028676. The valid loss is 0.028194.
2023-12-11 14:42:28,858 - INFO - The train loss is 0.028676. The valid loss is 0.028194.
2023-12-11 14:42:28,863 - INFO - Epoch 11/20
2023-12-11 14:42:28,863 - INFO - Epoch 11/20
2023-12-11 14:42:28,863 - INFO - Epoch 11/20
2023-12-11 14:42:28,863 - INFO - Epoch 11/20
2023-12-11 14:42:29,102 - INFO - The train loss is 0.025846. The valid loss is 0.025281.
2023-12-11 14:42:29,102 - INFO - The train loss is 0.025846. The valid loss is 0.025281.
2023-12-11 14:42:29,102 - INFO - The train loss is 0.025846. The valid loss is 0.025281.
2023-12-11 14:42:29,102 - INFO - The train loss is 0.025846. The valid loss is 0.025281.
2023-12-11 14:42:29,107 - INFO - Epoch 12/20
2023-12-11 14:42:29,107 - INFO - Epoch 12/20
2023-12-11 14:42:29,107 - INFO - Epoch 12/20
2023-12-11 14:42:29,107 - INFO - Epoch 12/20
2023-12-11 14:42:29,349 - INFO - The train loss is 0.023575. The valid loss is 0.022726.
2023-12-11 14:42:29,349 - INFO - The train loss is 0.023575. The valid loss is 0.022726.
2023-12-11 14:42:29,349 - INFO - The train loss is 0.023575. The valid loss is 0.022726.
2023-12-11 14:42:29,349 - INFO - The train loss is 0.023575. The valid loss is 0.022726.
2023-12-11 14:42:29,354 - INFO - Epoch 13/20
2023-12-11 14:42:29,354 - INFO - Epoch 13/20
2023-12-11 14:42:29,354 - INFO - Epoch 13/20
2023-12-11 14:42:29,354 - INFO - Epoch 13/20
2023-12-11 14:42:29,597 - INFO - The train loss is 0.021564. The valid loss is 0.020467.
2023-12-11 14:42:29,597 - INFO - The train loss is 0.021564. The valid loss is 0.020467.
2023-12-11 14:42:29,597 - INFO - The train loss is 0.021564. The valid loss is 0.020467.
2023-12-11 14:42:29,597 - INFO - The train loss is 0.021564. The valid loss is 0.020467.
2023-12-11 14:42:29,603 - INFO - Epoch 14/20
2023-12-11 14:42:29,603 - INFO - Epoch 14/20
2023-12-11 14:42:29,603 - INFO - Epoch 14/20
2023-12-11 14:42:29,603 - INFO - Epoch 14/20
2023-12-11 14:42:29,847 - INFO - The train loss is 0.019721. The valid loss is 0.018520.
2023-12-11 14:42:29,847 - INFO - The train loss is 0.019721. The valid loss is 0.018520.
2023-12-11 14:42:29,847 - INFO - The train loss is 0.019721. The valid loss is 0.018520.
2023-12-11 14:42:29,847 - INFO - The train loss is 0.019721. The valid loss is 0.018520.
2023-12-11 14:42:29,852 - INFO - Epoch 15/20
2023-12-11 14:42:29,852 - INFO - Epoch 15/20
2023-12-11 14:42:29,852 - INFO - Epoch 15/20
2023-12-11 14:42:29,852 - INFO - Epoch 15/20
2023-12-11 14:42:30,107 - INFO - The train loss is 0.018127. The valid loss is 0.016797.
2023-12-11 14:42:30,107 - INFO - The train loss is 0.018127. The valid loss is 0.016797.
2023-12-11 14:42:30,107 - INFO - The train loss is 0.018127. The valid loss is 0.016797.
2023-12-11 14:42:30,107 - INFO - The train loss is 0.018127. The valid loss is 0.016797.
2023-12-11 14:42:30,112 - INFO - Epoch 16/20
2023-12-11 14:42:30,112 - INFO - Epoch 16/20
2023-12-11 14:42:30,112 - INFO - Epoch 16/20
2023-12-11 14:42:30,112 - INFO - Epoch 16/20
2023-12-11 14:42:30,361 - INFO - The train loss is 0.016732. The valid loss is 0.015317.
2023-12-11 14:42:30,361 - INFO - The train loss is 0.016732. The valid loss is 0.015317.
2023-12-11 14:42:30,361 - INFO - The train loss is 0.016732. The valid loss is 0.015317.
2023-12-11 14:42:30,361 - INFO - The train loss is 0.016732. The valid loss is 0.015317.
2023-12-11 14:42:30,366 - INFO - Epoch 17/20
2023-12-11 14:42:30,366 - INFO - Epoch 17/20
2023-12-11 14:42:30,366 - INFO - Epoch 17/20
2023-12-11 14:42:30,366 - INFO - Epoch 17/20
2023-12-11 14:42:30,609 - INFO - The train loss is 0.015396. The valid loss is 0.014084.
2023-12-11 14:42:30,609 - INFO - The train loss is 0.015396. The valid loss is 0.014084.
2023-12-11 14:42:30,609 - INFO - The train loss is 0.015396. The valid loss is 0.014084.
2023-12-11 14:42:30,609 - INFO - The train loss is 0.015396. The valid loss is 0.014084.
2023-12-11 14:42:30,614 - INFO - Epoch 18/20
2023-12-11 14:42:30,614 - INFO - Epoch 18/20
2023-12-11 14:42:30,614 - INFO - Epoch 18/20
2023-12-11 14:42:30,614 - INFO - Epoch 18/20
2023-12-11 14:42:30,854 - INFO - The train loss is 0.014425. The valid loss is 0.013002.
2023-12-11 14:42:30,854 - INFO - The train loss is 0.014425. The valid loss is 0.013002.
2023-12-11 14:42:30,854 - INFO - The train loss is 0.014425. The valid loss is 0.013002.
2023-12-11 14:42:30,854 - INFO - The train loss is 0.014425. The valid loss is 0.013002.
2023-12-11 14:42:30,859 - INFO - Epoch 19/20
2023-12-11 14:42:30,859 - INFO - Epoch 19/20
2023-12-11 14:42:30,859 - INFO - Epoch 19/20
2023-12-11 14:42:30,859 - INFO - Epoch 19/20
2023-12-11 14:42:31,096 - INFO - The train loss is 0.013595. The valid loss is 0.012047.
2023-12-11 14:42:31,096 - INFO - The train loss is 0.013595. The valid loss is 0.012047.
2023-12-11 14:42:31,096 - INFO - The train loss is 0.013595. The valid loss is 0.012047.
2023-12-11 14:42:31,096 - INFO - The train loss is 0.013595. The valid loss is 0.012047.
2023-12-11 14:42:31,108 - INFO - The mean squared error of stock ['low', 'high'] is [0.01834513 0.01786784]
2023-12-11 14:42:31,108 - INFO - The mean squared error of stock ['low', 'high'] is [0.01834513 0.01786784]
2023-12-11 14:42:31,108 - INFO - The mean squared error of stock ['low', 'high'] is [0.01834513 0.01786784]
2023-12-11 14:42:31,108 - INFO - The mean squared error of stock ['low', 'high'] is [0.01834513 0.01786784]
