2023-12-11 09:29:34,239 - INFO - 
Config:
'add_train': False
'batch_size': 64
'continue_flag': ''
'cur_time': '2023_12_11_09_29_15'
'debug_mode': False
'debug_num': 500
'do_continue_train': False
'do_figure_save': False
'do_log_print_to_screen': True
'do_log_save_to_file': True
'do_predict': True
'do_train': True
'do_train_visualized': False
'dropout_rate': 0.2
'epoch': 20
'feature_columns': [2, 3, 4, 5, 6, 7, 8]
'figure_save_path': './figure/'
'hidden_size': 128
'input_size': 7
'label_columns': [4, 5]
'label_in_feature_index': [2, 3]
'learning_rate': 0.001
'log_save_path': './log/2023_12_11_09_29_15_pytorch/'
'lstm_layers': 2
'model_postfix': {'pytorch': '.pth'
'keras': '.h5'
'tensorflow': '.ckpt'}
'model_save_path': 'D:\\zcj\\myweb\\teststock\\prediction\\LSTMPredictStock\\saved_models/'
'output_size': 2
'patience': 5
'predict_day': 1
'random_seed': 42
'shuffle_train_data': True
'time_step': 20
'train_data_path': 'D:\\zcj\\myweb\\teststock\\prediction\\LSTMPredictStock\\data/py'
'train_data_rate': 0.95
'use_cuda': False
'used_frame': 'pytorch'
'valid_data_rate': 0.15
2023-12-11 09:29:34,647 - INFO - Epoch 0/20
2023-12-11 09:29:34,939 - INFO - The train loss is 0.679077. The valid loss is 0.263459.
2023-12-11 09:29:34,958 - INFO - Epoch 1/20
2023-12-11 09:29:35,192 - INFO - The train loss is 0.213172. The valid loss is 0.164373.
2023-12-11 09:29:35,197 - INFO - Epoch 2/20
2023-12-11 09:29:35,443 - INFO - The train loss is 0.135168. The valid loss is 0.119640.
2023-12-11 09:29:35,448 - INFO - Epoch 3/20
2023-12-11 09:29:35,706 - INFO - The train loss is 0.093490. The valid loss is 0.087397.
2023-12-11 09:29:35,711 - INFO - Epoch 4/20
2023-12-11 09:29:35,962 - INFO - The train loss is 0.070146. The valid loss is 0.068728.
2023-12-11 09:29:35,966 - INFO - Epoch 5/20
2023-12-11 09:29:36,220 - INFO - The train loss is 0.055637. The valid loss is 0.055697.
2023-12-11 09:29:36,224 - INFO - Epoch 6/20
2023-12-11 09:29:36,479 - INFO - The train loss is 0.046505. The valid loss is 0.047208.
2023-12-11 09:29:36,483 - INFO - Epoch 7/20
2023-12-11 09:29:36,737 - INFO - The train loss is 0.039933. The valid loss is 0.040218.
2023-12-11 09:29:36,742 - INFO - Epoch 8/20
2023-12-11 09:29:36,997 - INFO - The train loss is 0.034948. The valid loss is 0.035447.
2023-12-11 09:29:37,002 - INFO - Epoch 9/20
2023-12-11 09:29:37,260 - INFO - The train loss is 0.031486. The valid loss is 0.031499.
2023-12-11 09:29:37,265 - INFO - Epoch 10/20
2023-12-11 09:29:37,516 - INFO - The train loss is 0.028509. The valid loss is 0.028264.
2023-12-11 09:29:37,520 - INFO - Epoch 11/20
2023-12-11 09:29:37,773 - INFO - The train loss is 0.025754. The valid loss is 0.025448.
2023-12-11 09:29:37,778 - INFO - Epoch 12/20
2023-12-11 09:29:38,035 - INFO - The train loss is 0.023571. The valid loss is 0.023000.
2023-12-11 09:29:38,040 - INFO - Epoch 13/20
2023-12-11 09:29:38,288 - INFO - The train loss is 0.021465. The valid loss is 0.020779.
2023-12-11 09:29:38,293 - INFO - Epoch 14/20
2023-12-11 09:29:38,537 - INFO - The train loss is 0.019679. The valid loss is 0.018874.
2023-12-11 09:29:38,541 - INFO - Epoch 15/20
2023-12-11 09:29:38,775 - INFO - The train loss is 0.018259. The valid loss is 0.017180.
2023-12-11 09:29:38,779 - INFO - Epoch 16/20
2023-12-11 09:29:39,012 - INFO - The train loss is 0.016714. The valid loss is 0.015680.
2023-12-11 09:29:39,017 - INFO - Epoch 17/20
2023-12-11 09:29:39,250 - INFO - The train loss is 0.015548. The valid loss is 0.014338.
2023-12-11 09:29:39,254 - INFO - Epoch 18/20
2023-12-11 09:29:39,491 - INFO - The train loss is 0.014623. The valid loss is 0.013224.
2023-12-11 09:29:39,496 - INFO - Epoch 19/20
2023-12-11 09:29:39,739 - INFO - The train loss is 0.013391. The valid loss is 0.012211.
2023-12-11 09:32:34,036 - INFO - D:\zcj\myweb\teststock\prediction\LSTMPredictStock\pypredic.py changed, reloading.
