2023-12-11 14:24:49,400 - INFO - 
Config:
'add_train': False
'batch_size': 64
'continue_flag': ''
'cur_time': '2023_12_11_14_24_22'
'debug_mode': False
'debug_num': 500
'do_continue_train': False
'do_figure_save': False
'do_log_print_to_screen': True
'do_log_save_to_file': True
'do_predict': True
'do_train': True
'do_train_visualized': False
'dropout_rate': 0.2
'epoch': 20
'feature_columns': [2, 3, 4, 5, 6, 7, 8]
'figure_save_path': './figure/'
'hidden_size': 128
'input_size': 7
'label_columns': [4, 5]
'label_in_feature_index': [2, 3]
'learning_rate': 0.001
'log_save_path': './log/2023_12_11_14_24_22_pytorch/'
'lstm_layers': 2
'model_postfix': {'pytorch': '.pth'
'keras': '.h5'
'tensorflow': '.ckpt'}
'model_save_path': 'D:\\zcj\\myweb\\teststock\\prediction\\LSTMPredictStock\\saved_models/'
'output_size': 2
'patience': 5
'predict_day': 1
'random_seed': 42
'shuffle_train_data': True
'time_step': 20
'train_data_path': 'D:\\zcj\\myweb\\teststock\\prediction\\LSTMPredictStock\\data/py'
'train_data_rate': 0.95
'use_cuda': False
'used_frame': 'pytorch'
'valid_data_rate': 0.15
2023-12-11 14:24:49,903 - INFO - Epoch 0/20
2023-12-11 14:24:50,227 - INFO - The train loss is 0.658895. The valid loss is 0.248738.
2023-12-11 14:24:50,246 - INFO - Epoch 1/20
2023-12-11 14:24:50,503 - INFO - The train loss is 0.214457. The valid loss is 0.159646.
2023-12-11 14:24:50,508 - INFO - Epoch 2/20
2023-12-11 14:24:50,772 - INFO - The train loss is 0.142400. The valid loss is 0.121058.
2023-12-11 14:24:50,777 - INFO - Epoch 3/20
2023-12-11 14:24:51,035 - INFO - The train loss is 0.096472. The valid loss is 0.085405.
2023-12-11 14:24:51,039 - INFO - Epoch 4/20
2023-12-11 14:24:51,293 - INFO - The train loss is 0.071277. The valid loss is 0.066915.
2023-12-11 14:24:51,298 - INFO - Epoch 5/20
2023-12-11 14:24:51,553 - INFO - The train loss is 0.056439. The valid loss is 0.054692.
2023-12-11 14:24:51,558 - INFO - Epoch 6/20
2023-12-11 14:24:51,817 - INFO - The train loss is 0.047223. The valid loss is 0.046160.
2023-12-11 14:24:51,821 - INFO - Epoch 7/20
2023-12-11 14:24:52,076 - INFO - The train loss is 0.040496. The valid loss is 0.040058.
2023-12-11 14:24:52,083 - INFO - Epoch 8/20
2023-12-11 14:24:52,336 - INFO - The train loss is 0.035997. The valid loss is 0.035294.
2023-12-11 14:24:52,342 - INFO - Epoch 9/20
2023-12-11 14:24:52,599 - INFO - The train loss is 0.031960. The valid loss is 0.031345.
2023-12-11 14:24:52,604 - INFO - Epoch 10/20
2023-12-11 14:24:52,869 - INFO - The train loss is 0.028816. The valid loss is 0.028037.
2023-12-11 14:24:52,875 - INFO - Epoch 11/20
2023-12-11 14:24:53,119 - INFO - The train loss is 0.026146. The valid loss is 0.025245.
2023-12-11 14:24:53,124 - INFO - Epoch 12/20
2023-12-11 14:24:53,362 - INFO - The train loss is 0.023589. The valid loss is 0.022719.
2023-12-11 14:24:53,367 - INFO - Epoch 13/20
2023-12-11 14:24:53,606 - INFO - The train loss is 0.021693. The valid loss is 0.020495.
2023-12-11 14:24:53,611 - INFO - Epoch 14/20
2023-12-11 14:24:53,850 - INFO - The train loss is 0.019861. The valid loss is 0.018526.
2023-12-11 14:24:53,854 - INFO - Epoch 15/20
2023-12-11 14:24:54,120 - INFO - The train loss is 0.018213. The valid loss is 0.016771.
2023-12-11 14:24:54,125 - INFO - Epoch 16/20
2023-12-11 14:24:54,381 - INFO - The train loss is 0.016518. The valid loss is 0.015252.
2023-12-11 14:24:54,386 - INFO - Epoch 17/20
2023-12-11 14:24:54,647 - INFO - The train loss is 0.015429. The valid loss is 0.013947.
2023-12-11 14:24:54,652 - INFO - Epoch 18/20
2023-12-11 14:24:54,910 - INFO - The train loss is 0.014131. The valid loss is 0.012808.
2023-12-11 14:24:54,915 - INFO - Epoch 19/20
2023-12-11 14:24:55,172 - INFO - The train loss is 0.013160. The valid loss is 0.011927.
2023-12-11 14:24:55,187 - INFO - The mean squared error of stock ['low', 'high'] is [0.0139358 0.0142186]
