2023-12-11 09:05:05,897 - INFO - 
Config:
'add_train': False
'batch_size': 64
'continue_flag': ''
'cur_time': '2023_12_11_09_04_41'
'debug_mode': False
'debug_num': 500
'do_continue_train': False
'do_figure_save': False
'do_log_print_to_screen': True
'do_log_save_to_file': True
'do_predict': True
'do_train': True
'do_train_visualized': False
'dropout_rate': 0.2
'epoch': 20
'feature_columns': [2, 3, 4, 5, 6, 7, 8]
'figure_save_path': './figure/'
'hidden_size': 128
'input_size': 7
'label_columns': [4, 5]
'label_in_feature_index': [2, 3]
'learning_rate': 0.001
'log_save_path': './log/2023_12_11_09_04_41_pytorch/'
'lstm_layers': 2
'model_postfix': {'pytorch': '.pth'
'keras': '.h5'
'tensorflow': '.ckpt'}
'model_save_path': 'D:\\zcj\\myweb\\teststock\\prediction\\LSTMPredictStock\\saved_models/'
'output_size': 2
'patience': 5
'predict_day': 1
'random_seed': 42
'shuffle_train_data': True
'time_step': 20
'train_data_path': 'D:\\zcj\\myweb\\teststock\\prediction\\LSTMPredictStock\\data/py'
'train_data_rate': 0.95
'use_cuda': False
'used_frame': 'pytorch'
'valid_data_rate': 0.15
2023-12-11 09:05:06,355 - INFO - Epoch 0/20
2023-12-11 09:05:06,660 - INFO - The train loss is 0.706335. The valid loss is 0.313055.
2023-12-11 09:05:06,758 - INFO - Epoch 1/20
2023-12-11 09:05:07,048 - INFO - The train loss is 0.230344. The valid loss is 0.165065.
2023-12-11 09:05:07,056 - INFO - Epoch 2/20
2023-12-11 09:05:07,355 - INFO - The train loss is 0.138625. The valid loss is 0.118090.
2023-12-11 09:05:07,360 - INFO - Epoch 3/20
2023-12-11 09:05:07,618 - INFO - The train loss is 0.093603. The valid loss is 0.083179.
2023-12-11 09:05:07,623 - INFO - Epoch 4/20
2023-12-11 09:05:07,877 - INFO - The train loss is 0.068288. The valid loss is 0.065109.
2023-12-11 09:05:07,882 - INFO - Epoch 5/20
2023-12-11 09:05:08,136 - INFO - The train loss is 0.054438. The valid loss is 0.053996.
2023-12-11 09:05:08,141 - INFO - Epoch 6/20
2023-12-11 09:05:08,392 - INFO - The train loss is 0.045905. The valid loss is 0.045599.
2023-12-11 09:05:08,398 - INFO - Epoch 7/20
2023-12-11 09:05:08,649 - INFO - The train loss is 0.039766. The valid loss is 0.039565.
2023-12-11 09:05:08,654 - INFO - Epoch 8/20
2023-12-11 09:05:08,903 - INFO - The train loss is 0.035088. The valid loss is 0.034810.
2023-12-11 09:05:08,907 - INFO - Epoch 9/20
2023-12-11 09:05:09,156 - INFO - The train loss is 0.031388. The valid loss is 0.030865.
2023-12-11 09:05:09,161 - INFO - Epoch 10/20
2023-12-11 09:05:09,414 - INFO - The train loss is 0.028409. The valid loss is 0.027586.
2023-12-11 09:05:09,419 - INFO - Epoch 11/20
2023-12-11 09:05:09,667 - INFO - The train loss is 0.025483. The valid loss is 0.024723.
2023-12-11 09:05:09,672 - INFO - Epoch 12/20
2023-12-11 09:05:09,921 - INFO - The train loss is 0.023251. The valid loss is 0.022255.
2023-12-11 09:05:09,926 - INFO - Epoch 13/20
2023-12-11 09:05:10,160 - INFO - The train loss is 0.021326. The valid loss is 0.020096.
2023-12-11 09:05:10,165 - INFO - Epoch 14/20
2023-12-11 09:05:10,398 - INFO - The train loss is 0.019515. The valid loss is 0.018128.
2023-12-11 09:05:10,404 - INFO - Epoch 15/20
2023-12-11 09:05:10,641 - INFO - The train loss is 0.018033. The valid loss is 0.016448.
2023-12-11 09:05:10,646 - INFO - Epoch 16/20
2023-12-11 09:05:10,883 - INFO - The train loss is 0.016689. The valid loss is 0.015015.
2023-12-11 09:05:10,888 - INFO - Epoch 17/20
2023-12-11 09:05:11,139 - INFO - The train loss is 0.015285. The valid loss is 0.013746.
2023-12-11 09:05:11,144 - INFO - Epoch 18/20
2023-12-11 09:05:11,391 - INFO - The train loss is 0.014251. The valid loss is 0.012657.
2023-12-11 09:05:11,396 - INFO - Epoch 19/20
2023-12-11 09:05:11,633 - INFO - The train loss is 0.013179. The valid loss is 0.011730.
2023-12-11 09:05:12,084 - INFO - The mean squared error of stock ['low', 'high'] is [0.0163916  0.01284609]
2023-12-11 09:05:13,134 - INFO - The predicted stock low for the next 1 day(s) is: 36.722255224906434
2023-12-11 09:05:13,208 - INFO - The predicted stock high for the next 1 day(s) is: 37.89992621861599
2023-12-11 09:13:07,428 - INFO - D:\zcj\myweb\teststock\prediction\LSTMPredictStock\pypredic.py changed, reloading.
