2023-12-17 20:08:47,374 - INFO - 
Config:
'add_train': False
'batch_size': 64
'continue_flag': ''
'cur_time': '2023_12_17_19_39_52'
'debug_mode': False
'debug_num': 500
'do_continue_train': False
'do_figure_save': False
'do_log_print_to_screen': True
'do_log_save_to_file': True
'do_predict': True
'do_train': True
'do_train_visualized': False
'dropout_rate': 0.2
'epoch': 20
'feature_columns': [2, 3, 4, 5, 6, 7, 8]
'figure_save_path': './figure/'
'hidden_size': 128
'input_size': 7
'label_columns': [4, 5]
'label_in_feature_index': [2, 3]
'learning_rate': 0.001
'log_save_path': './log/2023_12_17_19_39_52_pytorch/'
'lstm_layers': 2
'model_postfix': {'pytorch': '.pth'
'keras': '.h5'
'tensorflow': '.ckpt'}
'model_save_path': 'D:\\zcj\\myweb\\teststock\\prediction\\LSTMPredictStock\\saved_models/'
'output_size': 2
'patience': 5
'predict_day': 1
'random_seed': 42
'shuffle_train_data': True
'time_step': 20
'train_data_path': 'D:\\zcj\\myweb\\teststock\\prediction\\LSTMPredictStock\\data/py'
'train_data_rate': 0.95
'use_cuda': False
'used_frame': 'pytorch'
'valid_data_rate': 0.15
2023-12-17 20:08:48,564 - INFO - Epoch 0/20
2023-12-17 20:08:50,867 - INFO - The train loss is 0.707595. The valid loss is 0.322168.
2023-12-17 20:08:50,946 - INFO - Epoch 1/20
2023-12-17 20:08:51,208 - INFO - The train loss is 0.227576. The valid loss is 0.164715.
2023-12-17 20:08:51,212 - INFO - Epoch 2/20
2023-12-17 20:08:51,461 - INFO - The train loss is 0.144821. The valid loss is 0.124865.
2023-12-17 20:08:51,465 - INFO - Epoch 3/20
2023-12-17 20:08:51,703 - INFO - The train loss is 0.098938. The valid loss is 0.086657.
2023-12-17 20:08:51,707 - INFO - Epoch 4/20
2023-12-17 20:08:51,958 - INFO - The train loss is 0.071344. The valid loss is 0.065618.
2023-12-17 20:08:51,963 - INFO - Epoch 5/20
2023-12-17 20:08:52,225 - INFO - The train loss is 0.055736. The valid loss is 0.053311.
2023-12-17 20:08:52,230 - INFO - Epoch 6/20
2023-12-17 20:08:52,509 - INFO - The train loss is 0.046851. The valid loss is 0.045403.
2023-12-17 20:08:52,517 - INFO - Epoch 7/20
2023-12-17 20:08:52,783 - INFO - The train loss is 0.040138. The valid loss is 0.039558.
2023-12-17 20:08:52,787 - INFO - Epoch 8/20
2023-12-17 20:08:53,067 - INFO - The train loss is 0.035383. The valid loss is 0.034855.
2023-12-17 20:08:53,072 - INFO - Epoch 9/20
2023-12-17 20:08:53,346 - INFO - The train loss is 0.031574. The valid loss is 0.030936.
2023-12-17 20:08:53,351 - INFO - Epoch 10/20
2023-12-17 20:08:53,629 - INFO - The train loss is 0.028214. The valid loss is 0.027667.
2023-12-17 20:08:53,634 - INFO - Epoch 11/20
2023-12-17 20:08:53,906 - INFO - The train loss is 0.025426. The valid loss is 0.024866.
2023-12-17 20:08:53,911 - INFO - Epoch 12/20
2023-12-17 20:08:54,185 - INFO - The train loss is 0.023191. The valid loss is 0.022394.
2023-12-17 20:08:54,190 - INFO - Epoch 13/20
2023-12-17 20:08:54,464 - INFO - The train loss is 0.021201. The valid loss is 0.020209.
2023-12-17 20:08:54,469 - INFO - Epoch 14/20
2023-12-17 20:08:54,746 - INFO - The train loss is 0.019122. The valid loss is 0.018332.
2023-12-17 20:08:54,751 - INFO - Epoch 15/20
2023-12-17 20:08:55,027 - INFO - The train loss is 0.017633. The valid loss is 0.016671.
2023-12-17 20:08:55,032 - INFO - Epoch 16/20
2023-12-17 20:08:55,288 - INFO - The train loss is 0.016319. The valid loss is 0.015214.
2023-12-17 20:08:55,293 - INFO - Epoch 17/20
2023-12-17 20:08:55,551 - INFO - The train loss is 0.015188. The valid loss is 0.013965.
2023-12-17 20:08:55,556 - INFO - Epoch 18/20
2023-12-17 20:08:55,798 - INFO - The train loss is 0.013913. The valid loss is 0.012892.
2023-12-17 20:08:55,802 - INFO - Epoch 19/20
2023-12-17 20:08:56,058 - INFO - The train loss is 0.013234. The valid loss is 0.011937.
2023-12-17 20:08:56,263 - INFO - The mean squared error of stock ['low', 'high'] is [0.01464439 0.01174718]
2023-12-17 20:09:39,788 - WARNING - Early stopping conditioned on metric `val_loss` which is not available. Available metrics are: loss
2023-12-17 20:09:39,789 - WARNING - Can save best model only with val_loss available, skipping.
2023-12-17 20:09:43,338 - WARNING - Early stopping conditioned on metric `val_loss` which is not available. Available metrics are: loss
2023-12-17 20:09:43,339 - WARNING - Can save best model only with val_loss available, skipping.
2023-12-17 20:09:46,895 - WARNING - Early stopping conditioned on metric `val_loss` which is not available. Available metrics are: loss
2023-12-17 20:09:46,896 - WARNING - Can save best model only with val_loss available, skipping.
2023-12-17 20:09:50,428 - WARNING - Early stopping conditioned on metric `val_loss` which is not available. Available metrics are: loss
2023-12-17 20:09:50,429 - WARNING - Can save best model only with val_loss available, skipping.
2023-12-17 20:09:53,935 - WARNING - Early stopping conditioned on metric `val_loss` which is not available. Available metrics are: loss
2023-12-17 20:09:53,936 - WARNING - Can save best model only with val_loss available, skipping.
2023-12-17 20:09:57,475 - WARNING - Early stopping conditioned on metric `val_loss` which is not available. Available metrics are: loss
2023-12-17 20:09:57,476 - WARNING - Can save best model only with val_loss available, skipping.
2023-12-17 20:10:01,009 - WARNING - Early stopping conditioned on metric `val_loss` which is not available. Available metrics are: loss
2023-12-17 20:10:01,010 - WARNING - Can save best model only with val_loss available, skipping.
2023-12-17 20:10:04,559 - WARNING - Early stopping conditioned on metric `val_loss` which is not available. Available metrics are: loss
2023-12-17 20:10:04,560 - WARNING - Can save best model only with val_loss available, skipping.
2023-12-17 20:10:08,114 - WARNING - Early stopping conditioned on metric `val_loss` which is not available. Available metrics are: loss
2023-12-17 20:10:08,115 - WARNING - Can save best model only with val_loss available, skipping.
2023-12-17 20:10:11,681 - WARNING - Early stopping conditioned on metric `val_loss` which is not available. Available metrics are: loss
2023-12-17 20:10:11,682 - WARNING - Can save best model only with val_loss available, skipping.
2023-12-17 20:16:03,533 - WARNING - Early stopping conditioned on metric `val_loss` which is not available. Available metrics are: loss
2023-12-17 20:16:03,534 - WARNING - Can save best model only with val_loss available, skipping.
2023-12-17 20:16:07,494 - WARNING - Early stopping conditioned on metric `val_loss` which is not available. Available metrics are: loss
2023-12-17 20:16:07,495 - WARNING - Can save best model only with val_loss available, skipping.
2023-12-17 20:16:11,434 - WARNING - Early stopping conditioned on metric `val_loss` which is not available. Available metrics are: loss
2023-12-17 20:16:11,435 - WARNING - Can save best model only with val_loss available, skipping.
2023-12-17 20:16:15,370 - WARNING - Early stopping conditioned on metric `val_loss` which is not available. Available metrics are: loss
2023-12-17 20:16:15,371 - WARNING - Can save best model only with val_loss available, skipping.
2023-12-17 20:16:19,306 - WARNING - Early stopping conditioned on metric `val_loss` which is not available. Available metrics are: loss
2023-12-17 20:16:19,307 - WARNING - Can save best model only with val_loss available, skipping.
2023-12-17 20:16:23,237 - WARNING - Early stopping conditioned on metric `val_loss` which is not available. Available metrics are: loss
2023-12-17 20:16:23,238 - WARNING - Can save best model only with val_loss available, skipping.
2023-12-17 20:16:27,158 - WARNING - Early stopping conditioned on metric `val_loss` which is not available. Available metrics are: loss
2023-12-17 20:16:27,159 - WARNING - Can save best model only with val_loss available, skipping.
2023-12-17 20:16:31,082 - WARNING - Early stopping conditioned on metric `val_loss` which is not available. Available metrics are: loss
2023-12-17 20:16:31,083 - WARNING - Can save best model only with val_loss available, skipping.
2023-12-17 20:16:35,022 - WARNING - Early stopping conditioned on metric `val_loss` which is not available. Available metrics are: loss
2023-12-17 20:16:35,023 - WARNING - Can save best model only with val_loss available, skipping.
2023-12-17 20:16:38,952 - WARNING - Early stopping conditioned on metric `val_loss` which is not available. Available metrics are: loss
2023-12-17 20:16:38,953 - WARNING - Can save best model only with val_loss available, skipping.
2023-12-17 20:17:29,464 - WARNING - Early stopping conditioned on metric `val_loss` which is not available. Available metrics are: loss
2023-12-17 20:17:29,464 - WARNING - Can save best model only with val_loss available, skipping.
2023-12-17 20:17:33,129 - WARNING - Early stopping conditioned on metric `val_loss` which is not available. Available metrics are: loss
2023-12-17 20:17:33,130 - WARNING - Can save best model only with val_loss available, skipping.
2023-12-17 20:17:36,768 - WARNING - Early stopping conditioned on metric `val_loss` which is not available. Available metrics are: loss
2023-12-17 20:17:36,768 - WARNING - Can save best model only with val_loss available, skipping.
2023-12-17 20:17:40,453 - WARNING - Early stopping conditioned on metric `val_loss` which is not available. Available metrics are: loss
2023-12-17 20:17:40,453 - WARNING - Can save best model only with val_loss available, skipping.
2023-12-17 20:17:44,136 - WARNING - Early stopping conditioned on metric `val_loss` which is not available. Available metrics are: loss
2023-12-17 20:17:44,137 - WARNING - Can save best model only with val_loss available, skipping.
2023-12-17 20:17:47,818 - WARNING - Early stopping conditioned on metric `val_loss` which is not available. Available metrics are: loss
2023-12-17 20:17:47,819 - WARNING - Can save best model only with val_loss available, skipping.
2023-12-17 20:17:51,490 - WARNING - Early stopping conditioned on metric `val_loss` which is not available. Available metrics are: loss
2023-12-17 20:17:51,491 - WARNING - Can save best model only with val_loss available, skipping.
2023-12-17 20:17:55,160 - WARNING - Early stopping conditioned on metric `val_loss` which is not available. Available metrics are: loss
2023-12-17 20:17:55,161 - WARNING - Can save best model only with val_loss available, skipping.
2023-12-17 20:17:58,851 - WARNING - Early stopping conditioned on metric `val_loss` which is not available. Available metrics are: loss
2023-12-17 20:17:58,852 - WARNING - Can save best model only with val_loss available, skipping.
2023-12-17 20:18:02,519 - WARNING - Early stopping conditioned on metric `val_loss` which is not available. Available metrics are: loss
2023-12-17 20:18:02,520 - WARNING - Can save best model only with val_loss available, skipping.
2023-12-17 20:18:28,591 - WARNING - Early stopping conditioned on metric `val_loss` which is not available. Available metrics are: loss
2023-12-17 20:18:28,592 - WARNING - Can save best model only with val_loss available, skipping.
2023-12-17 20:18:33,261 - WARNING - Early stopping conditioned on metric `val_loss` which is not available. Available metrics are: loss
2023-12-17 20:18:33,261 - WARNING - Can save best model only with val_loss available, skipping.
2023-12-17 20:18:37,919 - WARNING - Early stopping conditioned on metric `val_loss` which is not available. Available metrics are: loss
2023-12-17 20:18:37,920 - WARNING - Can save best model only with val_loss available, skipping.
2023-12-17 20:18:42,564 - WARNING - Early stopping conditioned on metric `val_loss` which is not available. Available metrics are: loss
2023-12-17 20:18:42,565 - WARNING - Can save best model only with val_loss available, skipping.
2023-12-17 20:18:47,224 - WARNING - Early stopping conditioned on metric `val_loss` which is not available. Available metrics are: loss
2023-12-17 20:18:47,224 - WARNING - Can save best model only with val_loss available, skipping.
2023-12-17 20:18:51,878 - WARNING - Early stopping conditioned on metric `val_loss` which is not available. Available metrics are: loss
2023-12-17 20:18:51,879 - WARNING - Can save best model only with val_loss available, skipping.
2023-12-17 20:18:56,518 - WARNING - Early stopping conditioned on metric `val_loss` which is not available. Available metrics are: loss
2023-12-17 20:18:56,519 - WARNING - Can save best model only with val_loss available, skipping.
2023-12-17 20:19:01,180 - WARNING - Early stopping conditioned on metric `val_loss` which is not available. Available metrics are: loss
2023-12-17 20:19:01,181 - WARNING - Can save best model only with val_loss available, skipping.
2023-12-17 20:19:05,837 - WARNING - Early stopping conditioned on metric `val_loss` which is not available. Available metrics are: loss
2023-12-17 20:19:05,837 - WARNING - Can save best model only with val_loss available, skipping.
2023-12-17 20:19:10,512 - WARNING - Early stopping conditioned on metric `val_loss` which is not available. Available metrics are: loss
2023-12-17 20:19:10,513 - WARNING - Can save best model only with val_loss available, skipping.
2023-12-17 20:20:34,624 - WARNING - Early stopping conditioned on metric `val_loss` which is not available. Available metrics are: loss
2023-12-17 20:20:34,624 - WARNING - Can save best model only with val_loss available, skipping.
2023-12-17 20:20:38,971 - WARNING - Early stopping conditioned on metric `val_loss` which is not available. Available metrics are: loss
2023-12-17 20:20:38,972 - WARNING - Can save best model only with val_loss available, skipping.
2023-12-17 20:20:43,318 - WARNING - Early stopping conditioned on metric `val_loss` which is not available. Available metrics are: loss
2023-12-17 20:20:43,318 - WARNING - Can save best model only with val_loss available, skipping.
2023-12-17 20:20:47,657 - WARNING - Early stopping conditioned on metric `val_loss` which is not available. Available metrics are: loss
2023-12-17 20:20:47,658 - WARNING - Can save best model only with val_loss available, skipping.
2023-12-17 20:20:51,999 - WARNING - Early stopping conditioned on metric `val_loss` which is not available. Available metrics are: loss
2023-12-17 20:20:52,000 - WARNING - Can save best model only with val_loss available, skipping.
2023-12-17 20:20:56,323 - WARNING - Early stopping conditioned on metric `val_loss` which is not available. Available metrics are: loss
2023-12-17 20:20:56,324 - WARNING - Can save best model only with val_loss available, skipping.
2023-12-17 20:21:00,641 - WARNING - Early stopping conditioned on metric `val_loss` which is not available. Available metrics are: loss
2023-12-17 20:21:00,641 - WARNING - Can save best model only with val_loss available, skipping.
2023-12-17 20:21:04,972 - WARNING - Early stopping conditioned on metric `val_loss` which is not available. Available metrics are: loss
2023-12-17 20:21:04,973 - WARNING - Can save best model only with val_loss available, skipping.
2023-12-17 20:21:09,273 - WARNING - Early stopping conditioned on metric `val_loss` which is not available. Available metrics are: loss
2023-12-17 20:21:09,274 - WARNING - Can save best model only with val_loss available, skipping.
2023-12-17 20:21:13,589 - WARNING - Early stopping conditioned on metric `val_loss` which is not available. Available metrics are: loss
2023-12-17 20:21:13,589 - WARNING - Can save best model only with val_loss available, skipping.
2023-12-17 20:22:10,738 - WARNING - Early stopping conditioned on metric `val_loss` which is not available. Available metrics are: loss
2023-12-17 20:22:10,738 - WARNING - Can save best model only with val_loss available, skipping.
2023-12-17 20:22:15,119 - WARNING - Early stopping conditioned on metric `val_loss` which is not available. Available metrics are: loss
2023-12-17 20:22:15,119 - WARNING - Can save best model only with val_loss available, skipping.
2023-12-17 20:22:19,490 - WARNING - Early stopping conditioned on metric `val_loss` which is not available. Available metrics are: loss
2023-12-17 20:22:19,491 - WARNING - Can save best model only with val_loss available, skipping.
2023-12-17 20:22:23,857 - WARNING - Early stopping conditioned on metric `val_loss` which is not available. Available metrics are: loss
2023-12-17 20:22:23,858 - WARNING - Can save best model only with val_loss available, skipping.
2023-12-17 20:22:28,261 - WARNING - Early stopping conditioned on metric `val_loss` which is not available. Available metrics are: loss
2023-12-17 20:22:28,261 - WARNING - Can save best model only with val_loss available, skipping.
2023-12-17 20:22:32,633 - WARNING - Early stopping conditioned on metric `val_loss` which is not available. Available metrics are: loss
2023-12-17 20:22:32,634 - WARNING - Can save best model only with val_loss available, skipping.
2023-12-17 20:22:37,033 - WARNING - Early stopping conditioned on metric `val_loss` which is not available. Available metrics are: loss
2023-12-17 20:22:37,034 - WARNING - Can save best model only with val_loss available, skipping.
2023-12-17 20:22:41,438 - WARNING - Early stopping conditioned on metric `val_loss` which is not available. Available metrics are: loss
2023-12-17 20:22:41,439 - WARNING - Can save best model only with val_loss available, skipping.
2023-12-17 20:22:45,834 - WARNING - Early stopping conditioned on metric `val_loss` which is not available. Available metrics are: loss
2023-12-17 20:22:45,835 - WARNING - Can save best model only with val_loss available, skipping.
2023-12-17 20:22:50,228 - WARNING - Early stopping conditioned on metric `val_loss` which is not available. Available metrics are: loss
2023-12-17 20:22:50,229 - WARNING - Can save best model only with val_loss available, skipping.
2023-12-17 20:32:16,247 - WARNING - Early stopping conditioned on metric `val_loss` which is not available. Available metrics are: loss
2023-12-17 20:32:16,248 - WARNING - Can save best model only with val_loss available, skipping.
2023-12-17 20:32:20,443 - WARNING - Early stopping conditioned on metric `val_loss` which is not available. Available metrics are: loss
2023-12-17 20:32:20,444 - WARNING - Can save best model only with val_loss available, skipping.
2023-12-17 20:32:24,611 - WARNING - Early stopping conditioned on metric `val_loss` which is not available. Available metrics are: loss
2023-12-17 20:32:24,612 - WARNING - Can save best model only with val_loss available, skipping.
2023-12-17 20:32:28,786 - WARNING - Early stopping conditioned on metric `val_loss` which is not available. Available metrics are: loss
2023-12-17 20:32:28,787 - WARNING - Can save best model only with val_loss available, skipping.
2023-12-17 20:32:33,000 - WARNING - Early stopping conditioned on metric `val_loss` which is not available. Available metrics are: loss
2023-12-17 20:32:33,001 - WARNING - Can save best model only with val_loss available, skipping.
2023-12-17 20:32:37,209 - WARNING - Early stopping conditioned on metric `val_loss` which is not available. Available metrics are: loss
2023-12-17 20:32:37,210 - WARNING - Can save best model only with val_loss available, skipping.
2023-12-17 20:32:41,412 - WARNING - Early stopping conditioned on metric `val_loss` which is not available. Available metrics are: loss
2023-12-17 20:32:41,413 - WARNING - Can save best model only with val_loss available, skipping.
2023-12-17 20:32:45,620 - WARNING - Early stopping conditioned on metric `val_loss` which is not available. Available metrics are: loss
2023-12-17 20:32:45,621 - WARNING - Can save best model only with val_loss available, skipping.
2023-12-17 20:32:49,862 - WARNING - Early stopping conditioned on metric `val_loss` which is not available. Available metrics are: loss
2023-12-17 20:32:49,863 - WARNING - Can save best model only with val_loss available, skipping.
2023-12-17 20:32:54,065 - WARNING - Early stopping conditioned on metric `val_loss` which is not available. Available metrics are: loss
2023-12-17 20:32:54,066 - WARNING - Can save best model only with val_loss available, skipping.
2023-12-17 20:34:45,693 - WARNING - Early stopping conditioned on metric `val_loss` which is not available. Available metrics are: loss
2023-12-17 20:34:45,694 - WARNING - Can save best model only with val_loss available, skipping.
2023-12-17 20:34:50,250 - WARNING - Early stopping conditioned on metric `val_loss` which is not available. Available metrics are: loss
2023-12-17 20:34:50,251 - WARNING - Can save best model only with val_loss available, skipping.
2023-12-17 20:34:54,802 - WARNING - Early stopping conditioned on metric `val_loss` which is not available. Available metrics are: loss
2023-12-17 20:34:54,802 - WARNING - Can save best model only with val_loss available, skipping.
2023-12-17 20:34:59,362 - WARNING - Early stopping conditioned on metric `val_loss` which is not available. Available metrics are: loss
2023-12-17 20:34:59,363 - WARNING - Can save best model only with val_loss available, skipping.
2023-12-17 20:35:03,871 - WARNING - Early stopping conditioned on metric `val_loss` which is not available. Available metrics are: loss
2023-12-17 20:35:03,872 - WARNING - Can save best model only with val_loss available, skipping.
2023-12-17 20:35:08,344 - WARNING - Early stopping conditioned on metric `val_loss` which is not available. Available metrics are: loss
2023-12-17 20:35:08,345 - WARNING - Can save best model only with val_loss available, skipping.
2023-12-17 20:35:12,825 - WARNING - Early stopping conditioned on metric `val_loss` which is not available. Available metrics are: loss
2023-12-17 20:35:12,826 - WARNING - Can save best model only with val_loss available, skipping.
2023-12-17 20:35:17,303 - WARNING - Early stopping conditioned on metric `val_loss` which is not available. Available metrics are: loss
2023-12-17 20:35:17,304 - WARNING - Can save best model only with val_loss available, skipping.
2023-12-17 20:35:21,777 - WARNING - Early stopping conditioned on metric `val_loss` which is not available. Available metrics are: loss
2023-12-17 20:35:21,778 - WARNING - Can save best model only with val_loss available, skipping.
2023-12-17 20:35:26,246 - WARNING - Early stopping conditioned on metric `val_loss` which is not available. Available metrics are: loss
2023-12-17 20:35:26,246 - WARNING - Can save best model only with val_loss available, skipping.
2023-12-17 20:35:55,435 - WARNING - Early stopping conditioned on metric `val_loss` which is not available. Available metrics are: loss
2023-12-17 20:35:55,437 - WARNING - Can save best model only with val_loss available, skipping.
2023-12-17 20:35:59,579 - WARNING - Early stopping conditioned on metric `val_loss` which is not available. Available metrics are: loss
2023-12-17 20:35:59,580 - WARNING - Can save best model only with val_loss available, skipping.
2023-12-17 20:36:03,748 - WARNING - Early stopping conditioned on metric `val_loss` which is not available. Available metrics are: loss
2023-12-17 20:36:03,749 - WARNING - Can save best model only with val_loss available, skipping.
2023-12-17 20:36:07,913 - WARNING - Early stopping conditioned on metric `val_loss` which is not available. Available metrics are: loss
2023-12-17 20:36:07,914 - WARNING - Can save best model only with val_loss available, skipping.
2023-12-17 20:36:11,991 - WARNING - Early stopping conditioned on metric `val_loss` which is not available. Available metrics are: loss
2023-12-17 20:36:11,992 - WARNING - Can save best model only with val_loss available, skipping.
2023-12-17 20:36:16,074 - WARNING - Early stopping conditioned on metric `val_loss` which is not available. Available metrics are: loss
2023-12-17 20:36:16,075 - WARNING - Can save best model only with val_loss available, skipping.
2023-12-17 20:36:20,139 - WARNING - Early stopping conditioned on metric `val_loss` which is not available. Available metrics are: loss
2023-12-17 20:36:20,140 - WARNING - Can save best model only with val_loss available, skipping.
2023-12-17 20:36:24,197 - WARNING - Early stopping conditioned on metric `val_loss` which is not available. Available metrics are: loss
2023-12-17 20:36:24,198 - WARNING - Can save best model only with val_loss available, skipping.
2023-12-17 20:36:28,269 - WARNING - Early stopping conditioned on metric `val_loss` which is not available. Available metrics are: loss
2023-12-17 20:36:28,270 - WARNING - Can save best model only with val_loss available, skipping.
2023-12-17 20:36:32,363 - WARNING - Early stopping conditioned on metric `val_loss` which is not available. Available metrics are: loss
2023-12-17 20:36:32,364 - WARNING - Can save best model only with val_loss available, skipping.
2023-12-17 20:37:16,408 - WARNING - Early stopping conditioned on metric `val_loss` which is not available. Available metrics are: loss
2023-12-17 20:37:16,409 - WARNING - Can save best model only with val_loss available, skipping.
2023-12-17 20:37:20,726 - WARNING - Early stopping conditioned on metric `val_loss` which is not available. Available metrics are: loss
2023-12-17 20:37:20,727 - WARNING - Can save best model only with val_loss available, skipping.
2023-12-17 20:37:24,964 - WARNING - Early stopping conditioned on metric `val_loss` which is not available. Available metrics are: loss
2023-12-17 20:37:24,964 - WARNING - Can save best model only with val_loss available, skipping.
2023-12-17 20:37:29,187 - WARNING - Early stopping conditioned on metric `val_loss` which is not available. Available metrics are: loss
2023-12-17 20:37:29,188 - WARNING - Can save best model only with val_loss available, skipping.
2023-12-17 20:37:33,389 - WARNING - Early stopping conditioned on metric `val_loss` which is not available. Available metrics are: loss
2023-12-17 20:37:33,390 - WARNING - Can save best model only with val_loss available, skipping.
2023-12-17 20:37:37,593 - WARNING - Early stopping conditioned on metric `val_loss` which is not available. Available metrics are: loss
2023-12-17 20:37:37,593 - WARNING - Can save best model only with val_loss available, skipping.
2023-12-17 20:37:41,790 - WARNING - Early stopping conditioned on metric `val_loss` which is not available. Available metrics are: loss
2023-12-17 20:37:41,791 - WARNING - Can save best model only with val_loss available, skipping.
2023-12-17 20:37:45,996 - WARNING - Early stopping conditioned on metric `val_loss` which is not available. Available metrics are: loss
2023-12-17 20:37:45,997 - WARNING - Can save best model only with val_loss available, skipping.
2023-12-17 20:37:50,202 - WARNING - Early stopping conditioned on metric `val_loss` which is not available. Available metrics are: loss
2023-12-17 20:37:50,203 - WARNING - Can save best model only with val_loss available, skipping.
2023-12-17 20:37:54,429 - WARNING - Early stopping conditioned on metric `val_loss` which is not available. Available metrics are: loss
2023-12-17 20:37:54,429 - WARNING - Can save best model only with val_loss available, skipping.
2023-12-17 20:38:18,984 - WARNING - Early stopping conditioned on metric `val_loss` which is not available. Available metrics are: loss
2023-12-17 20:38:18,985 - WARNING - Can save best model only with val_loss available, skipping.
2023-12-17 20:38:22,729 - WARNING - Early stopping conditioned on metric `val_loss` which is not available. Available metrics are: loss
2023-12-17 20:38:22,731 - WARNING - Can save best model only with val_loss available, skipping.
2023-12-17 20:38:26,467 - WARNING - Early stopping conditioned on metric `val_loss` which is not available. Available metrics are: loss
2023-12-17 20:38:26,468 - WARNING - Can save best model only with val_loss available, skipping.
2023-12-17 20:38:30,199 - WARNING - Early stopping conditioned on metric `val_loss` which is not available. Available metrics are: loss
2023-12-17 20:38:30,200 - WARNING - Can save best model only with val_loss available, skipping.
2023-12-17 20:38:33,914 - WARNING - Early stopping conditioned on metric `val_loss` which is not available. Available metrics are: loss
2023-12-17 20:38:33,916 - WARNING - Can save best model only with val_loss available, skipping.
2023-12-17 20:38:37,649 - WARNING - Early stopping conditioned on metric `val_loss` which is not available. Available metrics are: loss
2023-12-17 20:38:37,650 - WARNING - Can save best model only with val_loss available, skipping.
2023-12-17 20:38:41,390 - WARNING - Early stopping conditioned on metric `val_loss` which is not available. Available metrics are: loss
2023-12-17 20:38:41,391 - WARNING - Can save best model only with val_loss available, skipping.
2023-12-17 20:38:45,112 - WARNING - Early stopping conditioned on metric `val_loss` which is not available. Available metrics are: loss
2023-12-17 20:38:45,112 - WARNING - Can save best model only with val_loss available, skipping.
2023-12-17 20:38:48,842 - WARNING - Early stopping conditioned on metric `val_loss` which is not available. Available metrics are: loss
2023-12-17 20:38:48,843 - WARNING - Can save best model only with val_loss available, skipping.
2023-12-17 20:38:52,560 - WARNING - Early stopping conditioned on metric `val_loss` which is not available. Available metrics are: loss
2023-12-17 20:38:52,562 - WARNING - Can save best model only with val_loss available, skipping.
2023-12-17 20:41:48,333 - WARNING - Early stopping conditioned on metric `val_loss` which is not available. Available metrics are: loss
2023-12-17 20:41:48,334 - WARNING - Can save best model only with val_loss available, skipping.
2023-12-17 20:41:53,075 - WARNING - Early stopping conditioned on metric `val_loss` which is not available. Available metrics are: loss
2023-12-17 20:41:53,076 - WARNING - Can save best model only with val_loss available, skipping.
2023-12-17 20:41:57,734 - WARNING - Early stopping conditioned on metric `val_loss` which is not available. Available metrics are: loss
2023-12-17 20:41:57,735 - WARNING - Can save best model only with val_loss available, skipping.
2023-12-17 20:42:02,411 - WARNING - Early stopping conditioned on metric `val_loss` which is not available. Available metrics are: loss
2023-12-17 20:42:02,412 - WARNING - Can save best model only with val_loss available, skipping.
2023-12-17 20:42:07,057 - WARNING - Early stopping conditioned on metric `val_loss` which is not available. Available metrics are: loss
2023-12-17 20:42:07,058 - WARNING - Can save best model only with val_loss available, skipping.
2023-12-17 20:42:11,785 - WARNING - Early stopping conditioned on metric `val_loss` which is not available. Available metrics are: loss
2023-12-17 20:42:11,785 - WARNING - Can save best model only with val_loss available, skipping.
2023-12-17 20:42:16,589 - WARNING - Early stopping conditioned on metric `val_loss` which is not available. Available metrics are: loss
2023-12-17 20:42:16,590 - WARNING - Can save best model only with val_loss available, skipping.
2023-12-17 20:42:21,262 - WARNING - Early stopping conditioned on metric `val_loss` which is not available. Available metrics are: loss
2023-12-17 20:42:21,263 - WARNING - Can save best model only with val_loss available, skipping.
2023-12-17 20:42:25,920 - WARNING - Early stopping conditioned on metric `val_loss` which is not available. Available metrics are: loss
2023-12-17 20:42:25,921 - WARNING - Can save best model only with val_loss available, skipping.
2023-12-17 20:42:30,602 - WARNING - Early stopping conditioned on metric `val_loss` which is not available. Available metrics are: loss
2023-12-17 20:42:30,603 - WARNING - Can save best model only with val_loss available, skipping.
2023-12-18 08:41:25,229 - INFO - D:\zcj\myweb\teststock\pick\views.py changed, reloading.
