2023-12-11 11:42:34,906 - INFO - 
Config:
'add_train': False
'batch_size': 64
'continue_flag': ''
'cur_time': '2023_12_11_11_42_03'
'debug_mode': False
'debug_num': 500
'do_continue_train': False
'do_figure_save': False
'do_log_print_to_screen': True
'do_log_save_to_file': True
'do_predict': True
'do_train': True
'do_train_visualized': False
'dropout_rate': 0.2
'epoch': 20
'feature_columns': [2, 3, 4, 5, 6, 7, 8]
'figure_save_path': './figure/'
'hidden_size': 128
'input_size': 7
'label_columns': [4, 5]
'label_in_feature_index': [2, 3]
'learning_rate': 0.001
'log_save_path': './log/2023_12_11_11_42_03_pytorch/'
'lstm_layers': 2
'model_postfix': {'pytorch': '.pth'
'keras': '.h5'
'tensorflow': '.ckpt'}
'model_save_path': 'D:\\zcj\\myweb\\teststock\\prediction\\LSTMPredictStock\\saved_models/'
'output_size': 2
'patience': 5
'predict_day': 1
'random_seed': 42
'shuffle_train_data': True
'time_step': 20
'train_data_path': 'D:\\zcj\\myweb\\teststock\\prediction\\LSTMPredictStock\\data/py'
'train_data_rate': 0.95
'use_cuda': False
'used_frame': 'pytorch'
'valid_data_rate': 0.15
2023-12-11 11:42:35,332 - INFO - Epoch 0/20
2023-12-11 11:42:35,653 - INFO - The train loss is 0.712681. The valid loss is 0.298934.
2023-12-11 11:42:35,674 - INFO - Epoch 1/20
2023-12-11 11:42:35,917 - INFO - The train loss is 0.226548. The valid loss is 0.163117.
2023-12-11 11:42:35,922 - INFO - Epoch 2/20
2023-12-11 11:42:36,170 - INFO - The train loss is 0.141707. The valid loss is 0.120685.
2023-12-11 11:42:36,174 - INFO - Epoch 3/20
2023-12-11 11:42:36,414 - INFO - The train loss is 0.095543. The valid loss is 0.086283.
2023-12-11 11:42:36,419 - INFO - Epoch 4/20
2023-12-11 11:42:36,678 - INFO - The train loss is 0.071328. The valid loss is 0.068637.
2023-12-11 11:42:36,682 - INFO - Epoch 5/20
2023-12-11 11:42:36,939 - INFO - The train loss is 0.057032. The valid loss is 0.056008.
2023-12-11 11:42:36,943 - INFO - Epoch 6/20
2023-12-11 11:42:37,202 - INFO - The train loss is 0.047529. The valid loss is 0.047530.
2023-12-11 11:42:37,206 - INFO - Epoch 7/20
2023-12-11 11:42:37,462 - INFO - The train loss is 0.041314. The valid loss is 0.041400.
2023-12-11 11:42:37,467 - INFO - Epoch 8/20
2023-12-11 11:42:37,726 - INFO - The train loss is 0.036611. The valid loss is 0.036548.
2023-12-11 11:42:37,730 - INFO - Epoch 9/20
2023-12-11 11:42:37,989 - INFO - The train loss is 0.032737. The valid loss is 0.032454.
2023-12-11 11:42:37,993 - INFO - Epoch 10/20
2023-12-11 11:42:38,253 - INFO - The train loss is 0.029532. The valid loss is 0.029048.
2023-12-11 11:42:38,258 - INFO - Epoch 11/20
2023-12-11 11:42:38,519 - INFO - The train loss is 0.026860. The valid loss is 0.026088.
2023-12-11 11:42:38,524 - INFO - Epoch 12/20
2023-12-11 11:42:38,785 - INFO - The train loss is 0.024391. The valid loss is 0.023509.
2023-12-11 11:42:38,790 - INFO - Epoch 13/20
2023-12-11 11:42:39,053 - INFO - The train loss is 0.022298. The valid loss is 0.021214.
2023-12-11 11:42:39,059 - INFO - Epoch 14/20
2023-12-11 11:42:39,320 - INFO - The train loss is 0.020328. The valid loss is 0.019201.
2023-12-11 11:42:39,326 - INFO - Epoch 15/20
2023-12-11 11:42:39,590 - INFO - The train loss is 0.018598. The valid loss is 0.017476.
2023-12-11 11:42:39,595 - INFO - Epoch 16/20
2023-12-11 11:42:39,841 - INFO - The train loss is 0.017248. The valid loss is 0.015978.
2023-12-11 11:42:39,846 - INFO - Epoch 17/20
2023-12-11 11:42:40,091 - INFO - The train loss is 0.015988. The valid loss is 0.014666.
2023-12-11 11:42:40,095 - INFO - Epoch 18/20
2023-12-11 11:42:40,333 - INFO - The train loss is 0.014902. The valid loss is 0.013550.
2023-12-11 11:42:40,338 - INFO - Epoch 19/20
2023-12-11 11:42:40,585 - INFO - The train loss is 0.014016. The valid loss is 0.012583.
2023-12-11 11:42:40,600 - INFO - The mean squared error of stock ['low', 'high'] is [0.01749371 0.01804832]
