2023-12-17 00:38:33,731 - INFO - 
Config:
'add_train': False
'batch_size': 64
'continue_flag': ''
'cur_time': '2023_12_17_00_38_19'
'debug_mode': False
'debug_num': 500
'do_continue_train': False
'do_figure_save': False
'do_log_print_to_screen': True
'do_log_save_to_file': True
'do_predict': True
'do_train': True
'do_train_visualized': False
'dropout_rate': 0.2
'epoch': 20
'feature_columns': [2, 3, 4, 5, 6, 7, 8]
'figure_save_path': './figure/'
'hidden_size': 128
'input_size': 7
'label_columns': [4, 5]
'label_in_feature_index': [2, 3]
'learning_rate': 0.001
'log_save_path': './log/2023_12_17_00_38_19_pytorch/'
'lstm_layers': 2
'model_postfix': {'pytorch': '.pth'
'keras': '.h5'
'tensorflow': '.ckpt'}
'model_save_path': 'D:\\zcj\\myweb\\teststock\\prediction\\LSTMPredictStock\\saved_models/'
'output_size': 2
'patience': 5
'predict_day': 1
'random_seed': 42
'shuffle_train_data': True
'time_step': 20
'train_data_path': 'D:\\zcj\\myweb\\teststock\\prediction\\LSTMPredictStock\\data/py'
'train_data_rate': 0.95
'use_cuda': False
'used_frame': 'pytorch'
'valid_data_rate': 0.15
2023-12-17 00:38:34,225 - INFO - Epoch 0/20
2023-12-17 00:38:35,102 - INFO - The train loss is 0.524660. The valid loss is 0.177277.
2023-12-17 00:38:35,128 - INFO - Epoch 1/20
2023-12-17 00:38:35,941 - INFO - The train loss is 0.148320. The valid loss is 0.080453.
2023-12-17 00:38:35,946 - INFO - Epoch 2/20
2023-12-17 00:38:36,745 - INFO - The train loss is 0.069323. The valid loss is 0.047723.
2023-12-17 00:38:36,751 - INFO - Epoch 3/20
2023-12-17 00:38:37,506 - INFO - The train loss is 0.044170. The valid loss is 0.033677.
2023-12-17 00:38:37,512 - INFO - Epoch 4/20
2023-12-17 00:38:38,220 - INFO - The train loss is 0.032770. The valid loss is 0.025684.
2023-12-17 00:38:38,226 - INFO - Epoch 5/20
2023-12-17 00:38:38,919 - INFO - The train loss is 0.025569. The valid loss is 0.020098.
2023-12-17 00:38:38,924 - INFO - Epoch 6/20
2023-12-17 00:38:39,677 - INFO - The train loss is 0.020212. The valid loss is 0.016135.
2023-12-17 00:38:39,684 - INFO - Epoch 7/20
2023-12-17 00:38:40,415 - INFO - The train loss is 0.016398. The valid loss is 0.013188.
2023-12-17 00:38:40,421 - INFO - Epoch 8/20
2023-12-17 00:38:41,077 - INFO - The train loss is 0.013675. The valid loss is 0.011227.
2023-12-17 00:38:41,082 - INFO - Epoch 9/20
2023-12-17 00:38:41,716 - INFO - The train loss is 0.011836. The valid loss is 0.009995.
2023-12-17 00:38:41,721 - INFO - Epoch 10/20
2023-12-17 00:38:42,388 - INFO - The train loss is 0.010865. The valid loss is 0.009232.
2023-12-17 00:38:42,394 - INFO - Epoch 11/20
2023-12-17 00:38:43,038 - INFO - The train loss is 0.010190. The valid loss is 0.008743.
2023-12-17 00:38:43,043 - INFO - Epoch 12/20
2023-12-17 00:38:43,682 - INFO - The train loss is 0.009640. The valid loss is 0.008386.
2023-12-17 00:38:43,687 - INFO - Epoch 13/20
2023-12-17 00:38:44,353 - INFO - The train loss is 0.009251. The valid loss is 0.008057.
2023-12-17 00:38:44,358 - INFO - Epoch 14/20
2023-12-17 00:38:44,987 - INFO - The train loss is 0.008762. The valid loss is 0.007724.
2023-12-17 00:38:44,991 - INFO - Epoch 15/20
2023-12-17 00:38:45,674 - INFO - The train loss is 0.008583. The valid loss is 0.007604.
2023-12-17 00:38:45,679 - INFO - Epoch 16/20
2023-12-17 00:38:46,368 - INFO - The train loss is 0.008191. The valid loss is 0.007371.
2023-12-17 00:38:46,375 - INFO - Epoch 17/20
2023-12-17 00:38:47,091 - INFO - The train loss is 0.008115. The valid loss is 0.007285.
2023-12-17 00:38:47,096 - INFO - Epoch 18/20
2023-12-17 00:38:47,753 - INFO - The train loss is 0.007877. The valid loss is 0.007185.
2023-12-17 00:38:47,758 - INFO - Epoch 19/20
2023-12-17 00:38:48,406 - INFO - The train loss is 0.007642. The valid loss is 0.007054.
2023-12-17 00:38:48,430 - INFO - The mean squared error of stock ['low', 'high'] is [0.00291208 0.00776758]
2023-12-17 00:40:26,585 - WARNING - Early stopping conditioned on metric `val_loss` which is not available. Available metrics are: loss
2023-12-17 00:40:26,586 - WARNING - Can save best model only with val_loss available, skipping.
2023-12-17 00:41:18,458 - WARNING - Early stopping conditioned on metric `val_loss` which is not available. Available metrics are: loss
2023-12-17 00:41:18,459 - WARNING - Can save best model only with val_loss available, skipping.
2023-12-17 00:42:02,667 - WARNING - Early stopping conditioned on metric `val_loss` which is not available. Available metrics are: loss
2023-12-17 00:42:02,668 - WARNING - Can save best model only with val_loss available, skipping.
2023-12-17 00:42:22,766 - WARNING - Early stopping conditioned on metric `val_loss` which is not available. Available metrics are: loss
2023-12-17 00:42:22,766 - WARNING - Can save best model only with val_loss available, skipping.
2023-12-17 00:42:52,976 - WARNING - Early stopping conditioned on metric `val_loss` which is not available. Available metrics are: loss
2023-12-17 00:42:52,976 - WARNING - Can save best model only with val_loss available, skipping.
2023-12-17 00:43:16,380 - WARNING - Early stopping conditioned on metric `val_loss` which is not available. Available metrics are: loss
2023-12-17 00:43:16,381 - WARNING - Can save best model only with val_loss available, skipping.
2023-12-17 00:44:04,978 - WARNING - Early stopping conditioned on metric `val_loss` which is not available. Available metrics are: loss
2023-12-17 00:44:04,978 - WARNING - Can save best model only with val_loss available, skipping.
2023-12-17 00:45:10,810 - WARNING - Early stopping conditioned on metric `val_loss` which is not available. Available metrics are: loss
2023-12-17 00:45:10,811 - WARNING - Can save best model only with val_loss available, skipping.
2023-12-17 00:45:35,484 - WARNING - Early stopping conditioned on metric `val_loss` which is not available. Available metrics are: loss
2023-12-17 00:45:35,485 - WARNING - Can save best model only with val_loss available, skipping.
2023-12-17 00:45:54,660 - WARNING - Early stopping conditioned on metric `val_loss` which is not available. Available metrics are: loss
2023-12-17 00:45:54,661 - WARNING - Can save best model only with val_loss available, skipping.
2023-12-17 00:46:20,050 - WARNING - Early stopping conditioned on metric `val_loss` which is not available. Available metrics are: loss
2023-12-17 00:46:20,052 - WARNING - Can save best model only with val_loss available, skipping.
