2023-12-16 23:44:51,391 - INFO - 
Config:
'add_train': False
'batch_size': 64
'continue_flag': ''
'cur_time': '2023_12_16_23_44_12'
'debug_mode': False
'debug_num': 500
'do_continue_train': False
'do_figure_save': False
'do_log_print_to_screen': True
'do_log_save_to_file': True
'do_predict': True
'do_train': True
'do_train_visualized': False
'dropout_rate': 0.2
'epoch': 20
'feature_columns': [2, 3, 4, 5, 6, 7, 8]
'figure_save_path': './figure/'
'hidden_size': 128
'input_size': 7
'label_columns': [4, 5]
'label_in_feature_index': [2, 3]
'learning_rate': 0.001
'log_save_path': './log/2023_12_16_23_44_12_pytorch/'
'lstm_layers': 2
'model_postfix': {'pytorch': '.pth'
'keras': '.h5'
'tensorflow': '.ckpt'}
'model_save_path': 'D:\\zcj\\myweb\\teststock\\prediction\\LSTMPredictStock\\saved_models/'
'output_size': 2
'patience': 5
'predict_day': 1
'random_seed': 42
'shuffle_train_data': True
'time_step': 20
'train_data_path': 'D:\\zcj\\myweb\\teststock\\prediction\\LSTMPredictStock\\data/py'
'train_data_rate': 0.95
'use_cuda': False
'used_frame': 'pytorch'
'valid_data_rate': 0.15
2023-12-16 23:44:52,244 - INFO - Epoch 0/20
2023-12-16 23:44:53,522 - INFO - The train loss is 0.344642. The valid loss is 0.089346.
2023-12-16 23:44:53,541 - INFO - Epoch 1/20
2023-12-16 23:44:54,793 - INFO - The train loss is 0.055822. The valid loss is 0.035405.
2023-12-16 23:44:54,798 - INFO - Epoch 2/20
2023-12-16 23:44:55,990 - INFO - The train loss is 0.029297. The valid loss is 0.022096.
2023-12-16 23:44:55,996 - INFO - Epoch 3/20
2023-12-16 23:44:57,236 - INFO - The train loss is 0.019800. The valid loss is 0.015741.
2023-12-16 23:44:57,242 - INFO - Epoch 4/20
2023-12-16 23:44:58,636 - INFO - The train loss is 0.014812. The valid loss is 0.012719.
2023-12-16 23:44:58,641 - INFO - Epoch 5/20
2023-12-16 23:45:00,026 - INFO - The train loss is 0.011839. The valid loss is 0.009803.
2023-12-16 23:45:00,031 - INFO - Epoch 6/20
2023-12-16 23:45:01,405 - INFO - The train loss is 0.009973. The valid loss is 0.008925.
2023-12-16 23:45:01,409 - INFO - Epoch 7/20
2023-12-16 23:45:02,580 - INFO - The train loss is 0.008647. The valid loss is 0.007963.
2023-12-16 23:45:02,585 - INFO - Epoch 8/20
2023-12-16 23:45:03,692 - INFO - The train loss is 0.008208. The valid loss is 0.007685.
2023-12-16 23:45:03,696 - INFO - Epoch 9/20
2023-12-16 23:45:04,805 - INFO - The train loss is 0.007372. The valid loss is 0.006835.
2023-12-16 23:45:04,811 - INFO - Epoch 10/20
2023-12-16 23:45:05,931 - INFO - The train loss is 0.006918. The valid loss is 0.006964.
2023-12-16 23:45:05,933 - INFO - Epoch 11/20
2023-12-16 23:45:07,048 - INFO - The train loss is 0.006740. The valid loss is 0.006374.
2023-12-16 23:45:07,053 - INFO - Epoch 12/20
2023-12-16 23:45:08,162 - INFO - The train loss is 0.006688. The valid loss is 0.006439.
2023-12-16 23:45:08,163 - INFO - Epoch 13/20
2023-12-16 23:45:09,286 - INFO - The train loss is 0.006225. The valid loss is 0.006164.
2023-12-16 23:45:09,290 - INFO - Epoch 14/20
2023-12-16 23:45:10,411 - INFO - The train loss is 0.006313. The valid loss is 0.006134.
2023-12-16 23:45:10,416 - INFO - Epoch 15/20
2023-12-16 23:45:11,517 - INFO - The train loss is 0.006554. The valid loss is 0.005964.
2023-12-16 23:45:11,522 - INFO - Epoch 16/20
2023-12-16 23:45:12,635 - INFO - The train loss is 0.005781. The valid loss is 0.005702.
2023-12-16 23:45:12,639 - INFO - Epoch 17/20
2023-12-16 23:45:13,764 - INFO - The train loss is 0.005635. The valid loss is 0.005718.
2023-12-16 23:45:13,765 - INFO - Epoch 18/20
2023-12-16 23:45:14,899 - INFO - The train loss is 0.005706. The valid loss is 0.006259.
2023-12-16 23:45:14,901 - INFO - Epoch 19/20
2023-12-16 23:45:16,091 - INFO - The train loss is 0.005906. The valid loss is 0.005581.
2023-12-16 23:45:16,125 - INFO - The mean squared error of stock ['low', 'high'] is [0.00758474 0.01085681]
2023-12-16 23:55:53,541 - INFO - 
Config:
'add_train': False
'batch_size': 64
'continue_flag': ''
'cur_time': '2023_12_16_23_44_12'
'debug_mode': False
'debug_num': 500
'do_continue_train': False
'do_figure_save': False
'do_log_print_to_screen': True
'do_log_save_to_file': True
'do_predict': True
'do_train': True
'do_train_visualized': False
'dropout_rate': 0.2
'epoch': 20
'feature_columns': [2, 3, 4, 5, 6, 7, 8]
'figure_save_path': './figure/'
'hidden_size': 128
'input_size': 7
'label_columns': [4, 5]
'label_in_feature_index': [2, 3]
'learning_rate': 0.001
'log_save_path': './log/2023_12_16_23_44_12_pytorch/'
'lstm_layers': 2
'model_postfix': {'pytorch': '.pth'
'keras': '.h5'
'tensorflow': '.ckpt'}
'model_save_path': 'D:\\zcj\\myweb\\teststock\\prediction\\LSTMPredictStock\\saved_models/'
'output_size': 2
'patience': 5
'predict_day': 1
'random_seed': 42
'shuffle_train_data': True
'time_step': 20
'train_data_path': 'D:\\zcj\\myweb\\teststock\\prediction\\LSTMPredictStock\\data/py'
'train_data_rate': 0.95
'use_cuda': False
'used_frame': 'pytorch'
'valid_data_rate': 0.15
2023-12-16 23:55:53,541 - INFO - 
Config:
'add_train': False
'batch_size': 64
'continue_flag': ''
'cur_time': '2023_12_16_23_44_12'
'debug_mode': False
'debug_num': 500
'do_continue_train': False
'do_figure_save': False
'do_log_print_to_screen': True
'do_log_save_to_file': True
'do_predict': True
'do_train': True
'do_train_visualized': False
'dropout_rate': 0.2
'epoch': 20
'feature_columns': [2, 3, 4, 5, 6, 7, 8]
'figure_save_path': './figure/'
'hidden_size': 128
'input_size': 7
'label_columns': [4, 5]
'label_in_feature_index': [2, 3]
'learning_rate': 0.001
'log_save_path': './log/2023_12_16_23_44_12_pytorch/'
'lstm_layers': 2
'model_postfix': {'pytorch': '.pth'
'keras': '.h5'
'tensorflow': '.ckpt'}
'model_save_path': 'D:\\zcj\\myweb\\teststock\\prediction\\LSTMPredictStock\\saved_models/'
'output_size': 2
'patience': 5
'predict_day': 1
'random_seed': 42
'shuffle_train_data': True
'time_step': 20
'train_data_path': 'D:\\zcj\\myweb\\teststock\\prediction\\LSTMPredictStock\\data/py'
'train_data_rate': 0.95
'use_cuda': False
'used_frame': 'pytorch'
'valid_data_rate': 0.15
2023-12-16 23:55:53,549 - INFO - Epoch 0/20
2023-12-16 23:55:53,549 - INFO - Epoch 0/20
2023-12-16 23:55:53,603 - INFO - The train loss is 0.543910. The valid loss is 0.639524.
2023-12-16 23:55:53,603 - INFO - The train loss is 0.543910. The valid loss is 0.639524.
2023-12-16 23:55:53,609 - INFO - Epoch 1/20
2023-12-16 23:55:53,609 - INFO - Epoch 1/20
2023-12-16 23:55:53,652 - INFO - The train loss is 0.518498. The valid loss is 0.618698.
2023-12-16 23:55:53,652 - INFO - The train loss is 0.518498. The valid loss is 0.618698.
2023-12-16 23:55:53,657 - INFO - Epoch 2/20
2023-12-16 23:55:53,657 - INFO - Epoch 2/20
2023-12-16 23:55:53,687 - INFO - The train loss is 0.493029. The valid loss is 0.597376.
2023-12-16 23:55:53,687 - INFO - The train loss is 0.493029. The valid loss is 0.597376.
2023-12-16 23:55:53,693 - INFO - Epoch 3/20
2023-12-16 23:55:53,693 - INFO - Epoch 3/20
2023-12-16 23:55:53,724 - INFO - The train loss is 0.466575. The valid loss is 0.575195.
2023-12-16 23:55:53,724 - INFO - The train loss is 0.466575. The valid loss is 0.575195.
2023-12-16 23:55:53,729 - INFO - Epoch 4/20
2023-12-16 23:55:53,729 - INFO - Epoch 4/20
2023-12-16 23:55:53,758 - INFO - The train loss is 0.439329. The valid loss is 0.552425.
2023-12-16 23:55:53,758 - INFO - The train loss is 0.439329. The valid loss is 0.552425.
2023-12-16 23:55:53,763 - INFO - Epoch 5/20
2023-12-16 23:55:53,763 - INFO - Epoch 5/20
2023-12-16 23:55:53,790 - INFO - The train loss is 0.410148. The valid loss is 0.531030.
2023-12-16 23:55:53,790 - INFO - The train loss is 0.410148. The valid loss is 0.531030.
2023-12-16 23:55:53,795 - INFO - Epoch 6/20
2023-12-16 23:55:53,795 - INFO - Epoch 6/20
2023-12-16 23:55:53,827 - INFO - The train loss is 0.379923. The valid loss is 0.517589.
2023-12-16 23:55:53,827 - INFO - The train loss is 0.379923. The valid loss is 0.517589.
2023-12-16 23:55:53,832 - INFO - Epoch 7/20
2023-12-16 23:55:53,832 - INFO - Epoch 7/20
2023-12-16 23:55:53,858 - INFO - The train loss is 0.356228. The valid loss is 0.526986.
2023-12-16 23:55:53,858 - INFO - The train loss is 0.356228. The valid loss is 0.526986.
2023-12-16 23:55:53,859 - INFO - Epoch 8/20
2023-12-16 23:55:53,859 - INFO - Epoch 8/20
2023-12-16 23:55:53,885 - INFO - The train loss is 0.353278. The valid loss is 0.536597.
2023-12-16 23:55:53,885 - INFO - The train loss is 0.353278. The valid loss is 0.536597.
2023-12-16 23:55:53,886 - INFO - Epoch 9/20
2023-12-16 23:55:53,886 - INFO - Epoch 9/20
2023-12-16 23:55:53,919 - INFO - The train loss is 0.360947. The valid loss is 0.520067.
2023-12-16 23:55:53,919 - INFO - The train loss is 0.360947. The valid loss is 0.520067.
2023-12-16 23:55:53,920 - INFO - Epoch 10/20
2023-12-16 23:55:53,920 - INFO - Epoch 10/20
2023-12-16 23:55:53,950 - INFO - The train loss is 0.350231. The valid loss is 0.493123.
2023-12-16 23:55:53,950 - INFO - The train loss is 0.350231. The valid loss is 0.493123.
2023-12-16 23:55:53,954 - INFO - Epoch 11/20
2023-12-16 23:55:53,954 - INFO - Epoch 11/20
2023-12-16 23:55:53,979 - INFO - The train loss is 0.332152. The valid loss is 0.468976.
2023-12-16 23:55:53,979 - INFO - The train loss is 0.332152. The valid loss is 0.468976.
2023-12-16 23:55:53,984 - INFO - Epoch 12/20
2023-12-16 23:55:53,984 - INFO - Epoch 12/20
2023-12-16 23:55:54,013 - INFO - The train loss is 0.316286. The valid loss is 0.450649.
2023-12-16 23:55:54,013 - INFO - The train loss is 0.316286. The valid loss is 0.450649.
2023-12-16 23:55:54,018 - INFO - Epoch 13/20
2023-12-16 23:55:54,018 - INFO - Epoch 13/20
2023-12-16 23:55:54,050 - INFO - The train loss is 0.307675. The valid loss is 0.436430.
2023-12-16 23:55:54,050 - INFO - The train loss is 0.307675. The valid loss is 0.436430.
2023-12-16 23:55:54,057 - INFO - Epoch 14/20
2023-12-16 23:55:54,057 - INFO - Epoch 14/20
2023-12-16 23:55:54,089 - INFO - The train loss is 0.299768. The valid loss is 0.424176.
2023-12-16 23:55:54,089 - INFO - The train loss is 0.299768. The valid loss is 0.424176.
2023-12-16 23:55:54,095 - INFO - Epoch 15/20
2023-12-16 23:55:54,095 - INFO - Epoch 15/20
2023-12-16 23:55:54,126 - INFO - The train loss is 0.295800. The valid loss is 0.412633.
2023-12-16 23:55:54,126 - INFO - The train loss is 0.295800. The valid loss is 0.412633.
2023-12-16 23:55:54,131 - INFO - Epoch 16/20
2023-12-16 23:55:54,131 - INFO - Epoch 16/20
2023-12-16 23:55:54,173 - INFO - The train loss is 0.287806. The valid loss is 0.401434.
2023-12-16 23:55:54,173 - INFO - The train loss is 0.287806. The valid loss is 0.401434.
2023-12-16 23:55:54,179 - INFO - Epoch 17/20
2023-12-16 23:55:54,179 - INFO - Epoch 17/20
2023-12-16 23:55:54,224 - INFO - The train loss is 0.280462. The valid loss is 0.390787.
2023-12-16 23:55:54,224 - INFO - The train loss is 0.280462. The valid loss is 0.390787.
2023-12-16 23:55:54,230 - INFO - Epoch 18/20
2023-12-16 23:55:54,230 - INFO - Epoch 18/20
2023-12-16 23:55:54,272 - INFO - The train loss is 0.273014. The valid loss is 0.381100.
2023-12-16 23:55:54,272 - INFO - The train loss is 0.273014. The valid loss is 0.381100.
2023-12-16 23:55:54,280 - INFO - Epoch 19/20
2023-12-16 23:55:54,280 - INFO - Epoch 19/20
2023-12-16 23:55:54,319 - INFO - The train loss is 0.265439. The valid loss is 0.372602.
2023-12-16 23:55:54,319 - INFO - The train loss is 0.265439. The valid loss is 0.372602.
2023-12-16 23:55:54,332 - INFO - The mean squared error of stock ['low', 'high'] is [0.10516358 0.02027178]
2023-12-16 23:55:54,332 - INFO - The mean squared error of stock ['low', 'high'] is [0.10516358 0.02027178]
2023-12-17 00:02:36,936 - INFO - 
Config:
'add_train': False
'batch_size': 64
'continue_flag': ''
'cur_time': '2023_12_16_23_44_12'
'debug_mode': False
'debug_num': 500
'do_continue_train': False
'do_figure_save': False
'do_log_print_to_screen': True
'do_log_save_to_file': True
'do_predict': True
'do_train': True
'do_train_visualized': False
'dropout_rate': 0.2
'epoch': 20
'feature_columns': [2, 3, 4, 5, 6, 7, 8]
'figure_save_path': './figure/'
'hidden_size': 128
'input_size': 7
'label_columns': [4, 5]
'label_in_feature_index': [2, 3]
'learning_rate': 0.001
'log_save_path': './log/2023_12_16_23_44_12_pytorch/'
'lstm_layers': 2
'model_postfix': {'pytorch': '.pth'
'keras': '.h5'
'tensorflow': '.ckpt'}
'model_save_path': 'D:\\zcj\\myweb\\teststock\\prediction\\LSTMPredictStock\\saved_models/'
'output_size': 2
'patience': 5
'predict_day': 1
'random_seed': 42
'shuffle_train_data': True
'time_step': 20
'train_data_path': 'D:\\zcj\\myweb\\teststock\\prediction\\LSTMPredictStock\\data/py'
'train_data_rate': 0.95
'use_cuda': False
'used_frame': 'pytorch'
'valid_data_rate': 0.15
2023-12-17 00:02:36,936 - INFO - 
Config:
'add_train': False
'batch_size': 64
'continue_flag': ''
'cur_time': '2023_12_16_23_44_12'
'debug_mode': False
'debug_num': 500
'do_continue_train': False
'do_figure_save': False
'do_log_print_to_screen': True
'do_log_save_to_file': True
'do_predict': True
'do_train': True
'do_train_visualized': False
'dropout_rate': 0.2
'epoch': 20
'feature_columns': [2, 3, 4, 5, 6, 7, 8]
'figure_save_path': './figure/'
'hidden_size': 128
'input_size': 7
'label_columns': [4, 5]
'label_in_feature_index': [2, 3]
'learning_rate': 0.001
'log_save_path': './log/2023_12_16_23_44_12_pytorch/'
'lstm_layers': 2
'model_postfix': {'pytorch': '.pth'
'keras': '.h5'
'tensorflow': '.ckpt'}
'model_save_path': 'D:\\zcj\\myweb\\teststock\\prediction\\LSTMPredictStock\\saved_models/'
'output_size': 2
'patience': 5
'predict_day': 1
'random_seed': 42
'shuffle_train_data': True
'time_step': 20
'train_data_path': 'D:\\zcj\\myweb\\teststock\\prediction\\LSTMPredictStock\\data/py'
'train_data_rate': 0.95
'use_cuda': False
'used_frame': 'pytorch'
'valid_data_rate': 0.15
2023-12-17 00:02:36,936 - INFO - 
Config:
'add_train': False
'batch_size': 64
'continue_flag': ''
'cur_time': '2023_12_16_23_44_12'
'debug_mode': False
'debug_num': 500
'do_continue_train': False
'do_figure_save': False
'do_log_print_to_screen': True
'do_log_save_to_file': True
'do_predict': True
'do_train': True
'do_train_visualized': False
'dropout_rate': 0.2
'epoch': 20
'feature_columns': [2, 3, 4, 5, 6, 7, 8]
'figure_save_path': './figure/'
'hidden_size': 128
'input_size': 7
'label_columns': [4, 5]
'label_in_feature_index': [2, 3]
'learning_rate': 0.001
'log_save_path': './log/2023_12_16_23_44_12_pytorch/'
'lstm_layers': 2
'model_postfix': {'pytorch': '.pth'
'keras': '.h5'
'tensorflow': '.ckpt'}
'model_save_path': 'D:\\zcj\\myweb\\teststock\\prediction\\LSTMPredictStock\\saved_models/'
'output_size': 2
'patience': 5
'predict_day': 1
'random_seed': 42
'shuffle_train_data': True
'time_step': 20
'train_data_path': 'D:\\zcj\\myweb\\teststock\\prediction\\LSTMPredictStock\\data/py'
'train_data_rate': 0.95
'use_cuda': False
'used_frame': 'pytorch'
'valid_data_rate': 0.15
2023-12-17 00:02:36,943 - INFO - Epoch 0/20
2023-12-17 00:02:36,943 - INFO - Epoch 0/20
2023-12-17 00:02:36,943 - INFO - Epoch 0/20
2023-12-17 00:02:36,987 - INFO - The train loss is 0.507864. The valid loss is 0.631265.
2023-12-17 00:02:36,987 - INFO - The train loss is 0.507864. The valid loss is 0.631265.
2023-12-17 00:02:36,987 - INFO - The train loss is 0.507864. The valid loss is 0.631265.
2023-12-17 00:02:36,992 - INFO - Epoch 1/20
2023-12-17 00:02:36,992 - INFO - Epoch 1/20
2023-12-17 00:02:36,992 - INFO - Epoch 1/20
2023-12-17 00:02:37,035 - INFO - The train loss is 0.486456. The valid loss is 0.613293.
2023-12-17 00:02:37,035 - INFO - The train loss is 0.486456. The valid loss is 0.613293.
2023-12-17 00:02:37,035 - INFO - The train loss is 0.486456. The valid loss is 0.613293.
2023-12-17 00:02:37,040 - INFO - Epoch 2/20
2023-12-17 00:02:37,040 - INFO - Epoch 2/20
2023-12-17 00:02:37,040 - INFO - Epoch 2/20
2023-12-17 00:02:37,084 - INFO - The train loss is 0.465796. The valid loss is 0.595311.
2023-12-17 00:02:37,084 - INFO - The train loss is 0.465796. The valid loss is 0.595311.
2023-12-17 00:02:37,084 - INFO - The train loss is 0.465796. The valid loss is 0.595311.
2023-12-17 00:02:37,090 - INFO - Epoch 3/20
2023-12-17 00:02:37,090 - INFO - Epoch 3/20
2023-12-17 00:02:37,090 - INFO - Epoch 3/20
2023-12-17 00:02:37,131 - INFO - The train loss is 0.445059. The valid loss is 0.576936.
2023-12-17 00:02:37,131 - INFO - The train loss is 0.445059. The valid loss is 0.576936.
2023-12-17 00:02:37,131 - INFO - The train loss is 0.445059. The valid loss is 0.576936.
2023-12-17 00:02:37,137 - INFO - Epoch 4/20
2023-12-17 00:02:37,137 - INFO - Epoch 4/20
2023-12-17 00:02:37,137 - INFO - Epoch 4/20
2023-12-17 00:02:37,167 - INFO - The train loss is 0.423271. The valid loss is 0.558356.
2023-12-17 00:02:37,167 - INFO - The train loss is 0.423271. The valid loss is 0.558356.
2023-12-17 00:02:37,167 - INFO - The train loss is 0.423271. The valid loss is 0.558356.
2023-12-17 00:02:37,172 - INFO - Epoch 5/20
2023-12-17 00:02:37,172 - INFO - Epoch 5/20
2023-12-17 00:02:37,172 - INFO - Epoch 5/20
2023-12-17 00:02:37,200 - INFO - The train loss is 0.401215. The valid loss is 0.540816.
2023-12-17 00:02:37,200 - INFO - The train loss is 0.401215. The valid loss is 0.540816.
2023-12-17 00:02:37,200 - INFO - The train loss is 0.401215. The valid loss is 0.540816.
2023-12-17 00:02:37,206 - INFO - Epoch 6/20
2023-12-17 00:02:37,206 - INFO - Epoch 6/20
2023-12-17 00:02:37,206 - INFO - Epoch 6/20
2023-12-17 00:02:37,240 - INFO - The train loss is 0.379219. The valid loss is 0.527983.
2023-12-17 00:02:37,240 - INFO - The train loss is 0.379219. The valid loss is 0.527983.
2023-12-17 00:02:37,240 - INFO - The train loss is 0.379219. The valid loss is 0.527983.
2023-12-17 00:02:37,246 - INFO - Epoch 7/20
2023-12-17 00:02:37,246 - INFO - Epoch 7/20
2023-12-17 00:02:37,246 - INFO - Epoch 7/20
2023-12-17 00:02:37,281 - INFO - The train loss is 0.360625. The valid loss is 0.527009.
2023-12-17 00:02:37,281 - INFO - The train loss is 0.360625. The valid loss is 0.527009.
2023-12-17 00:02:37,281 - INFO - The train loss is 0.360625. The valid loss is 0.527009.
2023-12-17 00:02:37,285 - INFO - Epoch 8/20
2023-12-17 00:02:37,285 - INFO - Epoch 8/20
2023-12-17 00:02:37,285 - INFO - Epoch 8/20
2023-12-17 00:02:37,313 - INFO - The train loss is 0.353472. The valid loss is 0.530006.
2023-12-17 00:02:37,313 - INFO - The train loss is 0.353472. The valid loss is 0.530006.
2023-12-17 00:02:37,313 - INFO - The train loss is 0.353472. The valid loss is 0.530006.
2023-12-17 00:02:37,314 - INFO - Epoch 9/20
2023-12-17 00:02:37,314 - INFO - Epoch 9/20
2023-12-17 00:02:37,314 - INFO - Epoch 9/20
2023-12-17 00:02:37,350 - INFO - The train loss is 0.354454. The valid loss is 0.517826.
2023-12-17 00:02:37,350 - INFO - The train loss is 0.354454. The valid loss is 0.517826.
2023-12-17 00:02:37,350 - INFO - The train loss is 0.354454. The valid loss is 0.517826.
2023-12-17 00:02:37,356 - INFO - Epoch 10/20
2023-12-17 00:02:37,356 - INFO - Epoch 10/20
2023-12-17 00:02:37,356 - INFO - Epoch 10/20
2023-12-17 00:02:37,393 - INFO - The train loss is 0.347657. The valid loss is 0.494951.
2023-12-17 00:02:37,393 - INFO - The train loss is 0.347657. The valid loss is 0.494951.
2023-12-17 00:02:37,393 - INFO - The train loss is 0.347657. The valid loss is 0.494951.
2023-12-17 00:02:37,399 - INFO - Epoch 11/20
2023-12-17 00:02:37,399 - INFO - Epoch 11/20
2023-12-17 00:02:37,399 - INFO - Epoch 11/20
2023-12-17 00:02:37,431 - INFO - The train loss is 0.333552. The valid loss is 0.470776.
2023-12-17 00:02:37,431 - INFO - The train loss is 0.333552. The valid loss is 0.470776.
2023-12-17 00:02:37,431 - INFO - The train loss is 0.333552. The valid loss is 0.470776.
2023-12-17 00:02:37,436 - INFO - Epoch 12/20
2023-12-17 00:02:37,436 - INFO - Epoch 12/20
2023-12-17 00:02:37,436 - INFO - Epoch 12/20
2023-12-17 00:02:37,471 - INFO - The train loss is 0.318013. The valid loss is 0.449848.
2023-12-17 00:02:37,471 - INFO - The train loss is 0.318013. The valid loss is 0.449848.
2023-12-17 00:02:37,471 - INFO - The train loss is 0.318013. The valid loss is 0.449848.
2023-12-17 00:02:37,479 - INFO - Epoch 13/20
2023-12-17 00:02:37,479 - INFO - Epoch 13/20
2023-12-17 00:02:37,479 - INFO - Epoch 13/20
2023-12-17 00:02:37,519 - INFO - The train loss is 0.306039. The valid loss is 0.432572.
2023-12-17 00:02:37,519 - INFO - The train loss is 0.306039. The valid loss is 0.432572.
2023-12-17 00:02:37,519 - INFO - The train loss is 0.306039. The valid loss is 0.432572.
2023-12-17 00:02:37,524 - INFO - Epoch 14/20
2023-12-17 00:02:37,524 - INFO - Epoch 14/20
2023-12-17 00:02:37,524 - INFO - Epoch 14/20
2023-12-17 00:02:37,555 - INFO - The train loss is 0.295664. The valid loss is 0.418093.
2023-12-17 00:02:37,555 - INFO - The train loss is 0.295664. The valid loss is 0.418093.
2023-12-17 00:02:37,555 - INFO - The train loss is 0.295664. The valid loss is 0.418093.
2023-12-17 00:02:37,563 - INFO - Epoch 15/20
2023-12-17 00:02:37,563 - INFO - Epoch 15/20
2023-12-17 00:02:37,563 - INFO - Epoch 15/20
2023-12-17 00:02:37,598 - INFO - The train loss is 0.288921. The valid loss is 0.405768.
2023-12-17 00:02:37,598 - INFO - The train loss is 0.288921. The valid loss is 0.405768.
2023-12-17 00:02:37,598 - INFO - The train loss is 0.288921. The valid loss is 0.405768.
2023-12-17 00:02:37,604 - INFO - Epoch 16/20
2023-12-17 00:02:37,604 - INFO - Epoch 16/20
2023-12-17 00:02:37,604 - INFO - Epoch 16/20
2023-12-17 00:02:37,645 - INFO - The train loss is 0.281694. The valid loss is 0.395259.
2023-12-17 00:02:37,645 - INFO - The train loss is 0.281694. The valid loss is 0.395259.
2023-12-17 00:02:37,645 - INFO - The train loss is 0.281694. The valid loss is 0.395259.
2023-12-17 00:02:37,650 - INFO - Epoch 17/20
2023-12-17 00:02:37,650 - INFO - Epoch 17/20
2023-12-17 00:02:37,650 - INFO - Epoch 17/20
2023-12-17 00:02:37,686 - INFO - The train loss is 0.274451. The valid loss is 0.386012.
2023-12-17 00:02:37,686 - INFO - The train loss is 0.274451. The valid loss is 0.386012.
2023-12-17 00:02:37,686 - INFO - The train loss is 0.274451. The valid loss is 0.386012.
2023-12-17 00:02:37,691 - INFO - Epoch 18/20
2023-12-17 00:02:37,691 - INFO - Epoch 18/20
2023-12-17 00:02:37,691 - INFO - Epoch 18/20
2023-12-17 00:02:37,731 - INFO - The train loss is 0.267892. The valid loss is 0.376954.
2023-12-17 00:02:37,731 - INFO - The train loss is 0.267892. The valid loss is 0.376954.
2023-12-17 00:02:37,731 - INFO - The train loss is 0.267892. The valid loss is 0.376954.
2023-12-17 00:02:37,738 - INFO - Epoch 19/20
2023-12-17 00:02:37,738 - INFO - Epoch 19/20
2023-12-17 00:02:37,738 - INFO - Epoch 19/20
2023-12-17 00:02:37,782 - INFO - The train loss is 0.259365. The valid loss is 0.367218.
2023-12-17 00:02:37,782 - INFO - The train loss is 0.259365. The valid loss is 0.367218.
2023-12-17 00:02:37,782 - INFO - The train loss is 0.259365. The valid loss is 0.367218.
2023-12-17 00:02:37,800 - INFO - The mean squared error of stock ['low', 'high'] is [0.15147    0.02398494]
2023-12-17 00:02:37,800 - INFO - The mean squared error of stock ['low', 'high'] is [0.15147    0.02398494]
2023-12-17 00:02:37,800 - INFO - The mean squared error of stock ['low', 'high'] is [0.15147    0.02398494]
2023-12-17 00:03:29,690 - INFO - 
Config:
'add_train': False
'batch_size': 64
'continue_flag': ''
'cur_time': '2023_12_16_23_44_12'
'debug_mode': False
'debug_num': 500
'do_continue_train': False
'do_figure_save': False
'do_log_print_to_screen': True
'do_log_save_to_file': True
'do_predict': True
'do_train': True
'do_train_visualized': False
'dropout_rate': 0.2
'epoch': 20
'feature_columns': [2, 3, 4, 5, 6, 7, 8]
'figure_save_path': './figure/'
'hidden_size': 128
'input_size': 7
'label_columns': [4, 5]
'label_in_feature_index': [2, 3]
'learning_rate': 0.001
'log_save_path': './log/2023_12_16_23_44_12_pytorch/'
'lstm_layers': 2
'model_postfix': {'pytorch': '.pth'
'keras': '.h5'
'tensorflow': '.ckpt'}
'model_save_path': 'D:\\zcj\\myweb\\teststock\\prediction\\LSTMPredictStock\\saved_models/'
'output_size': 2
'patience': 5
'predict_day': 1
'random_seed': 42
'shuffle_train_data': True
'time_step': 20
'train_data_path': 'D:\\zcj\\myweb\\teststock\\prediction\\LSTMPredictStock\\data/py'
'train_data_rate': 0.95
'use_cuda': False
'used_frame': 'pytorch'
'valid_data_rate': 0.15
2023-12-17 00:03:29,690 - INFO - 
Config:
'add_train': False
'batch_size': 64
'continue_flag': ''
'cur_time': '2023_12_16_23_44_12'
'debug_mode': False
'debug_num': 500
'do_continue_train': False
'do_figure_save': False
'do_log_print_to_screen': True
'do_log_save_to_file': True
'do_predict': True
'do_train': True
'do_train_visualized': False
'dropout_rate': 0.2
'epoch': 20
'feature_columns': [2, 3, 4, 5, 6, 7, 8]
'figure_save_path': './figure/'
'hidden_size': 128
'input_size': 7
'label_columns': [4, 5]
'label_in_feature_index': [2, 3]
'learning_rate': 0.001
'log_save_path': './log/2023_12_16_23_44_12_pytorch/'
'lstm_layers': 2
'model_postfix': {'pytorch': '.pth'
'keras': '.h5'
'tensorflow': '.ckpt'}
'model_save_path': 'D:\\zcj\\myweb\\teststock\\prediction\\LSTMPredictStock\\saved_models/'
'output_size': 2
'patience': 5
'predict_day': 1
'random_seed': 42
'shuffle_train_data': True
'time_step': 20
'train_data_path': 'D:\\zcj\\myweb\\teststock\\prediction\\LSTMPredictStock\\data/py'
'train_data_rate': 0.95
'use_cuda': False
'used_frame': 'pytorch'
'valid_data_rate': 0.15
2023-12-17 00:03:29,690 - INFO - 
Config:
'add_train': False
'batch_size': 64
'continue_flag': ''
'cur_time': '2023_12_16_23_44_12'
'debug_mode': False
'debug_num': 500
'do_continue_train': False
'do_figure_save': False
'do_log_print_to_screen': True
'do_log_save_to_file': True
'do_predict': True
'do_train': True
'do_train_visualized': False
'dropout_rate': 0.2
'epoch': 20
'feature_columns': [2, 3, 4, 5, 6, 7, 8]
'figure_save_path': './figure/'
'hidden_size': 128
'input_size': 7
'label_columns': [4, 5]
'label_in_feature_index': [2, 3]
'learning_rate': 0.001
'log_save_path': './log/2023_12_16_23_44_12_pytorch/'
'lstm_layers': 2
'model_postfix': {'pytorch': '.pth'
'keras': '.h5'
'tensorflow': '.ckpt'}
'model_save_path': 'D:\\zcj\\myweb\\teststock\\prediction\\LSTMPredictStock\\saved_models/'
'output_size': 2
'patience': 5
'predict_day': 1
'random_seed': 42
'shuffle_train_data': True
'time_step': 20
'train_data_path': 'D:\\zcj\\myweb\\teststock\\prediction\\LSTMPredictStock\\data/py'
'train_data_rate': 0.95
'use_cuda': False
'used_frame': 'pytorch'
'valid_data_rate': 0.15
2023-12-17 00:03:29,690 - INFO - 
Config:
'add_train': False
'batch_size': 64
'continue_flag': ''
'cur_time': '2023_12_16_23_44_12'
'debug_mode': False
'debug_num': 500
'do_continue_train': False
'do_figure_save': False
'do_log_print_to_screen': True
'do_log_save_to_file': True
'do_predict': True
'do_train': True
'do_train_visualized': False
'dropout_rate': 0.2
'epoch': 20
'feature_columns': [2, 3, 4, 5, 6, 7, 8]
'figure_save_path': './figure/'
'hidden_size': 128
'input_size': 7
'label_columns': [4, 5]
'label_in_feature_index': [2, 3]
'learning_rate': 0.001
'log_save_path': './log/2023_12_16_23_44_12_pytorch/'
'lstm_layers': 2
'model_postfix': {'pytorch': '.pth'
'keras': '.h5'
'tensorflow': '.ckpt'}
'model_save_path': 'D:\\zcj\\myweb\\teststock\\prediction\\LSTMPredictStock\\saved_models/'
'output_size': 2
'patience': 5
'predict_day': 1
'random_seed': 42
'shuffle_train_data': True
'time_step': 20
'train_data_path': 'D:\\zcj\\myweb\\teststock\\prediction\\LSTMPredictStock\\data/py'
'train_data_rate': 0.95
'use_cuda': False
'used_frame': 'pytorch'
'valid_data_rate': 0.15
2023-12-17 00:03:29,699 - ERROR - Run Error
Traceback (most recent call last):
  File "D:\zcj\myweb\teststock\prediction\LSTMPredictStock\pypredic.py", line 238, in main
    data_gainer = Data(config,code)
  File "D:\zcj\myweb\teststock\prediction\LSTMPredictStock\pypredic.py", line 102, in __init__
    self.mean = np.mean(self.data, axis=0)              # 数据的均值和方差
  File "<__array_function__ internals>", line 180, in mean
  File "D:\zcj\myweb\venv\lib\site-packages\numpy\core\fromnumeric.py", line 3474, in mean
    return _methods._mean(a, axis=axis, dtype=dtype,
  File "D:\zcj\myweb\venv\lib\site-packages\numpy\core\_methods.py", line 181, in _mean
    ret = um.true_divide(
TypeError: unsupported operand type(s) for /: 'str' and 'int'
2023-12-17 00:03:29,699 - ERROR - Run Error
Traceback (most recent call last):
  File "D:\zcj\myweb\teststock\prediction\LSTMPredictStock\pypredic.py", line 238, in main
    data_gainer = Data(config,code)
  File "D:\zcj\myweb\teststock\prediction\LSTMPredictStock\pypredic.py", line 102, in __init__
    self.mean = np.mean(self.data, axis=0)              # 数据的均值和方差
  File "<__array_function__ internals>", line 180, in mean
  File "D:\zcj\myweb\venv\lib\site-packages\numpy\core\fromnumeric.py", line 3474, in mean
    return _methods._mean(a, axis=axis, dtype=dtype,
  File "D:\zcj\myweb\venv\lib\site-packages\numpy\core\_methods.py", line 181, in _mean
    ret = um.true_divide(
TypeError: unsupported operand type(s) for /: 'str' and 'int'
2023-12-17 00:03:29,699 - ERROR - Run Error
Traceback (most recent call last):
  File "D:\zcj\myweb\teststock\prediction\LSTMPredictStock\pypredic.py", line 238, in main
    data_gainer = Data(config,code)
  File "D:\zcj\myweb\teststock\prediction\LSTMPredictStock\pypredic.py", line 102, in __init__
    self.mean = np.mean(self.data, axis=0)              # 数据的均值和方差
  File "<__array_function__ internals>", line 180, in mean
  File "D:\zcj\myweb\venv\lib\site-packages\numpy\core\fromnumeric.py", line 3474, in mean
    return _methods._mean(a, axis=axis, dtype=dtype,
  File "D:\zcj\myweb\venv\lib\site-packages\numpy\core\_methods.py", line 181, in _mean
    ret = um.true_divide(
TypeError: unsupported operand type(s) for /: 'str' and 'int'
2023-12-17 00:03:29,699 - ERROR - Run Error
Traceback (most recent call last):
  File "D:\zcj\myweb\teststock\prediction\LSTMPredictStock\pypredic.py", line 238, in main
    data_gainer = Data(config,code)
  File "D:\zcj\myweb\teststock\prediction\LSTMPredictStock\pypredic.py", line 102, in __init__
    self.mean = np.mean(self.data, axis=0)              # 数据的均值和方差
  File "<__array_function__ internals>", line 180, in mean
  File "D:\zcj\myweb\venv\lib\site-packages\numpy\core\fromnumeric.py", line 3474, in mean
    return _methods._mean(a, axis=axis, dtype=dtype,
  File "D:\zcj\myweb\venv\lib\site-packages\numpy\core\_methods.py", line 181, in _mean
    ret = um.true_divide(
TypeError: unsupported operand type(s) for /: 'str' and 'int'
2023-12-17 00:20:55,474 - INFO - D:\zcj\myweb\teststock\pick\views.py changed, reloading.
2023-12-17 00:20:55,474 - INFO - D:\zcj\myweb\teststock\pick\views.py changed, reloading.
2023-12-17 00:20:55,474 - INFO - D:\zcj\myweb\teststock\pick\views.py changed, reloading.
2023-12-17 00:20:55,474 - INFO - D:\zcj\myweb\teststock\pick\views.py changed, reloading.
