2023-12-11 13:55:31,281 - INFO - 
Config:
'add_train': False
'batch_size': 64
'continue_flag': ''
'cur_time': '2023_12_11_13_55_08'
'debug_mode': False
'debug_num': 500
'do_continue_train': False
'do_figure_save': False
'do_log_print_to_screen': True
'do_log_save_to_file': True
'do_predict': True
'do_train': True
'do_train_visualized': False
'dropout_rate': 0.2
'epoch': 20
'feature_columns': [2, 3, 4, 5, 6, 7, 8]
'figure_save_path': './figure/'
'hidden_size': 128
'input_size': 7
'label_columns': [4, 5]
'label_in_feature_index': [2, 3]
'learning_rate': 0.001
'log_save_path': './log/2023_12_11_13_55_08_pytorch/'
'lstm_layers': 2
'model_postfix': {'pytorch': '.pth'
'keras': '.h5'
'tensorflow': '.ckpt'}
'model_save_path': 'D:\\zcj\\myweb\\teststock\\prediction\\LSTMPredictStock\\saved_models/'
'output_size': 2
'patience': 5
'predict_day': 1
'random_seed': 42
'shuffle_train_data': True
'time_step': 20
'train_data_path': 'D:\\zcj\\myweb\\teststock\\prediction\\LSTMPredictStock\\data/py'
'train_data_rate': 0.95
'use_cuda': False
'used_frame': 'pytorch'
'valid_data_rate': 0.15
2023-12-11 13:55:31,676 - INFO - Epoch 0/20
2023-12-11 13:55:32,007 - INFO - The train loss is 0.677833. The valid loss is 0.254900.
2023-12-11 13:55:32,027 - INFO - Epoch 1/20
2023-12-11 13:55:32,283 - INFO - The train loss is 0.212276. The valid loss is 0.151610.
2023-12-11 13:55:32,288 - INFO - Epoch 2/20
2023-12-11 13:55:32,541 - INFO - The train loss is 0.142581. The valid loss is 0.115511.
2023-12-11 13:55:32,547 - INFO - Epoch 3/20
2023-12-11 13:55:32,808 - INFO - The train loss is 0.096946. The valid loss is 0.084483.
2023-12-11 13:55:32,813 - INFO - Epoch 4/20
2023-12-11 13:55:33,068 - INFO - The train loss is 0.071569. The valid loss is 0.067792.
2023-12-11 13:55:33,073 - INFO - Epoch 5/20
2023-12-11 13:55:33,327 - INFO - The train loss is 0.056433. The valid loss is 0.055073.
2023-12-11 13:55:33,332 - INFO - Epoch 6/20
2023-12-11 13:55:33,588 - INFO - The train loss is 0.047068. The valid loss is 0.046439.
2023-12-11 13:55:33,593 - INFO - Epoch 7/20
2023-12-11 13:55:33,853 - INFO - The train loss is 0.040172. The valid loss is 0.040349.
2023-12-11 13:55:33,857 - INFO - Epoch 8/20
2023-12-11 13:55:34,115 - INFO - The train loss is 0.035486. The valid loss is 0.035582.
2023-12-11 13:55:34,120 - INFO - Epoch 9/20
2023-12-11 13:55:34,378 - INFO - The train loss is 0.031888. The valid loss is 0.031751.
2023-12-11 13:55:34,382 - INFO - Epoch 10/20
2023-12-11 13:55:34,644 - INFO - The train loss is 0.028885. The valid loss is 0.028542.
2023-12-11 13:55:34,649 - INFO - Epoch 11/20
2023-12-11 13:55:34,896 - INFO - The train loss is 0.026149. The valid loss is 0.025798.
2023-12-11 13:55:34,901 - INFO - Epoch 12/20
2023-12-11 13:55:35,141 - INFO - The train loss is 0.023964. The valid loss is 0.023265.
2023-12-11 13:55:35,146 - INFO - Epoch 13/20
2023-12-11 13:55:35,386 - INFO - The train loss is 0.021760. The valid loss is 0.021032.
2023-12-11 13:55:35,391 - INFO - Epoch 14/20
2023-12-11 13:55:35,645 - INFO - The train loss is 0.020104. The valid loss is 0.019084.
2023-12-11 13:55:35,649 - INFO - Epoch 15/20
2023-12-11 13:55:35,898 - INFO - The train loss is 0.018386. The valid loss is 0.017331.
2023-12-11 13:55:35,903 - INFO - Epoch 16/20
2023-12-11 13:55:36,155 - INFO - The train loss is 0.016946. The valid loss is 0.015778.
2023-12-11 13:55:36,160 - INFO - Epoch 17/20
2023-12-11 13:55:36,408 - INFO - The train loss is 0.015770. The valid loss is 0.014461.
2023-12-11 13:55:36,413 - INFO - Epoch 18/20
2023-12-11 13:55:36,653 - INFO - The train loss is 0.014699. The valid loss is 0.013250.
2023-12-11 13:55:36,658 - INFO - Epoch 19/20
2023-12-11 13:55:36,898 - INFO - The train loss is 0.013516. The valid loss is 0.012180.
2023-12-11 13:55:36,913 - INFO - The mean squared error of stock ['low', 'high'] is [0.01639616 0.01746282]
2023-12-11 13:55:48,020 - INFO - 
Config:
'add_train': False
'batch_size': 64
'continue_flag': ''
'cur_time': '2023_12_11_13_55_08'
'debug_mode': False
'debug_num': 500
'do_continue_train': False
'do_figure_save': False
'do_log_print_to_screen': True
'do_log_save_to_file': True
'do_predict': True
'do_train': True
'do_train_visualized': False
'dropout_rate': 0.2
'epoch': 20
'feature_columns': [2, 3, 4, 5, 6, 7, 8]
'figure_save_path': './figure/'
'hidden_size': 128
'input_size': 7
'label_columns': [4, 5]
'label_in_feature_index': [2, 3]
'learning_rate': 0.001
'log_save_path': './log/2023_12_11_13_55_08_pytorch/'
'lstm_layers': 2
'model_postfix': {'pytorch': '.pth'
'keras': '.h5'
'tensorflow': '.ckpt'}
'model_save_path': 'D:\\zcj\\myweb\\teststock\\prediction\\LSTMPredictStock\\saved_models/'
'output_size': 2
'patience': 5
'predict_day': 1
'random_seed': 42
'shuffle_train_data': True
'time_step': 20
'train_data_path': 'D:\\zcj\\myweb\\teststock\\prediction\\LSTMPredictStock\\data/py'
'train_data_rate': 0.95
'use_cuda': False
'used_frame': 'pytorch'
'valid_data_rate': 0.15
2023-12-11 13:55:48,020 - INFO - 
Config:
'add_train': False
'batch_size': 64
'continue_flag': ''
'cur_time': '2023_12_11_13_55_08'
'debug_mode': False
'debug_num': 500
'do_continue_train': False
'do_figure_save': False
'do_log_print_to_screen': True
'do_log_save_to_file': True
'do_predict': True
'do_train': True
'do_train_visualized': False
'dropout_rate': 0.2
'epoch': 20
'feature_columns': [2, 3, 4, 5, 6, 7, 8]
'figure_save_path': './figure/'
'hidden_size': 128
'input_size': 7
'label_columns': [4, 5]
'label_in_feature_index': [2, 3]
'learning_rate': 0.001
'log_save_path': './log/2023_12_11_13_55_08_pytorch/'
'lstm_layers': 2
'model_postfix': {'pytorch': '.pth'
'keras': '.h5'
'tensorflow': '.ckpt'}
'model_save_path': 'D:\\zcj\\myweb\\teststock\\prediction\\LSTMPredictStock\\saved_models/'
'output_size': 2
'patience': 5
'predict_day': 1
'random_seed': 42
'shuffle_train_data': True
'time_step': 20
'train_data_path': 'D:\\zcj\\myweb\\teststock\\prediction\\LSTMPredictStock\\data/py'
'train_data_rate': 0.95
'use_cuda': False
'used_frame': 'pytorch'
'valid_data_rate': 0.15
2023-12-11 13:55:48,031 - INFO - Epoch 0/20
2023-12-11 13:55:48,031 - INFO - Epoch 0/20
2023-12-11 13:55:48,295 - INFO - The train loss is 0.756954. The valid loss is 0.362441.
2023-12-11 13:55:48,295 - INFO - The train loss is 0.756954. The valid loss is 0.362441.
2023-12-11 13:55:48,301 - INFO - Epoch 1/20
2023-12-11 13:55:48,301 - INFO - Epoch 1/20
2023-12-11 13:55:48,548 - INFO - The train loss is 0.255889. The valid loss is 0.196286.
2023-12-11 13:55:48,548 - INFO - The train loss is 0.255889. The valid loss is 0.196286.
2023-12-11 13:55:48,554 - INFO - Epoch 2/20
2023-12-11 13:55:48,554 - INFO - Epoch 2/20
2023-12-11 13:55:48,792 - INFO - The train loss is 0.148657. The valid loss is 0.121370.
2023-12-11 13:55:48,792 - INFO - The train loss is 0.148657. The valid loss is 0.121370.
2023-12-11 13:55:48,797 - INFO - Epoch 3/20
2023-12-11 13:55:48,797 - INFO - Epoch 3/20
2023-12-11 13:55:49,037 - INFO - The train loss is 0.096004. The valid loss is 0.081334.
2023-12-11 13:55:49,037 - INFO - The train loss is 0.096004. The valid loss is 0.081334.
2023-12-11 13:55:49,042 - INFO - Epoch 4/20
2023-12-11 13:55:49,042 - INFO - Epoch 4/20
2023-12-11 13:55:49,281 - INFO - The train loss is 0.066030. The valid loss is 0.062633.
2023-12-11 13:55:49,281 - INFO - The train loss is 0.066030. The valid loss is 0.062633.
2023-12-11 13:55:49,287 - INFO - Epoch 5/20
2023-12-11 13:55:49,287 - INFO - Epoch 5/20
2023-12-11 13:55:49,557 - INFO - The train loss is 0.052136. The valid loss is 0.052384.
2023-12-11 13:55:49,557 - INFO - The train loss is 0.052136. The valid loss is 0.052384.
2023-12-11 13:55:49,562 - INFO - Epoch 6/20
2023-12-11 13:55:49,562 - INFO - Epoch 6/20
2023-12-11 13:55:49,820 - INFO - The train loss is 0.043624. The valid loss is 0.044058.
2023-12-11 13:55:49,820 - INFO - The train loss is 0.043624. The valid loss is 0.044058.
2023-12-11 13:55:49,825 - INFO - Epoch 7/20
2023-12-11 13:55:49,825 - INFO - Epoch 7/20
2023-12-11 13:55:50,070 - INFO - The train loss is 0.037311. The valid loss is 0.037573.
2023-12-11 13:55:50,070 - INFO - The train loss is 0.037311. The valid loss is 0.037573.
2023-12-11 13:55:50,075 - INFO - Epoch 8/20
2023-12-11 13:55:50,075 - INFO - Epoch 8/20
2023-12-11 13:55:50,313 - INFO - The train loss is 0.032903. The valid loss is 0.032905.
2023-12-11 13:55:50,313 - INFO - The train loss is 0.032903. The valid loss is 0.032905.
2023-12-11 13:55:50,318 - INFO - Epoch 9/20
2023-12-11 13:55:50,318 - INFO - Epoch 9/20
2023-12-11 13:55:50,558 - INFO - The train loss is 0.029245. The valid loss is 0.029010.
2023-12-11 13:55:50,558 - INFO - The train loss is 0.029245. The valid loss is 0.029010.
2023-12-11 13:55:50,563 - INFO - Epoch 10/20
2023-12-11 13:55:50,563 - INFO - Epoch 10/20
2023-12-11 13:55:50,803 - INFO - The train loss is 0.026272. The valid loss is 0.025807.
2023-12-11 13:55:50,803 - INFO - The train loss is 0.026272. The valid loss is 0.025807.
2023-12-11 13:55:50,808 - INFO - Epoch 11/20
2023-12-11 13:55:50,808 - INFO - Epoch 11/20
2023-12-11 13:55:51,055 - INFO - The train loss is 0.023746. The valid loss is 0.023060.
2023-12-11 13:55:51,055 - INFO - The train loss is 0.023746. The valid loss is 0.023060.
2023-12-11 13:55:51,060 - INFO - Epoch 12/20
2023-12-11 13:55:51,060 - INFO - Epoch 12/20
2023-12-11 13:55:51,312 - INFO - The train loss is 0.021475. The valid loss is 0.020606.
2023-12-11 13:55:51,312 - INFO - The train loss is 0.021475. The valid loss is 0.020606.
2023-12-11 13:55:51,317 - INFO - Epoch 13/20
2023-12-11 13:55:51,317 - INFO - Epoch 13/20
2023-12-11 13:55:51,565 - INFO - The train loss is 0.019546. The valid loss is 0.018497.
2023-12-11 13:55:51,565 - INFO - The train loss is 0.019546. The valid loss is 0.018497.
2023-12-11 13:55:51,570 - INFO - Epoch 14/20
2023-12-11 13:55:51,570 - INFO - Epoch 14/20
2023-12-11 13:55:51,808 - INFO - The train loss is 0.018053. The valid loss is 0.016627.
2023-12-11 13:55:51,808 - INFO - The train loss is 0.018053. The valid loss is 0.016627.
2023-12-11 13:55:51,814 - INFO - Epoch 15/20
2023-12-11 13:55:51,814 - INFO - Epoch 15/20
2023-12-11 13:55:52,051 - INFO - The train loss is 0.016544. The valid loss is 0.015035.
2023-12-11 13:55:52,051 - INFO - The train loss is 0.016544. The valid loss is 0.015035.
2023-12-11 13:55:52,056 - INFO - Epoch 16/20
2023-12-11 13:55:52,056 - INFO - Epoch 16/20
2023-12-11 13:55:52,303 - INFO - The train loss is 0.015002. The valid loss is 0.013672.
2023-12-11 13:55:52,303 - INFO - The train loss is 0.015002. The valid loss is 0.013672.
2023-12-11 13:55:52,307 - INFO - Epoch 17/20
2023-12-11 13:55:52,307 - INFO - Epoch 17/20
2023-12-11 13:55:52,571 - INFO - The train loss is 0.013726. The valid loss is 0.012488.
2023-12-11 13:55:52,571 - INFO - The train loss is 0.013726. The valid loss is 0.012488.
2023-12-11 13:55:52,576 - INFO - Epoch 18/20
2023-12-11 13:55:52,576 - INFO - Epoch 18/20
2023-12-11 13:55:52,830 - INFO - The train loss is 0.013163. The valid loss is 0.011470.
2023-12-11 13:55:52,830 - INFO - The train loss is 0.013163. The valid loss is 0.011470.
2023-12-11 13:55:52,835 - INFO - Epoch 19/20
2023-12-11 13:55:52,835 - INFO - Epoch 19/20
2023-12-11 13:55:53,085 - INFO - The train loss is 0.012210. The valid loss is 0.010695.
2023-12-11 13:55:53,085 - INFO - The train loss is 0.012210. The valid loss is 0.010695.
2023-12-11 13:55:53,096 - INFO - The mean squared error of stock ['low', 'high'] is [0.01231856 0.01157725]
2023-12-11 13:55:53,096 - INFO - The mean squared error of stock ['low', 'high'] is [0.01231856 0.01157725]
